Za³ó¿my na chwilê, ¿e mamy wszystko, czego potrzebujemy. |  Let's assume for a moment that we've got everything we need.

 Jestem sk³onny jej uwierzyæ. |  I'm inclined to believe her.

 Nie przesadzaj! Niczego nie brakuje ci do szczê¶cia. |  Don't exaggerate! You have everything you could wish for.

 We¼ siê w gar¶æ! Najwy¿szy czas, aby¶ rozpocz±³ nowe ¿ycie. |  Pull yourself together! It's about time you began a new life.

 Jak zwykle problem sprowadza siê do pieniêdzy. |  As usual the problem comes down to money.

 Mówi siê, ¿e on zadaje siê z mafi±. |  He's said to be hanging around with the mafia

 Niewa¿ne, poprzestañmy dzisiaj na tym. |  Never mind, let's leave it at that for today.

 Przyjecha³em, aby z³o¿yæ wizytê szefowi. |  I've come to pay a visit to the boss.

 Czy ma pan ochotê na szklaneczkê whisky? |  Do you feel like a glass of whisky?

 Pracowa³em nad tym projektem przez ca³e ¿ycie. |  I've been working on this project for my entire life.

 Niech pan postara siê skoñczyæ to na czas. |  Do your best to finish it in time.

 To nie jest takie ³atwe, jak panu siê wydaje. |  It's not as easy as you think.

 Nie wiem, do czego pan zmierza. |  I don't know what you're getting at.

 Proszê trzymaæ siê faktów. |  Please, stick to the facts.

 Lepiej bêdzie, jak to przemy¶lê. |  I'd better think it over.

 Czy móg³by¶ zamówiæ taksówkê, aby zabra³a mnie z lotniska? |  Could you arrange for a taxi to pick me up from the airport?

 Powszechnie uwa¿a siê, ¿e podró¿e kszta³c±. |  It is generally accepted that travel broadens the mind.

 Gdyby¶ mia³ mieszkaæ zagranic±, który kraj by¶ wybra³? |  If you were to live abroad, which country would you choose?

 Chcia³bym móc spêdziæ kilka miesiêcy na Alasce. |  I'd like to be able to spend a few months in Alaska.

 Twoje ¿yczenie jest dla mnie rozkazem. |  Your wish is my command.

 Proszê upewnij siê, ¿e masz wa¿ny paszport. |  Please make sure that your passport is valid.

 Przyjecha³ pan tutaj w interesach czy dla przyjemno¶ci? |  Are you here for business or pleasure?

 Z ca³ym szacunkiem, uwa¿am, ¿e myli siê pan. |  With all due respect, I think you're wrong.

 W takim razie bêdziesz musia³ zadowoliæ siê tañszym samochodem. |  In that case you'll have to settle for a cheaper car.

 Szuka³em wszêdzie, ale na pró¿no. |  I've searched everywhere but to no avail.

 Je¶li dobrze pamiêtam, mo¿esz dostaæ to u Marshalla. |  If I remember correctly, you can get it at Marshall's.

 Je¶li dobrze rozumiem, jedzenie jest zapewnione? |  If I understand right, the food is provided?

 Z tego co wiem, to biuro podró¿y zawsze wszystko za³atwia. |  For all I know, this travel agency always arranges everything.

 To nieprawda i bêdziesz po prostu musia³ siê z tym pogodziæ. |  That's not true and you'll just have to put up with it.

 Wbrew powszechnemu przekonaniu mo¿na wygraæ z tymi lud¼mi. |  Contrary to popular belief, you can win with these people.

 Nie mo¿na pozwoliæ, aby usz³o im to bezkarnie. |  They mustn't be allowed to get away with it.

 Rozumiesz, o co mi chodzi? |  Do you see what I mean?

 Czy mam przyjemno¶æ rozmawiaæ z panem Johnsonem? |  Do I have the pleasure of speaking to Mr. Johnson?

 Przepraszam, ¿e kaza³em na siebie czekaæ. |  I'm sorry I've kept you waiting.

 Czy móg³by mi pan wy¶wiadczyæ przys³ugê? |  Could you do me a favour?

 Mo¿esz obej¶æ siê bez limuzyny. |  You can do without a limousine.

 To bardzo mi³o z twojej strony. |  It's very kind of you.

 Jutro zapowiada siê ³adny dzieñ. |  It's going to be a nice day tomorrow.

 Przepraszam, nie dos³ysza³em ostatniego zdania. |  I'm sorry, I didn't catch the last sentence.

 Ten ha³as doprowadza mnie do sza³u! |  That noise is driving me crazy!

 Co¶ wa¿nego wylecia³o mi z g³owy. |  Something important slipped my mind.

 Powinienem ju¿ i¶æ. |  I should be going.

 Zamierzamy wytoczyæ proces tej firmie. |  We are going to bring legal action against this company.

 Trzeba przyznaæ, ¿e plan jest doskona³y. |  It must be admitted that the plan is perfect.

 Ostatnimi czasy ciê¿ko dostaæ pracê. |  Jobs are hard to come by these days.

 Aukcja okaza³a siê ogromnym sukcesem. |  The auction turned out to be a tremendous success.

 Z regu³y pieni±dze by³y trzymane w sekretnym miejscu. |  As a rule the money was kept in a secret place.

 Udawa³ przed ¿on±, ¿e wszystko jest w porz±dku. |  He pretended to his wife that everything was fine.

 Ta wiadomo¶æ wszystkich bardzo zaskoczy³a. |  The news came as a great surprise to everyone.

 Kto by pomy¶la³, ¿e on skoñczy w wiêzieniu? |  Who would have thought he'd end up in prison?

 Czy przyszed³by¶ do mnie na obiad w niedzielê? |  Would you like to come over for dinner on Sunday?

 Czy mogê prosiæ pañstwa o uwagê? |  May I have your attention please?

 Wed³ug ekspertów jest to niebezpieczny kryzys. |  According to experts, this is a dangerous crisis.

 Nakre¶lili ponury obraz naszej przysz³o¶ci. |  They have painted a stark picture of our future.

 Rz±d odmawia negocjowania z terrorystami. |  The government refuses to negotiate with terrorists.

 Jak to jest byæ odpowiedzialnym za bezpieczeñstwo pañstwa? |  What's it like to be responsible for the national security?

 Czy to brzmi sensownie? |  Does that seem to make sense?

 To nie jest dobra strategia na d³u¿sz± metê. |  It isn't a good policy in the long term/run.

 Scena rozgrywa siê w ma³ej górskiej wiosce. |  The scene is set in a small mountain village.

 Czy ma Pan/Pani jakie¶ plany na dzisiejszy wieczór? |  Have you made any arrangements for this evening?

 To nie twoja sprawa. |  It's none of your business.

 Bêdê bardzo zajêta przez najbli¿szych kilka tygodni. |  I'll be very busy during the next few weeks.

 Czy mam racjê my¶l±c, ¿e nie chcesz mnie wiêcej widzieæ? |  Am I right in thinking that you don't want to see me again?

 No có¿, po prostu nic do ciebie nie czujê. Jasne? |  Well, I'm just not attracted to you. Get it?

 Od dawna jestem twoim cichym wielbicielem. |  I've been your secret admirer for ages.

 Jest mi to obojêtne. |  I'm indifferent to it.

 Usi³ujê ci powiedzieæ, ¿e nie staæ nas na tê wycieczkê. |  Well, what I'm trying to say is, we can't afford that trip.

 W ostateczno¶ci mogliby¶my sprzedaæ ³ódkê. |  As a last resort we could sell the boat.

 Rób, jak ci siê podoba. |  Do as you like.

 Mam pewne w±tpliwo¶ci co do tej podró¿y. |  I have my doubts about this trip.

 Musisz rozwa¿yæ wszystkie za i przeciw. |  You must weigh the pros and cons.

 Nie mam nic do stracenia. |  I have nothing to lose.

 Musisz siê na co¶ zdecydowaæ. |  You can't have it both ways.

 Niech bêdzie jak chce. |  Be that as it may.

 S±dzê, ¿e ten samochód jest pechowy. |  I think there's a jinx on this car.

 Mog³e¶ zgin±æ g³upcze! |  You might have got killed, you fool!

 Czy nie mog³e¶ byæ trochê bardziej ostro¿ny? |  Couldn't you have been a bit more careful?

 Powiniene¶ by³ zobaczyæ to na w³asne oczy! |  You should have seen it for yourself!

 Dasz sobie radê? |  Can you manage?

 Pojed¼my nad morze dla odmiany. |  Let's go to the seaside for a change.

 Nie bardzo podoba mi siê ten pomys³. |  I'm not too keen on the idea.

 Czy to znaczy, ¿e nie chcesz jechaæ na wakacje? |  Do you mean to say that you don't want to go on holiday?

 Kiedy¶ nie wierzy³em w takie rzeczy. |  I didn't use to believe in such things.

 To kompletna bzdura! |  That's plain nonsense!

 Czy móg³by¶ wstawiæ siê za mn±? |  Could you put in a good word for me?

 Mam wra¿enie, ¿e co¶ przede mn± ukrywasz. |  I get the feeling that you're hiding something from me.

 Czy móg³by¶ wstawiæ siê za mn±? |  I was just saying I was going to take up a job in Ireland.

 Nie chce mi siê robiæ zakupów dla ciebie. |  I can't be bothered to do the shopping for you.

 Pozwól, ¿e powiem to inaczej. Je¶li tam pojedziemy, bêdzie po nas. |  Let me put it in another way, if we go there, we'll be done for.

 Pozory myl±. |  Appearances can be deceptive.

 Chodzi o to, ¿e twoje szanse s± nik³e. |  The point is that your chances are slim.

 Przepraszam, ¿e siê wtr±cam, ale czy mówili¶cie, ¿e mamy d³ugi? |  Sorry to butt in, but did you say we are in debt?

 My¶la³em, ¿e nigdy mi siê to nie uda. |  I thought I'd never make it.

 Nie wiesz przypadkiem, co graj± w kinie? |  Do you happen to know what's on at the cinema?

 Bêdê (dy¿urowa³) przy telefonie dzieñ i noc. |  I'll be on call day and night.

 Najgorsze masz ju¿ za sob±. Rozchmurz siê! |  The worst is behind you. Cheer up!

 Skoñczmy to jak najszybciej zamiast to przeci±gaæ. |  Let's get it over with as soon as possible, rather than drag it out.

 Tak siê spieszê, ¿e wszystko leci mi z r±k. |  I'm in such a hurry that I keep dropping things.

 W³a¶nie s³ysza³em o tym, ale chcia³em siê upewniæ. |  That's what I've heard but I wanted to make sure.

 Wyluzuj siê! Ostatnio jako¶ dziwnie siê zachowujesz. |  Chill out! You've been kind of weird lately.

 A teraz powiedz mi, co ciê gryzie? |  Now tell me, what's eating/bothering you?

 ¯ycie nie zawsze spe³nia nasze oczekiwania. |  Life doesn't always match your expectations.

 Zadzwoni³bym do ciebie z centrum handlowego, ale nie mia³em zasiêgu (w telefonie). |  I would have called you from the (shopping) mall, but I couldn't get a signal.

 Jak mówi powiedzenie, cz³owiek nigdy nie jest za stary, aby siê uczyæ. |  As the saying goes, you're never too old to learn.

 Doceniam twoj± troskê, ale naprawdê nie ma siê o co martwiæ. |  I appreciate your concern, but there's really nothing to worry about.

 Od przybytku g³owa nie boli, przynajmniej tak mówi±. |  Plenty is no plague, at least so they say.

 To ryzykowna sprawa zadawaæ siê z takimi lud¼mi. |  It's risky to run around with people like that.

 Atrakcyjno¶æ tego rozwi±zania le¿y w jego prostocie. |  The appeal of the solution lies in its simplicity.

 Musisz nauczyæ siê akceptowaæ ¶wiat takim, jaki jest. |  You must learn to accept the world as it is.

 Mam jego imiê na koñcu jêzyka. |  His name is on the tip of my tongue.

 Niestety, zupe³nie nie widzisz sedna sprawy. |  You completely miss the point, I'm afraid.

 Kopê lat! (Dawno siê nie widzieli¶my!) Co porabia³e¶? |  Long time no see! What have you been up to?

 Od kilku dni mam urwanie g³owy w pracy. |  I've been having a hectic time at work for the past couple of days.

 Chocia¿ to jest dziecinnie proste, za³o¿ê siê, ¿e on to spartaczy. |  Although this stuff is child's play, I bet he will bungle it.

 Przestañ! Pozabijasz nas jad±c tak szybko. |  Cut it out! You'll kill us driving so fast.

 Nie widzê potrzeby, aby poruszaæ ten temat. |  I don't see any need to bring up this topic.

 Jest jaka¶ szansa, aby dowiedzieæ siê, co oni kombinuj±? |  Any chance of finding out what they are up to?

 Chocia¿ raz powiniene¶ pomy¶leæ o mnie, a nie tylko o sobie. |  At least for once you should think of me and not only of yourself.

 Nie jestem dzisiaj w nastroju do nauki. Jestem wykoñczony. |  I'm not in the mood for studying today. I'm wiped out.

 Wygl±da na to, ¿e maj± wa¿niejsze sprawy na g³owie. |  It looks like they have other fish to fry.

 Z mojego punktu widzenia informacje, które dostali¶my, s± bezu¿yteczne. |  From where I stand, the information we got is useless.

 No ju¿ dobrze. Przecie¿ to nie koniec ¶wiata, prawda? |  There, there. It's not the end of the world, is it?

 Nie mogê siê oprzeæ my¶li, ¿e jest na odwrót. |  I can't help thinking it's the other way (a)round.

 B±d¼my dobrej my¶li, ale przygotujmy siê na najgorsze. |  Let's hope for the best but prepare for the worst.

 Koniec koñców uwa¿am, ¿e nie powinni¶my braæ tego na powa¿nie. |  When all is said and done, I think we shouldn't take it seriously.
