The main character can be briefly characterized as an elderly curmudgeonly man. | G³ównego bohatera mo¿na krótko scharakteryzowaæ jako starszego zrzêdliwego pana.

Kidfluence is an extremely important factor when it comes to the choice of products such as snacks. | Wp³yw dzieci na zakupy dokonywane przez rodziców jest niezwykle istotnym czynnikiem przy wyborze produktów takich jak przek±ski.

The hateration between them is not a problem we could solve. | D³ugotrwa³a nienawi¶æ miêdzy nimi nie jest problemem, który moglibysmy rozwi±zaæ.

The target group are middle-aged women wishing to become neanimorphic super models. | Grup± docelow± s± kobiety w wieku ¶rednim, które pragn± wygl±daæ na m³odsze super modelki.

Placemaking policies in this area should be introduced this year. | Regulacje dotycz±ce uatrakcyjnienia tej okolicy powinny zostaæ wprowadzone w tym  roku. 

We're completely different- I like going out and my sister prefers caving. | Jeste¶my zupe³nie ró¿ne- ja lubiê wychodziæ z domu, a moja siostra woli spêdzaæ czas w domu.

Countless The Beatles completists will be happy to see this CD released. | Niezliczeni kolekcjonerzy- pasjonaci the Beatles z rado¶ci± przyjm± wiadomo¶æ o wydaniu tego CD.

Having failed the exam, she watched the others begrudgingly. | Po tym, jak obla³a test, przygl±da³a siê pozosta³ym zawistnie.

I didn't manage to read the whole novel. I hate such longueurs. | Nie uda³o mi siê przeczytaæ ca³ej powie¶ci. Nie znoszê takich d³u¿yzn.

He's a simple thesp, a bit foolish and rude. | To zwyk³y aktorzyna, trochê g³upi i niegrzeczny.

They were enjoying themselves in luxurious hotels and upscale restaurants. | Dobrze siê bawili w luksusowych hotelach i ekskluzywnych restauracjach.

She's an old, ill, wakerife woman who needs caring  concern. | To stara, bezsenna i chora kobieta, która potrzebuje troskliwej opieki.

The babeldom resounded in the streets of the city. | Na ulicach miasta rozbrzmiewa³ gwar.

The fairy tale was about three funny individuals bummeling through strange places. | Bajka by³a o trzech zabawnych postaciach wêdruj±cych przez dziwne miejsca.

The students appreciated her course- it focused on practical approaches and was free from edubabble. | Studenci docenili jej kurs- koncentrowa³ siê na podej¶ciu praktycznym i by³ wolny od zbêdnego ¿argonu.

He was the greatest teacher I've ever had- he had been teaching fuzzy math long before such approach was introduced into methodology courses. | To by³ najlepszy nauczyciel, jakiego mia³em- uczy³ matematyki koncentruj±c siê na rozwi±zywaniu problemów na d³ugo przed tym, kiedy takie podej¶cie zosta³o wprowadzone do kursów metodycznych.

We definitely should make use of the opportunity which preemption gives. | Powinni¶my koniecznie skorzystaæ z okazji, jak± daje prawo pierwokupu.

This article is rather a tell-some paper than a decent study. | Ten artyku³ jest raczej niepe³nym ni¿ porz±dnym oprcowaniem.

E-mail and other compunications do not always make life easier. | Poczta elektroniczna i inne formy komunikacji oparte o technologiê komputerow± nie zawsze u³atwiaj± ¿ycie.

As an expert in these matters she found it very easy to discern between important facts and inessentials. | Jako ekspert w tego typu sprawach nie mia³a trudno¶ci w rozró¿nieniu wa¿nych faktów od nieistotnych szczegó³ów.

Cybergriping has become an efficient tool used against poor quality of goods. | Narzekanie na produkty firm na stronach internetowych sta³o siê skutecznym narzêdziem przeciwko niskiej jako¶ci towarów.

This biopic was awarded at the festival. | Ten film biograficzny zosta³ nagrodzony na festiwalu.

A teacher should dip-stick his or her students in order to control their progress. | Nauczyciel powinien sprawdzaæ umiejêtno¶ci swoich uczniów, ¿eby kontrolowaæ ich postêpy.

Those vokens make using the Net really time-consuming. | Te animowane obrazki kieruj±ce do reklam sprawiaj±, ¿e korzystanie z sieci jest naprawdê czasoch³onne.

They formed an artistic group and soon specialized in producing killboards. | Stworzyli grupê artystyczn± i wkrótce wyspecjalizowali siê w produkcji billboardów parodiuj±cych reklamy.

Camgirls with their exhibitionistic tendencies  have become a social phenomenon.  | Dziewczyny, które pokazuj± w³asne ¿ycie na stronach internetowych, wraz ze swoimi ekshibicjonistycznymi sk³onno¶ciami, sta³y siê zjawiskiem spo³ecznym.

He gave me a snippy answer and left. | Oschle mi odpowiedzia³ i wyszed³.

I'm not relly keen on such thumb-candies. | Niezbyt lubiê takie gry zrêczno¶ciowe.

I don't think spinach cinema is worth a fig. | Nie s±dzê, ¿eby nudne filmy o warto¶ci edukacyjnej by³y cokolwiek warte.

She's really exhausted. She's got too much off-the-clock work. | Ona jest naprawdê wycieñczona. Ma za du¿o pracy po godzinach.

I was really fed up with his meanderings. | Mia³em naprawdê dosyæ jego glêdzenia.

He fragged all the enemies and won. | Zabi³ wszystkich komputerowych przeciwników i wygra³. 

You are sure to receive lots of directronic ads if you fill in that questionnaire. | Na pewno bêdziesz otrzymywa³ poczt± elektroniczn± mnóstwo reklam kierowanych do danej grupy konsumenckiej, je¶li wype³nisz ten kwestionariusz.

This message is poorly edited and will be flitered- it's just ham. | Ta wiadomo¶æ jest ¼le zredagowana i bêdzie filtrowana- to mail, który zawiera s³owa typowe dla niechcianych wiadomo¶ci.

Before I read my mail, I have to cope with all that spam and barfmails.  | Zanim przeczytam swoj± pocztê, muszê uporaæ siê z tymi wszystkimi niechcianymi mailami i wiadomo¶ciami wysy³anymi do wielu internautów.

I left when they started a fierce argument concerning the sanative power of gemstones . | Wyszed³em kiedy zaczêli gor±cy spór dotycz±cy leczniczych w³a¶ciwo¶ci kamieni szlachetnych.

I'm not gonna have anything from that chippy any more.Avoiding chippy questions is not the best way to solve problems. | Wiêcej nie bêdê jad³ nic z tego sklepu z ryb± i frytkami.Unikanie dra¿liwych pytañ nie jest najlepszym sposobem na rozwi±zywanie problemów.

And finally, when everything's lost, he commits a copicide. | Na koñcu, kiedy wszystko jest stracone, pope³nia sambójstwo prowokuj±c policjê, ¿eby go zastrzelili.

He is extremely self-confident when it comes to school achievements. However, he can't cope with his mates who would eagerly bully him or mock at him. Actually, it's his helicopter mother who makes the situation worse and worse. | Jest nies³ychanie pewny siebie, je¶li chodzi o osi±gniêcia szkolne. Jednak nie mo¿e sobie daæ rady ze swoimi kolegami, którzy najchêtniej znêcaliby siê nad nim albo szydzili z niego. Tak naprawdê to jego nadopiekuñcza matka pogarsza tê sytuacjê.

She watches cutesy soaps on TV. | Ona ogl±da cukierkowate opery mydlane w TV.

She's addicted to spaving and you'll not talk her into buying the furniture she really likes. She's gonna choose the cheapest items. | Ona jest uzale¿niona od kupowania na propmocjach i wyprzeda¿ach i nie namówisz jej na zakup tych mebli, które siê jej podobaj±. Wybierze te najtañsze.

The company will upstaff by several junior executives. | Firma zwiêkszy zatrudnienie o kilku kierowników ni¿szego szczebla.

A yeardisc like this may be an attractive souvenir for the graduates. | Ksiêga szkolna na CD-ROMie mo¿e byæ atrakcyjnym upominkiem dla absolwentów.

Her memoirs are a typical hiss and tell story. | Jej pamiêtniki to typowa historia oe³na pogardy dla jej by³ych partnerów.

She started going out with that nerdish boy. | zaczê³a siê spotykaæ z tym kujonowatym ch³opcem.

My professor is a real leadite and I think it's unfair that she has her students type her articles. | Mój profesor to przeciwnik nowych technologii - i my¶lê, ¿e to nie w porz±dku, ¿e karze swoim studentom przepisywac na komputerze swoje artyku³y.

Sunlighting seemed the only way for him to earn enough. | Wykonywanie pracy zarobkowej podczas zwolnienia wydawa³o mu siê jedynym sposobem na to, ¿eby zarobic wystarczaj±co du¿o.

She decided to leave the city behind and to take part in a mouse race rather than rat race. | Postanowi³a zostawiæ miasto i wzi±æ udzia³ w wy¶cigu myszy a nie szczurów.

He's said to have spent five years in an ashram. | Mówi siê o nim, ¿e spêdzi³ piêæ lat w pustelni.

The professor is not a naive dilettante, so you won't fool him with your pathetic bardolatry. | Profesor nie jest naiwnym dyletantem, nie nabierzesz go wiêc na swój ¿a³osny, nabo¿ny stosunek do Szekspira.

She's so funny in those glitzy clothes! | Ona jest taka zabawna w tych ubraniach na pokaz!

The way she acts is just miserable spoofery. | Sposób, w jaki ona siê zachowuje to tylko ¿a³osne na¶ladownictwo.

I'm not going to ask her for anything any more! You know, I call this kind of attitude small-mindedness. | Nigdy wiêcej o nic jej nie poproszê. Takie nastawienie nazywam ma³ostkowo¶ci±.

If I were you I wouldn't try to save up disregardning shoddiness of these clothes.  | Na twoim miejscu nie próbowa³bym przyoszczêdziæ ignoruj±c bylejako¶æ tych ubrañ.

Take your gubbins and off you go! | Zabieraj swoje klamoty i id¼ st±d!

The guy would be quite handsome if his style weren't so frumpish. | Ten facet by³by ca³kiem przystojny, gdyby nie jego niemodny styl.

Agata's not a perfectly flawless person, but you've got to admit she always proves fair-minded. | Agata nie jest osob± bez wad, ale musisz przyznaæ, ¿e zawsze okazuje siê sprawiedliwa w swych s±dach.

It's just a crapshoot- he may react in any and every way you can think of. | To nieprzewidywalna sytuacja- on mo¿e zareagowac na wiele ró¿nych sposobów.

The The way Tony was trying to recommend that new eatery was not convincing. | Sposób, w jaki Tony stara³ siê poleciæ tê now± restauracjê nie by³ przekonywaj±cy.

Sarah foud rawism a very attractive diet. She's always enthusiastic when it comes to healthy lifestyle, but I think this is an exaggeration. | Sarah uzna³a dietê polegaj±c± na jedzeniu g³ównie surowych owoców za bardzo atrakcyjn±. Ona zawsze entuzjastycznie traktuje zdrowy tryb ¼ycia, ale to chyba przesada.

First of all you should avoid dealing with such dittoheads. | Przede wszystkim powiniene¶ unikaæ kontaktów z osobami bezmy¶lnie zgadzaj±cymi siê ze wszystkim, co siê do nich mówi.

I can't understand thrill-seekers who climb such walls. | Nie rozumiem poszukiwaczy przygód, którzy wspinaj± siê na takie ¶ciany.

Our accountant says she's being threatened by downaging policies. | Nasza ksiêgowa mówi, ¿e zagra¿a jej polityka obni¿ania wieku pracowników.

Two clerks were having a snatchy chat, dealing with the customers at the same time. | Dwie urzêdniczki prowadzi³y przerywan± pogawêdkê, jednocze¶nie obs³uguj±c klientów.

She's been acting as if she wanted to become  a bimbo since she met that politician. | Zachowuje siê, jakby chcia³a staæ siê kobiet± utrzymywan± przez starszego od siebie mê¿czyznê od kiedy pozna³a tego polityka.

He's said to have been a toyboy but I can't believe it. | Mówi±, ¿e on by³ kiedy¶ utzrymankiem, ale nie mogê w to uwierzyæ.

I'm not going to spend my time with those pissheads. I'm going home. | Nie mam zamiaru spêdzaæ czasu z tymi pijakami. Idê do domu.

It was rather romantic and naive to think of 2K1 as a breakthrough. | Romantycznie i naiwnie by³o my¶leæ o roku 2001 jako o prze³omie.

Advertecture is not what impresses me- those pictures are usually both huge and ugly. | Reklamy malowane na ¶cianach nie robi± na mnie wra¿enia- s± zazwyczaj zarówno wielkie, jak i brzydkie.

I've really got enough. Going to ground  is a gross-out and I'm not going to live like that any longer. | Mam naprawdê dosyæ. Ci±g³e ukrywanie siê to obrzydliwo¶æ i nie chcê d³u¿ej ¿yæ w ten sposób.

At first I was afraid I wouldn't get used to hot desking. | Z pocz±tku ba³em siê, ¿e nie przyzyczajê siê do braku sta³ego stanowiska pracy.

How can you stand such a hotchpotch around you? | Jak mo¿esz znosiæ taki ba³agan wokó³?

The  overarching issue was the new security policy. | Najistotniejszym problemem by³y nowe wytyczne dotycz±ce bezpieczeñstwa.

The mourners gathered at his obsequies. | ¯a³obnicy zebrali siê na jego pogrzebie.

My aunt would never wear off-the-peg clothes. | Moja ciotka nigdy nie nosi³aby ubrañ nie szytych na miarê.

He confessed he wasn't familiar with her oeuvre. | Przyzna³ siê, ¿e nie zna³ jej dorobku.

This book is full of off-the-wall humour- you're going to like it. | Ta ksi±¿ka jest pe³na dziwacznego humoru- spodoba ci siê. 

Visitability is what we have to take into consideration when choosing a cinema. | Kiedy wybieramy kino, musimy wzi±æ pod uwagê dostêpno¶æ dla niepe³nosprawnych.

He was described as a poltroon. | Zosta³ opisany jako tchórz.

Why is she going out with that plonker? | Dlaczego ona spotyka siê z tym g³upkiem?

The orotund speech Martin delivered impressed the professor. | Bogata I skomplikowana mowa, któr± wyg³osi³ Martin, zrobi³a wra¿enie na profesorze.

This debate was an infamous example of political mudslinging. | Ta debata by³a nies³awnym przyk³adem politycznego mieszania z b³otem.

She was taken to hospital after the prang. | Po wypadku wziêli j± do szpitala.

I'm definitely not going to wade through this screed.  | Zdecydowanie nie mam zamiaru brn±æ przez ten nudny tekst.

We've had a slap-up lunch on the way - we're not hungry. | Po drodze zjedli¶my dobry, obfity lunch - nie jeste¶my g³odni.

I'd rather not participate in such meetings- all prim and proper, full of gravitas and extremely boring. | Wola³bym nie braæ udzia³u w takich spotkaniach- wszyscy sztywni, formalni i strasznie nudni.

Sally's well known for being jealous- backstabbing is what she's really good at. | Sally jest dobrze znana ze swojej zawi¶ci- naprawdê dobrze jej idzie kopanie do³ków pod innymi.

I hate when she acts like a back seat driver, telling me what to do on the road. | Nie znoszê, kiedy ona zachowuje siê jak osoba kieruj±ca z tylnego siedzenia, która mówi mi, co mam robiæ na drodze. 

The company set a stratospheric standard, which their competitors find difficult to meet.  | Ta firma ustanowi³a bardzo wysoki poziom, który wydaje siê trudny do osi±gniêcia przez konkurencjê.

You can meet a lot of cineastes at the festival. | Na festiwalu mo¿na spotkaæ wielu kinomanów.

Her sons are such sweet munchkins! | Jej synowie to takie kochane dzieciaki!

I met that moo yesterday- she was gossiping again! | Spotka³em wczoraj tê g³upi± krowê- znowu plotkowa³a!

What I found really amusing as far as this script is concerned, were pacy dialogues. | To, co podoba³o mi siê w tym scenariuszu, to ¿ywe dialogi.

I will argue that she's a really brilliant girl, not a simple twinkie. | Upieram siê, ¿e to naprawdê inteligentna dziewczyna, nie zwyk³a gwiazdeczka.

They were slack-jawed, completely confused and unable to  take in the news. | Byli zupe³nie zszokowani, zak³opotani I nie mogli poj±æ tej wiadomo¶ci.

My parents are just lusers when it comes to the Internet. | Moi rodzice to nieudolni u¿ytkownicy Internetu.

I will argue that she's a really brilliant girl, not a simple twinkie. | Upieram siê, ¿e to naprawdê inteligentna dziewczyna, nie zwyk³a gwiazdeczka.

They were slack-jawed, completely confused and unable to  take in the news. | Byli zupe³nie zszokowani, zak³opotani I nie mogli poj±æ tej wiadomo¶ci.

The boys high-fived each other. | Ch³opcy przybili sobie pi±tki.

He's a real sourpuss, his grumbling and moaning is what I can't stand. | On jest strasznym zrzêd±, nie mogê znie¶æ jak gdera i jêczy.

The concert was simply fantafabulous- you should have been there! | Koncert by³ po prostu znakomity- powiniene¶ tam byæ!

You're not going to win with a perspn who is as single-minded as Christine. | Nie wygrasz z osob± tak zdeterminowan± jak Christine.

Peter and his mates were famous for the  rip-roaring parties they used to make. | Peter I jego koledzy byli znani z szalonych imprez, które organizowali.

My aunt was an incredibly elegant lady. She always wore custom-made clothes and the most fashionable shoes.  | Moja ciotka by³a niezwykle eleganck± dam±. Zawsze nosi³a ubrania szyte na miarê i najmodniejsze buty.

The court definitely consisted of flunkies. | Dwór niew±tpliwie sk³ada³ siê z lizusów.

Portafuels of any kind annoy my grandfather. He states people are becomin more and more self-indulgent. | Posi³ki noszone ze sob± denerwuj± mojego dziadka. Twierdzi on, ¿e ludzie coraz bardziej sobie folguj±.

Those young boys don't bother much about the meatspace- they just play computer games and do nothing else. | Ci m³odzi ch³opcy nie przejmuj± siê zbytnio realnym ¶wiatem- oni po prostu graj± w gry komputerowe i  nie robi± nic wiêcej.

Sophie seems an Internot at first, but she does surf the Net when she really needs to. | Sophie sprawia wra¿enie przeciwniczki Internetu, ale serfuje po nim, kiedy tego naprawdê potrzebuje.

She said all those knowbies droning on about the Netiquette were pretty annoying. | Ona powiedzia³a, ¿e ci znawcy Internetu przynudzaj±cy na temat Netykiety s± naprawdê irytuj±cy.

Being a typical egosurfer, Chris would spend hours staring at the screen. | Jako typowa osoba poszukuj±ca wzmianki o sobie w sieci, Chris godzinami wpatruje siê w ekran.

The police arrested the infamous fraudster only yesterday. | Policja zaaresztowa³a tego nies³awnego oszusta dopiero wczoraj.

When I first visited Great Britain, it was really surprising to be suddenly unable to use a mixer tap I was used to. | Kiedy po raz pierwszy pojecha³em do Wielkiej Brytanii, by³em naprawdê zdziwiony nie mog±c u¿ywaæ kranów mieszanych, do których by³em przyzwyczajony.

They'll mike you before you enter the studio. | Przed wej¶ciem do studia przyczepi± ci mikrofon.

You've got to take your chance. You can't be that lily-livered all your life! | Musisz spróbowaæ. Nie mo¿esz byæ taki strachliwy przez ca³e ¿ycie!

I don't think you can trust those chuggers.  | My¶lê, ¿e nie mo¿na ufaæ tym ludziom zbieraj±cym pieni±dze na cele charytatywne na  ulicy.

The disco is usually full of kidults. | Ta dyskoteka jest zazwyczaj pe³na m³odzie¿owców.

Well, I never have time to celebrate meals. I start the day with a nice deskfast reading e-mails and thinking about my work. | Có¿, nie mam czasu na celebrowanie posi³ków. Dzieñ zaczynam od ¶niadania przy biurku, czytaj±c e-maile i my¶l±c o pracy.

She met her wasband at the pary. | Ona spotka³a swojego by³ego mê¿a na przyjêciu.

My parents treat their dog as a furkid. | Moi rodzice traktuj± swojego psa jak dziecko.

She comes from a moneyed family. | Ona pochodzi z zamo¿nej rodziny.

Whenever I enter that school, I come to the conclusion that hearing loss may be an occupational hazard for teachers.  | Ilekroæ wchodzê do tej szko³y, dochodzê do wniosku, ¿e utrata s³uchu mo¿e byæ ryzykiem zawodowym dla nauczycieli.

Henry proved a silver-tongued speaker during the conference. | Podczas konferencji Henry okaza³ siê przekonuj±cym mówc±.

The leader of this party has lots of sheeple to instruct. They do follow him voluntarily. | Lider tej partii ma wielu bezmy¶lnych zwolenników. Oni chêtnie robi± to, co im mówi.

We ought to depart post-haste since the others are waiting. | Powinni¶my wyjechaæ z najwiêkszym po¶piechem, poniewa¿ pozostali czekaj±.

My grandma was a real role model to me.  | Moja babcia by³a dla mnie prawdziwym wzorem do na¶ladowania. 

I was planning to redecorate the living room, but I decided to punt. | Planowa³em odnowiæ pokój, ale postanowi³em z tego zrezygnowaæ

He never finishes anything before the deadline. The problem is he's an arachnerd.  | On nigdy nie koñczy ¿adnego zadania przed ostatecznym terminem. Problem w tym, ¿e za du¿o czasu spêdza serfuj±c po internecie.

Headhunters and career coaches are becoming more and more popular.  | £owcy g³ów i doradcy zawodowi staj± siê coraz bardziej popularni.

She likes travelling with a bookling in her pocket so that she can always have a nice reading. | Ona lubi podró¿owaæ z ma³± ksi±¿eczk± w kieszeni, ¿eby zawsze móc poczytaæ.

Should you have any problems concerning your PC, our concierge will provide help. | Je¶li bêdzie pan mia³ jakiekolwiek problemy zwi±zane z komputerem, nasz pracownik  zajmuj±cy siê tymi kwestiami pomo¿e panu.

They'll all working undertime, sipping coffee and puffing cigarettes. | Oni wszyscy spêdzaj± czas pracy na innych czynno¶ciach, popijaj±c kawê i pal±c papierosy.

Peter hated the job as a journalist- he was expected to mass produce coffee-spitters. | Peter nie znosi³ pracy dziennikarza- oczekiwano od niego masowej produkcji szokuj±cych materia³ów.

They considered TV a real timesuck so they decided to get rid of the box. | Uwa¿ali telewizjê za po¿eracza czasu, wiêc postanowili pozbyæ siê telewizora.

Ula's a leapling, so her birthday is hard to forget about. | Ula urodzi³a siê 29 lutego , wiêc trudno zapomnieæ o jej urodzinach.

What Ewa would be really pleased with is a cutensil of any kind. Once I gave her a crocodile-shaped spaghetti spoon and she was delighted. | Ewa na pewno by³aby zadowolona z jakiego¶ przyrz±du kuchennego o zabawnym wygl±dzie. Raz da³am jej ³y¿kê do spaghetti w kszta³cie krokodyla i by³a zachwycona.

The company decided to put advergames on their site. | Firma postanowi³a umie¶ciæ gry zawieraj±ce reklamy na swojej stronie.

I consider the plan they put forward a half-baked project. | Zaproponowany przez nich plan uwa¿am za niedopracowany.

You have to remember your mom's always half-crazed when you come late at night. | Musisz pamiêtaæ, ¿e twoja mama jest zawsze nieprzytomna ze strachu, kiedy wracasz pó¼no w nocy.

He seemed half-cut when I met him yesterday. | Wydawa³ siê wstawiony, kiedy go wczoraj spotka³am.

I'd rather not stay here- this restaurant is really scuzzy. | Wola³bym st±d wyj¶æ- ta restauracja jest naprawdê obskurna.

The sexy blonde sashayed through the hall. | Seksowna blondynka przesz³a przez korytarz poruszaj±c biodrami.

He's always looking for his eyewear. | On wiecznie szuka swoich okularów.

I can't miss today's episode of my favourite docusoap. | Nie mogê przegapiæ dzisiejszego odcinka mojej ulubionej telenoweli dokumentalnej.

A friend of mine, who is a doc, has been rather tired of hypochondriacs and gorks. | Mój przyjaciel, który jest lekarzem, jest zmêczony hipochondrykami i osobami, których dolegliwo¶ci trudno zdiagnozowaæ.

This tune is like a broken record. I've been humming this earworm for three days though I hate it. | Ta melodia jest jak zaciêta p³yta. Nucê tê piosenkê od trzech dni, chocia¿ jej nie znoszê.

Her unusual behaviour and offbeat ideas astound me. | Jej niezwyk³e zachowanie i dziwaczne pomys³y zdumiewaj± mnie.

Ann's been really nasty. She's been acting as a typical alpha girl. | Ann jest naprawdê wstrêtna. Zachowuje siê jak despotka.

I think what you've written sounds rather off-beam. | Wed³ug mnie to, co napisa³e¶ jest trochê niepoprawne.

Julka's been keen on skiing from the very beginning. She would spend all day on the nursery slope.  | Julka od samego pocz±tku bardzo polubi³a jazdê na nartach. Ca³e dnie spêdza³a na o¶lej ³±czce.

She's been spending her time on navel-gazing and trying to involve everybody else in her problems. | Ona zachowuje siê jak pêpek ¶wiata I próbuje zaanga¿owaæ wszystkich wokó³ w swoje problemy.

Anne is  a natural-born manager and she will cope with this mess easily. | Anne jest urodzonym kierownikiem I z ³atwo¶ci± poradzi sobie z tym ba³aganem.

As an upshifter, she's  going to suffer from a real shock. | Poniewa¿ zmieni³a pracê na bardziej stresuj±c±, prze¿yje wstrz±s.

As long as original records are expensive, bitlegging will be inevitable. | Dopóki oryginalne p³yty bêd± drogie, kopiowanie muzyki z internetu bêdzie nieuniknione.

Kippers are one of social phenomena typical of this decade. | Doros³e dzieci pozostaj±ce w domu rodzinnym stanowi± jedno ze zjawisk spo³ecznych typowych dla tej dekady.

I'm going to dejunk my room, which means removing all the white elephants I've gathered so far. | Mam zamiar uporz±dkowaæ swój pokój, czyli pozbyæ siê wszystkich niepotrzebnych rzeczy, które dot±d uzbiera³em.

Metrosexuals spend a lot of time and money on their appearance.  | Metroseksualni wydaj± mnóstwo pieniêdzy i po¶wiêcaj± du¿o czasu na swój wygl±d.

It is extremely difficult to teach kids that are cudgelled into attending a language course. | Niezwykle trudno jest uczyæ dzieci  zmuszane do uczestnictwa w kursie jêzykowym.

The clothes she wears are pretty phat! | Ubrania, które ona nosi, s± naprawdê modne!

This mobile is a hand-me-up from my son. He thought it was old-fashioned. | Ten telefon komórkowy zosta³ mi oddany przez syna. Uwa¿a³, ¿e jest ju¿ niemodny.

This mobile is a hand-me-up from my son. He thought it was old-fashioned. | Ten telefon komórkowy zosta³ mi oddany przez syna. Uwa¿a³, ¿e jest ju¿ niemodny.

I wonder how those elderweds get on with each other. | Zastanawiam siê, jak uk³ada siê tej starszej parze.

Paul is a perfect manny. | Paul to doskona³a niania.

The parents from the school I visited made a bad impression on me. They just kept on bragging about their trophy kids.  | Rodzice ze szko³y, któr± odwiedzi³am, zrobili na mnie z³e wra¿enie. Po prostu przechwalali siê swoimi dzieæmi.

The candidates for the post are required to have hands-on computing experience. | Od kandydatów na to stanowisko oczekuje siê praktycznego do¶wiadczenia w pracy z komputerem.

The minds-on laboratory classes she conducts are extremely popular with students. | Intelektualnie absorbuj±ce zajêcia w laboratorium, które ona prowadzi, ciesz± siê wielk± popularno¶ci± u studentów.

Most Internet users admit experiencing Web rage. | Wiêkszo¶æ osób korzystaj±cych z internetu przyznaje, ¿e do¶wiadcza zwi±zanej z tym frustracji.

I try to avoid his company. He's a tiresome witling. | Staram siê unikaæ jego towarzystwa. Jest mêcz±cy i wydaje mu siê, ¿e jest dowcipny.

His latest film was labelled as an unoriginal, predictable warmedy.   | Jego ostatni film zosta³ zaklasyfikowany jako pozbawiona oryginalno¶ci, przewidywalna komedia familijna

She was the producer of  this zitcom.  | Ona by³a producentem tego m³odzie¿owego sitcomu.

Being a perfect antirube, he was really envious whenever any of his colleagues achieved better results in computing. | Jako zwolennik najnowszych technologii komputerowych, zazdro¶ci³ swoim kolegom, ilekroæ osi±gali lepsze wyniki w pracy z komputerem.

She's going out with that himbo again. I wonder what she sees in him. | Ona znowu chodzi z tym atrakcyjnym g³upkiem. Ciekawe, co ona w nim widzi.

New lifestyle magazines aim at screenagers, being a potentially attractive target group.  | Nowe magazyny po¶wiêcone stylowi ¿ycia s± skierowane do pokolenia ekranu, stanowi±cego potencjalnie atrakcyjn± grupê docelow±.

Advertising campaigns are to blame for nico-teen addicts.  | Kampanie reklamowe ponosz± winê za nastolatków uzale¿nionych od nikotyny.

The term 'trolleyology' was coined by American anthropologists. | Wyra¿enie 'wózkologia' zosta³o ukute przez amerykañskich antropologów.

The guys started to kick him and one of them headbutted him hard. | Ci ludzie zaczêli go kopaæ, a jeden z nich uderzy³ go mocno g³ow±.

The whole play turned out hopeless. The plot was simplistic, to say nothing of the luvvy playing the title role. | Ca³a sztuka okaza³a siê beznadziejna. Fabu³a by³a prostacka, nie mówi±c o tym sztucznie graj±cym aktorze w tytu³owej roli.

She wished to consider only the top-of-the-range models. | Chcia³a braæ pod uwagê jedynie najdro¿sze modele.

His non-appearance at work could only mean dismissal.  | Jego niestawienie siê w pracy mog³o oznaczaæ tylko zwolnienie.

Nowadays, octogenarians can lead an interesting life provided they have enough money. | Dzisiaj osiemdziesiêciolatkowie mog± prowadziæ interesuj±ce ¿ycie, pod warunkiem, ¿e maj± dostatecznie du¿o pieniêdzy.

I've been worrying about Peter. He seems raddled and is working too much. | Martwiê siê o Piotra. Wygl±da na bardzo zmêczonego i za du¿o pracuje.

He tends to steamroller his employees into doing things they don't approve of. As a boss, he's a typical steamroller. | On na ogó³  zmusza swoich pracowników do robienia rzeczy, których nie akceptuj±.

They are the vctims of a few dupers. | Oni s± ofiarami kilku oszustów.

This movie was sanitized, which, of course, made it lose its message. | Ten film zosta³ ocenzurowany, co oczywi¶cie sprawi³o, ¿e straci³ swój przekaz.

Most books by this author are harmful stuff - cacodoxy and lies. | Wiêkszo¶æ ksi±¿ek tego autora to szkodliwe rzeczy- herezje i k³amstwa.

Susan's experience and knowledge were appreciated and she  was asked to become an e-mentor. She's going to advise younger teachers. | Do¶wiadczenie i wiedza susan zosta³y docenione i poproszono j±, by zosta³a osob±, która doradza innym za po¶rednictwem internetu. Bêdzie udziela³a porad m³odszym nauczycielom.

To be honest, I call that whole 'research' banalysis. | Szczerze mówi±c nazywam to ca³e 'badanie' banaln± pseudo-analiz±.

The book has no real message- it's simply bathos. | Ta ksi±¿ka nie ma ¿adnego prawdziwego przes³ania- to po prostu sztuczny patos.

Journalists wondered whether the weird volume was a sort of modern grimoire. | Dzienikarze zastanawiali siê, czy ten dziwny tom to jaka¶ wspó³czesna ksiêga czarów.

The company hires many boomerangs who are laid off when not needed. | Firma zatrudnia wielu pracowników- bumerangi, którzy s± tymczasowo zwalniani, kiedy nie s± potrzebni.

The managers have decided to revector certain points in the business plan. | Kierownicy postanowili zmieniæ pewne punkty biznes planu.

Bartek was fond of the windable toy car. | Bartek by³ zadowolony z nakrêcanego samochodzika.

The mucus troopers who have been surveyed claim they didn't want to disappoint their employees. | Ankietowani pracownicy obecni w firmie mimo choroby twierdz±, ¿e nie chcieli zawie¶æ pracodawcy.

The president set off to start his fence-mending mission. | Prezydent wyruszy³ ze swoj± misj± poprawiaj±c± stosunki miêdzy zwa¶nionymi stronami.

He can't get down to reading without deboning his magazine. | On nie mo¿e zacz±æ czytaæ, zanim nie usunie wszystkich zbêdnych wk³adek z czasopisma.

The weather-beaten sign read "Hairdresser", but the salon had been closed a year ago. | Na podniszczonym przez deszcz i wiatr szyldzie by³o napisane "Fryzjer", ale salon zosta³ zamkniêty rok temu.

There is a huge gap between those who discuss and criticise matters concerning globalisation and globophobes. | Istneje przepa¶æ miêdzy tymi, którzy dyskutuj± i krytykuj± problemy zwi±zane z globalizacj± i globofobami.

You need to footslog if you want these paper-pushers to do anything for you. | Musisz siê nachodziæ, je¶li chcesz, ¿eby ci biurokraci zrobili co¶ dla ciebie.

If she's stupid enough to call Anais Nin's diaries an autopathobiography, there's no point in talking to her. | Je¶li ona jest na tyle g³upia, ¿eby nazywaæ dzienniki Anais Nin "autopatobiografi±", nie ma sensu z nia rozmawiaæ.

Managing the beforemath is the key to success. | Radzenie sobie z pierwotnym stanem rzeczy to klucz do sukcesu.

This novel is full of in - jokes so without some background knowledge you won't really enjoy it. | Ta powie¶æ jest pe³na ¿artów ¶rodowiskowych, wiêc je¶li nie masz wiedzy (na temat tego ¶rodowiska), nie bêdzie ci siê podoba³a.

I've missed that credit cookie and they're telling me it was great. | Przegapi³em tê scenê koñcow±, która odbywa³a siê podczas napisów koñcowych, a oni mówi±, ¿e by³a ¶wietna.

The band have recorded a few torch songs. | Ten zespó³ nagra³ kilka rzewnych piosenek.

I can't admit this movie is, as the review says, "wrenchingly moving"- I found it boring and trivial. | Nie mogê przyznaæ , ¿e ten film jest, jak napisano w recenzji, "bole¶nie poruszaj±cy"- uwa¿am, ¿e jest nudny i trywialny.

The way he acted muzzed us completely. | Sposób, w jaki siê zachowa³ kompletnie nas sko³owa³.

She woke up at the tinkly sound coming from the kitchen. | Obudzi³ j± d¼wiêczny odg³os dochodz±cy z kuchni.

He remained unnervingly quiet during the whole discussion. | By³ niepokoj±co cichy przez ca³± dyskusjê.

She felt a bit lightheaded and had to rest for a while. | Poczu³a siê trochê oszo³omiona i musia³a przez chwilê odpocz±æ.

Equal rights for everybody" was the party's rallying cry. | "Równe prawa dla wszystkich" to okrzyk bojowy tej partii.

He is famous for  the successful action of rewilding numerous animals and protecting endagered species. | On jest znany z udanej akcji przywrócenia wielu zwierz±t do ich naturalnego ¶rodowiska i ochrony zagro¿onych gatunków.

She's a typical do-it-herselfer but she can't cook. | Ona wykonuje wszystkie naprawy w domu, ale nie umie gotowaæ.

The Robinsons are going for a familymoon next week. | Robinsonowie jad± w przysz³ym tygodniu na miesi±c miodowy z dzieæmi.

I hate such shallow weepies. | Nie znoszê takich p³ytkich wyciskaczy ³ez.

She read the nursery rhyme in a singsomg tone. | Przeczyta³a wierszyk dla dzieci melodyjnym tonem.

V-commerce seems to be another way of making shopping easier. | Sprzeda¿ z u¿yciem nagrañ wydaje siê jeszcze jednym sposobem na u³atwienie zakupów.

All these dirty-white-collar cases make me lose faith in justice. | Te wszystkie przypadki korupcji w¶ród urzêdników sprawiaj±, ¿e trace wiarê w sprawiedliwo¶æ.

A friend in need is a friend indeed and I'm telling you she's gonna turn out a frienemy sooner or later. | Prawdziwych przyjació³ poznaje siê w biedzie, i mówiê ci, ¿e ona oka¿e siê prêdzej czy pó¼niej fa³szyw± przyjació³k±.

The shrink-wrapped bundle of notes was the evidence. | stos banknotów zwiniêty w plastik kurcz±cy siê pod wp³ywem temperatury stanowi³ dowód.

The star refused to act in sex scenes, so a body double had to be found. | Gwiazda odmówi³a wystêpowania w scenach erotycznych, trzeba wiêc by³o znale¼æ dublerkê.

At the meeting we discussed the idea of cleaning up brownfields in the area. | Podczas spotkania dyskutowali¶my na temat pomys³u oczyszczania zanieczyszczonych terenów przemys³owych.

Jack's been suffering from mouse wrist. | Jack cierpi na ból nadgarstka spowodowany u¿ywaniem myszy.

My grandma used a lot of trreware in her kitchen. She wasn't capable of preparing soup without a wooden spoon. | Moja babcia u¿ywala w kuchni wielu przy¿±dów z drewna. Nie by³a w stanie ugotowac zupy bez drewnianej ³y¿ki.

I tend to have dizzy spells in the morning. | Rano zdarzaj± mi siê zawroty g³owy

She was sullenly droning on the anticipated outcome of the whole situation. | Ponuro przynudza³a na teamat przewidywanego wyniku ca³ej sytuacji.

The old woman lived in a dilapidated dwelling, which must have been a luxury house decades ago. | Staruszka mieszka³a w wal±cym siê mieszkaniu, które kilkadziesi±t lat temu musia³o byc luksusowym domem. 

Funny Games" was a movie of nail-biting tension. | "Funny Games" by³ filmem pe³nym stanu niepewno¶ci i napiêcia.

Their main misgiving was that the project wouldn't be completed. | Ich g³ówn± obaw± by³o to, ¿e projekt nie zostanie skoñczony.

To my bemusement it turned out the documents hadn't been handed in by the manager yet. | Ku mojemu zak³opotaniu okaza³o siê, ¿e kierownik nie dorêczy³ jeszcze dokumentów.

I've become a real sleep camel lately. I never get up before ten on a Saturday. | Zacz±³em ostatnio nadrabiaæ brak snu w weekendy. Nigdy nie wstajê przed dziesi±t± w sobotê.

Snakeheads leading people from China to Hong Kong are hunted for in the are. | W tej okolicy poluj± na przemytników, którzy przeprowadzaj± imigrantów z Chin do Hong Kongu.

Different cultures, erstwhile separate and self-sufficient, are infiltrating one another. | Ró¿ne kultury, niegdy¶ oddzielne i samowystarczalne, przenikaj± siê nawzajem.

It was a heartwrenchingly sad story. | To by³a bole¶nie smutna historia.

Peter's a real swashbuckler. | Peter to zwyk³y zawadiaka.

I'm fed up with all that humbuggery. | Mam dosyæ ca³ej tej blagi.

The building filled with mephitic gases. | Budynek wype³ni³y truj±ce gazy.

In my opinion, e-cruitment will be more and more popular. | Moim zdaniem rekrutacja pracowników za pomoc± internetu bêdzie stawa³a siê coraz bardziej popularna.

She told us about her revelatory experience. | Opowiedzia³a nam o swoim  odkrywczym do¶wiadczeniu.

That man with a scraggly beard is my teacher. | Ten mê¿czyzna o sk±pym zaro¶cie to mój nauczyciel.

His lippy remarks really annoy the teachers. | Jego pe³ne lekcewa¿enia uwagi irytuj± nauczycieli.

She looked at the others shiftily. | Spojrza³a przebiegle na pozosta³ych.

The presence of VIPs will definitely add luster to the ball. | Obecno¶æ VIP-ów z pewno¶ci± doda splendoru balowi.

I suppose it was  a face-saving gesture. | Przypuszczam, ¿e by³ to gest pozwalaj±cy zachowaæ twarz.

The producers organized a fanfic competition. | Producenci zorganizowali konkurs dla fanów pisz±cych fabu³ê filmu.

Try to understand you're not in a no-win situation- something can still be done. | Postaraj siê zrozumiec, ¿e nie jeste¶ w beznadziejnej sytuacji- wci±¿ co¶ mo¿na zrobiæ.

I know you don't like Michael, but you must admit he outbraves everybody in the class. | Wiem, ¿e nie lubisz Michael'a, ale musisz przyznaæ, ¿e przewy¿sza odwag± wszyskich w klasie.

Poor organization has lead to complete huggermugger during the final exam. | S³aba organizacja doprowadzi³a do kompletnego zamieszania podczas egzaminu koñcowego.

Hardscrabble soil and harsh climate don't make it easy to live here. | Nieurodzajna gleba i przykry klimat nie czyni± ¿ycia tutaj ³atwym.

If I were you, I wouldn't even try talking to that cloddish jerk. | Na twoim miejscu nawet nie próbowa³bym rozmawiaæ z tym bêcwa³owatym durniem.

I really hate that goody-two-shoes. | Naprawdê nie znoszê tego lizusa.

Meg surveyed the customers of the new kiddydrome. | Meg przeprowadza³a ankiety w¶ród klientów nowego domu towarowego dla dzieci.

The author develops an excoriating view on the issue. | Autor rozwija bardzo krytyczny pogl±d na to zagadnienie.

Anonymice deserve no respect. | Autorzy anonimów nie zas³uguj± na szacunek.

These shots were taken with a crittercam. | Te ujêcia zosta³y zrobione przy pomocy kamery przypiêtej zwierzêciu.

Where's that doodad, you know, I've got to open the can... | Gdzie ten wichajster, rozumiesz, muszê otworzyæ puszkê...

The costs of renovation is what you can offset against tax. | Koszta renowacji mo¿esz odliczyæ od podatku (zrównowa¿yæ odliczaj±c od podatku).

Harry used to work as a pitchman with a local TV station. | Harry pracowa³ jako prezenter reklam w lokalnej stacji telewizyjnej.

All those imeldific rich should learn about real problems. | Ci wszyscy ekstrawaganccy bogacze powinni poznaæ prawdziwe problemy.

The park has been occupied by a group of bindlestiffs. | Park zajmuje grupka w³óczêgów nosz±cych przy sobie swój dobytek.

They might as well introduce nap nooks in our office! | Mogliby te¿ wprowadziæ pokoje przeznaczone do drzemki do naszego biura!

Her wish forever remained delitescent. | Jej ¿yczenie na zawsze pozosta³o ukryte.

I'll never understand those guys- headbanging just makes me laugh. | Nigdy ich nie  zrozumiem- potrz±sanie g³ow± w rytm muzyki po prostu mnie ¶mieszy.

She's pursuing a great career as a slanguist. | Ona ma przed sob± wspania³± karierê jêzykoznawcy zajmuj±cego siê slangiem.

We got stuck in a pedlock and didn't know what to do. | Utknêli¶my w t³umie pieszych i nie wiedzieli¶my, co robiæ.

John and Paul have been carpooling ever since we moved here. | John i Paul podwo¿± siê wzajemnie do pracy od kiedy tu siê sprowadzili¶my.

She says the papoose is much more comfortable than the pram. | Ona twierdzi, ¿e nosid³o jest znacznie wygodniejsze ni¿ wózek.

She states she's experiencing e-mail fatigue. | Twierdzi, ¿e do¶wiadcza przemêczenia spowodowanego nadmiarem e-maili.

Talking to that grump is what I can't stand. | Nie znoszê rozmów z tym zrzêd±.

No wonder you're in trouble- I told you to beware of those curbsiders! | Nic dziwnego, ¿e masz k³opoty- mówi³em ci, ¿eby¶ uwa¿a³ na tych sprzedawców samochodów- oszustów!

Those advertorials deceive elder people. | Reklamy zaprojektowane na wzór artyku³ów zwodz± starszych ludzi.

The transmissions must have been garbled due to a poor communication system. | Transmisje musia³y zostaæ zak³ócone na skutek z³ego systemu komunikacji.

Bob's an antiskeptic, so you can fool him easily. | Bob wszystkiemu daje wiarê, wiêc ³atwo go nabraæ.

The inhabitants decided to get rid of wildposting put on their building. | Mieszkañcy postanowili pozbyæ siê plakatów i reklam umieszczanych na ich budynku.

Henry's a real babydult- he keeps on playing with railway models. | Henry ma wci±¿ zami³owanie do zabawek dla ma³ych dzieci- bawi siê dziecinn± kolejk±.

A group of gastronauts was waiting for my special dish. | Grupa osób otwartych na do¶wiadczenia kulinarne czeka³a na moje danie specjalne.

I never supposed he's so ditsy. | Nigdy nie s±dzi³em, ¿e on jest tak g³upi.

The salesman turned a blind eye on the famine theft and therefore it wasn't reported to the police. | Sprzedawca przymkn±³ oko na kradzie¿ spowodowan± nêdz± i dlatego czyn ten nie zosta³ sprawozdany policji.

Children tend to love such cinemads. | Dzieci zazwyczaj przepadaj± za takimi "serialowymi" reklamami.

We've been bagonizing for ages- it must have been  lost, I'm afraid. | Czekamy na baga¿ od dawna- obawiam siê, ¿e zgin±³.

The reason why the precious hackint hasn't been revealed remains unknown. | Nie wiadomo, dlaczego ta cenna informacja zdobyta przez w³amanie do systemu komputerowego nie zosta³a ujawniona.

His auteurist production won't be comprehended or appreciated. | Jego autorska produkcja nie zostanie zrozumiana ani doceniona.

She participated in dancesport tournaments. | Uczestniczy³a w turniejach tanecznych.

Those hothead truckonauts proved rather boring- there's nothing you could talk about with them unless you're into cars and boats. | Ci pasjonaci przerabiaj±cy samochodzy na ³odzie okazali siê raczej nudni- nie znajdziesz z nimi zadnego wspólnego tematu, chyba ¿e interesuj± ciê samochody i ³ódki.

I love James Bond and all his derring-do. | Uwielbiam James'a Bond'a i wszystkie jego brawurowe czyny.

We had a long gabfest with the Johnsons. | Mieli¶my d³ug± prywatn± rozmowê z Johnson'ami.

John claims his brother is a really difficile person. | John twierdzi, ¿e jego brat jest osob± bardzo trudn± w po¿yciu.

He's been occupying the multigym for an hour. | On od godziny zajmuje wielofunkcyjny przyrz±d gimnastyczny.

It's typically C2C commerce. | To typowy handel konsument- konsument.

They've been importing some pasteboard goods as far as I know. | O ile wiem, oni importuj± jakie¶ tandetne towary.

All I need is a natter with a circle of friends to chher me up a little bit. | Potrzebujê tylko pogawêdki z paroma przyjaciólmi, ¿eby trochê poprawiæ sobie nastrój.

A few years ago Anna and I were drinking beer in that pub. It was full of elderly men wearing bar-code hairstyles trying to pick us up! | Parê lat temu pi³y¶my z Ann± piwo w tym pubie. By³o tam pe³no starszych panów w zaczeskach próbuj±cych nas poderwaæ!

I'm not going to get involved in agonisms. | Nie bêdê anga¿owaæ siê w agresywne, irracjonalne spory.

She always thinks carefully what could be her braggables before meeting her friends- what a smoothie! | Zawsze dok³adnie zastanawia siê nad powodami do przechwa³ek  zanim spotka siê ze znajomymi- co za pozerka!

Fleshmeets are what he always avoids. | On zawsze unika spotkañ w "realu". 

They've been living in their chintzy flatlet for ages now. | Od wieków mieszkaj± w swoim nadmiernie przytulnym mieszkanku.

If she really prefers to downshift, you should respect her choice. | Je¶li ona naprawdê chce zmieniæ pracê na mniej stresuj±c± i mniej p³atn±, powiniene¶ uszanowaæ jej wybór.

Is he ready to face the consequences of upshifting? | Czy on jest gotów na poniesienie konsekwencji zmiany pracy na lepiej p³atn±, ale bardziej stresuj±c±?

Cronehood can be the time you have fewer duties and therefore you can indulge in activities you find entertaining. | Okres ¿ycia, kiedy twoje dzieci opu¶ci³y ju¿ dom rodzinny mo¿e byæ czasem, kiedy masz mniej obowi±zków i dlatego mo¿esz pozwoliæ sobie na rzeczy, które sprawiaj± ci przyjemno¶æ.

Stop trying to make others believe you're just a chipper- the way you hold a cigarette gives you away. | Przestaæ wmawiaæ innym, ¿e palisz tylko od czasu do czasu- zdradza ciê sposób, w jaki trzymasz papierosa.

The jeerleader from that right-wing weekly is completely dumb. | Notoryczny szyderca z tego prawicowego tygodnika jest kompletnym idiot±.

You've collied all your clothes! | Upaæka³e¶ ca³e swoje ubranie!

The whole company suffered losses resulting from telefelony. | Ca³a firma ponios³a straty na skutek oszustwa telefonicznego.

You're not going to fuss over that punditeer's opinion, are you? | Chyba nie zamierzasz siê przejmowaæ opini± tego niedo¶wiadczonego krytyka, prawda?

Jerzy Urban said women tend to become surgiholics once they decide to improve the shape of the nose. | Jerzy Urban stwierdzi³, ¿e kobiety maj± tendencje do uzale¿nienia od operacji plastycznych kiedy tylko postanowi± poprawiæ kszta³t nosa.

Her makeunder look dissatisfied many fans. | Jej prostszy wygl±d rozczarowa³ wielu fanów.

The radio station wil do anything to capture earballs- they won't hesitate if bribery were to be considered. | Ta rozglo¶nia radiowa zrobi wszystko, ¿eby zdobyæ wiêksz± liczbê s³uchaczy- nie zawahaj± siê, gsyby ³apówkarstwo mia³o byæ brane pod uwagê.

The bookstore specializes in bonkbusters. | Ta ksiêgarnia specjalizuje siê w powie¶ciach zawieraj±cych wiele scen erotycznych.

That hardline politician is gaining support. | Ten bezkompromisowy polityk zdobywa poparcie.

He's feisty enough to get what he wants. | Jest wystarczaj±co przebojowy, ¿eby dostaæ to, czego chce.

Dry-house guilt is another problem psychologists are trying to cope with. | Poczucie winy zwi±zane z faktem, ¿e czyj¶ dom pozosta³ nienaruszony podczas powodzi jest kolejnym problemem, z którym psycholodzy próbuj± sobie poradziæ.

My dietician told me reasonable grazing was the best way for me to put off weight. | Moja dietetyczka powiedzia³a, ¿e rozs±dne pogryzanie to dla mnie najlepszy sposób na zrzucenie paru kilogramów.

Flexplace arrangement proved advantageous in many different ways. | System 'elastycznego miejsca pracy' okaza³ siê w wielu spektach korzystny.

Martin was labelled as a hi-pot at a first glance. | Martin'a od razu zaklasyfikowano jako pracownika o du¿ych perspektywach i wysokim potencjale.

She tends to act hotheadedly, which obviously explains a lot. | Ona ma tendencjê do pochopnego dzia³ania, co oczywi¶cie wiele t³umaczy.

The article says the Poles are becoming a nation of salad dodgers. | W artykule pisz±, ¿e Polacy staj± siê narodem grubasów.

Such cameos are a vital part of film history. | Takie pere³ki stanowi± istotn± czê¶æ historii kina.

The first lessons conducted by Mr Evans were rather shambolic. | Pierwsze lekcje pana Evans'a by³y do¶æ chaotyczne.

Such plotholes make the audience confused. | Takie luki w fabule dezorientuj± widowniê.

How can you even talk to that ignoranus! | Jak mo¿esz w ogóle rozmawiaæ z tym bezczelnym ignorantem!

Doctors are trying to understand the phenomenon of the disease which they called a  fascinoma. | Lekarze próbuj± zrozumieæ fenomen tej choroby, któr± uznali za fascynuj±c±.

School refusal is becoming a serious problem. | Paniczny strach przed szko³± staje siê powa¿nym problemem.

Whenever I buy lots of clothes at a time, I feel like putting most of them on, which usually results in a total wardrobe malfunction. | Ilekroc kupiê du¿o ubrañ na raz, mam ochote za³o¿yæ wiêkszo¶æ z nich, co koñczy siê kompletn± pomy³k± w ubiorze.

She's well known for being an actorvist. | Znana jest z tego, ¿e jest nie tylko aktork±, ale równie¿ aktywistk±.

The whole village consists of welfariat. | Ca³a wioska sk³ada siê z ludzi ¿yj±cych z zapomóg.

The strange mixture was glugging in the bottle. | Dziwna mikstura bulgota³a w butelce.

Serious malware problems never occured when Peter worked here. | Powa¿ne problemy ze szkodliwym oprogramowaniem nie mia³y miejsca, kiedy Peter tu pracowa³.

I've just become one of the uninstalled journalists. | W³asnie sta³em siê jednym spo¶ród zwolnionych dziennikarzy.

The journo wanted to make a tick-tock account. | Dziennikarz chcia³ sporz±dziæ chronologiczne sprawozdanie.

The phenomenon of Iraqnophobia is what President Bush has to offer to his nation. | Prezydent Bush oferuje swojemu narodowi zjawisko irakofobii.

Antonio Negri states we're living in a corpocracy. | Antonio Negri twierdzi, ¿e ¿yjemy w systemie, w którym najwiêksz± w³adzê maj± korporacje.

He's the master of gasroporn- I can't read his restaurant reviews without feeling my mouth water. | On jest mistrzem jêzyka opisuj±cego potrawy- zawsze czujê, jak cieknie mi ¶linka przy lekturze jego recenzji kulinarnych.

The actress confessed she had been striving for a permayouth appearance. | Aktorka wyzna³a, ¿e zabiega³a o wiecznie m³ody wygl±d.

The party leader decided to trust that pollutician and nw he's losing support. | Lider partii postanowi³ zaufaæ temu politykowi wspieraj±cemu niekorzystne dla ¶rodowiska inicjatywy i teraz traci poparcie.

His stagey behaviour makes me sick- what is he trying to prove? | Jego teatralne zachowanie mierzi mnie- co on próbuje udowodniæ?

These plums are pretty moreish- I can't resist them. | Te ¶liwki s± tak smaczne, ¿e chce siê ich wiêcej- nie mogê siê im oprzeæ.

The politician will forever be associated with his unsuccesful attempt to kickstart the country's economy. | Ten polityk zawsze bêdzie kojarzony ze swoj± nieudan± prób± rozruszania gospodarki pañstwa.

That bowling-alone lifestyle most young people choose worries Mrs stacey, who used to be an activist. | Styl ¿ycia wykluczaj±cy uczestnictwo w ¿yciu lokalnej spo³eczno¶ci martwi pani± Stacey, która by³a kiedy¶ aktywistk±.

Last summer I had a great opportunity to spend a couple of days at a marvelous floatel. | Latem mia³em ¶wietn± okazjê spêdziæ parê dni we wspania³ym hotelu na wodzie.

The guards insisted on a lockdown. | stra¿nicy nalegali na to, ¿eby zmusiæ wiê¼niów do powrotu do cel.

My aunt will believe in anything- from Feng Shui to apitherapy. | Moja ciotka uwierzy we wszystko- od Feng Shui po terapiê z wykorzystaniem produktów pochodz±cych od pszczó³.

The police claimed invacuation was the nly way to avoid risk. | Policja twierdzi³a, ¿e zarzymanie ludzi wewn±trz by³o jedynym sposobem, by unikn±æ ryzyka.

These two copywriters tend to barnumize but on the whole they make a very efficient team. | Tych dwóch copywriter'ów na ogó³ przesadza w reklamach, ale w ogólno¶ci stanowi± bardzo wydajny zespó³.

Mrs Stow regifts anything you give her- don't bother looking for something special. | Pani Stow przekazuje dalej wszystko, co siê jej daje- nie rób sobie k³opotu szukaj±c czego¶ szczególnego.

The spiritual master believes eldering is one of his most important duties. | Mistrz duchowy uwa¿a, ¿e nauczanie m³odszych jest jednym z jego najwa¿niejszych obowi±zków.

Whitelisting her address was a mistake. | B³êdem by³o umieszczenie jej adresu na "bia³ej li¶cie".

A whisper circuit is what the rival company depends on. | Konkurencyjna firma polega na obiegu niejawnych informacji.

I sometimes believe someone put the whammy on my family. | Czasami my¶lê, ¿e kto¶ rzuci³ z³y urok na moj± rodzinê.

He reported the events so cagily they started to suspect him. | Relacjonowa³ wydarzenia tak wymijaj±co, ¿e zaczêli go podejrzewaæ.

Her askable parent attitude seems exaggerated in some situations. | Jej otwarte podej¶cie do rozmów z dzieæmi w pewnych sytuacjach wydaje siê przesadne.

Dashboard dining is what he's got used to- he claims a meal never tastes as good as when at the wheel! | Przyzwyczai³ siê do jedzenia za kierownic±- twierdzi, ¿e posi³ek nigdy nie smakuje tak bardzo, jak za kó³kiem!

Could you please tell that induhvidual to stop bothering me? | Móg³by¶ powiedzieæ temu g³upkowi, ¿eby przesta³ mi przeszkadzaæ?

She puts four heaping teaspoonful in her tea. | Ona wsypuje cztery kopiaste ³y¿eczki cukru do herbaty.

This puzzle is so boring- full of crosswordese, with no challenge. | Ta ³amig³ówka jest strasznie nudna- same wyrazy typowe dla krzy¿ówek, ¿adnych wyzwañ.

Henry's kids' wordrobe is really rich. | S³ownictwo dzieci Henry'ego jest naprawdê bogate.

The audience soon got tired with the performers'zaniness. | Publiczno¶æ szybko zmêczy³a b³azenada wystêpuj±cych.

The jury members are always handpicked by experts. | Cz³onkowie jury s± zawsze starannie dobierani przez ekspertów.

Though novels such as "Ulysses" were most often unread bestsellers, you cannot deny that, unlike today,  all literary masterpieces used to be affordable and accessible for Polish readers.  | Chocia¿ ksi±¿ki takie jak "Ulisses" by³y najczê¶ciej nieczytanymi bestselerami, nie mo¿esz zaprzeczyæ ¿e, inaczej ni¿ dzi¶, wszystkie dzie³a literackie by³y kiedy¶ dostêpne i przystêpne dla polskich czytelników.

That fop-rock band is pathetic. | Ten zespó³ rockowy, którego cz³onkowie zajêci sa przede wszystkim swoim wygl±dem, jest ¿a³osny.

She's a total 404 if she believes taking part in that programme will make her a pop star. | Ona jest skoñczon± idiotk±, je¶li s±dzi, ¿e udzia³ w tym programie sprawi, ¿e zostanie gwiazd± pop.

The whole article presents a boomsayer's point of view. | Ca³y ten artyku³ przedstawia punkt widzenia optymisty.

I feel sorry for Filip- he could be a nice boy, but he's just a brain on a stick. | ¯al mi Filipa- móg³by byc fajnym ch³opakiem, ale mimo inteligencji nie radzi sobie z emocjami.

The history teacher is a sleazeball and that's the way the students perceive him. | Nauczyciel historii to niechluj i tak postrzegaj± go uczniowie.

The restaurant couldn't afford hiring the cocktailian. | Restauracji nie by³o staæ na wynajêcie tego exsperta od koktajli.

Soulseek users tend to get trapped in playlistism easily and ban users they consider lacking taste. | U¿ytkownicy Soulseek'a czêsto wpadaj± w pu³apkê oceniania innych na podstawie muzyki, któr± maj± i zakazuja dostêpu u¿ytkownikom, których uwa¿aja za pozbawionych gustu.

The objective of eco-tech is to make big companies get involved in protecting the natural environment. | Celem przyjaznej ¶rodowisku technologii jest zaanga¿owanie du¿ych firm w ochronê ¶rodowiska naturalnego.

I talked Tom into a rescue call so that I could finish the date with that girl from the chat in case she she turned boring. | Namówi³em Tom'a na telefon ratunkowy, ¿eby móc zakoñczyæ randkê z t± dziewczyn± z czata, gdyby okaza³a siê nudna.

Fiona started to feel an acute playlist anxiety when her class mates were examining her mp3 player. | Fiona poczu³a dotkliwy lêk przed ocen±, kiedy jej koledzy ogl±dali jej odtwarzacz plików mp3.

I'd rather that behalfism ceased, especially when the ones who express the opinions of our society are PiS members. | Wola³bym, ¿eby zakoñczy³o siê nieuprawnione wypowiedzi w cudzym imieniu, zw³aszcza je¶li to cz³onkowie PiS-u wyra¿aj± swoje zdanie w imieniu naszego spo³eczeñstwa.

Our aim is to betamax the XXX razor. | Naszym celem jest wyprzeæ z rynku maszynkê do golenia XXX.

I don't think this mashup is worth much. | Nie sadzê, ¿eby te pomieszane informacje by³y wiele warte.

It's sort of snobbish to have a poox these days. | Miec mieszañca pudla to dzi¶ pewien snobizm.

That vlog, being a cooking show, can interest Helen. | Ten video-blog, który jest pokazem gotowania, mo¿e zainteresowaæ Helen.

Becoming a flexitarian was mainly dictated by my own needs. | To, ¿e zacz±³em robiæ wyj±tki w diecie wegetariañskiej, by³o podyktowane przede wszystkim moimi potrzebami.

Those guys specialize in giraffiti- they make incredible things. | Ci ch³opcy specjalizuj± siê w graffiti na du¿ej wysoko¶ci- robi± niesamowite rzeczy.

All those lifehacks of hers are a pile of crap. | Te wszystkie jej u³atwiaj±ce ¿ycie techniki to stek bzdur.

The Robinsons believed living in a rurban environment would be easier it turned out to be. | Pañstwo Robinson s±dzili, ¿e ¿ycie w miejsko-wiejskim otoczeniu bêdzie ³atwiejsze, ni¿ siê okaza³o.

But for that viewshaft our flat would be much cheaper. | Gdyby nie ten widok, nasze mieszkanie by³oby du¿o tañsze.

That predictionary of Polish slang seems failure. | Ten s³ownik polskich wyra¿eñ slangowych, które nie nale¿± do g³ównego nurtu jêzyka, sprawia wra¿enie pomy³ki.

It was a splendid idea to have that microvacation. | Te mini-wakacje to by³ ¶wietny pomys³.

After the latest degringolade, his position was worse than ever. | Po ostatnim za³amaniu, jego sytuacja sta³a siê  gorsza niz kiedykolwiek przedtem.

Her audioblog is becoming popular. | Jej blog z nagraniami audio staje siê popularny.

Her plan proved a stragedy. | Jej plan okaza³ siê klap±.

Their failure, though ineluctable, shocked everybody. | Ich pora¿ka, choæ nieunikniona, wstrz±snê³a wszystkimi.

Vlogging ha become her greatet hobby. | Zajmowanie iê blogiem video ta³o iê jej najwiêkzym hobby.

Vlogging ha become her greatet hobby. | Zajmowanie siê blogiem video sta³o siê jej najwiêkszym hobby.

I was trying to tell you I know nothing about his business- all I can make of it is he's a domainer. | Próbowa³em ci powiedzieæ, ¿e nic nie wiem o jego interesach- rozumiem tylko, ¿e spekuluje domenami.

Technotattle has become her obsession. | Kobiece pogaduszki on-line sta³y siê jej obsesj±.

Sally has become a real audioblogger lately! | Sally jest od niedawna zapalon± posiadaczk± bloga z nagraniami audio!

I was disappointed to discover this site was just a splog. | Rozczarowa³em siê, kiedy okaza³o siê, ¿e ta strona to fa³szywy blog.

Peter's a bit samey and he's always droning on the same stuff. | Peter jest nieco nu¿±cy i ci±gle przynudza o tym samym.

Pupperware was a promising business a few years ago. | Kilka lat temu akcesoria dla zwierz±t stanowi³y dobrze zapowiadaj±c± siê dzia³alno¶æ handlow±.

Pupperware was a promising business a few years ago. | Kilka lat temu akcesoria dla zwierz±t stanowi³y dobrze zapowiadaj±c± siê dzia³alno¶æ handlow±.

They were hectically looking for the missing document. | Gor±czkowo szukali zagubionego dokumentu.

That drailing session may arouse confusion. | To wysy³anie e-maili o pijaku mo¿e spowodowaæ k³opotliwe sytuacje.

The boys piddlefarted all day surfing the Net. | Ch³opcy ca³y dzieñ bez celu serfowali po sieci.

That mononymous singer is quite eccentric. | Ten piosenkarz u¿ywaj±cy wy³±cznie nazwiska jest do¶æ ekscentryczny.

His latest passion is what he calls being a weather tourist. | Swoj± ostatni± pasjê nazywa turystyk± w poszukiwaniu klêsk ¿ywio³owych.

Mary and Bill are just architourists- forget about lying on a beach if you choose to join them! | Mary i Bill to tury¶ci interesuj±cy siê g³ównie architektur±- zapomnij o le¿eniu na pla¿y, je¶li przy³±czysz siê do nich!

Serendipitous discoveries push science forward. | Przypadkowe odkrycia popychaj± naukê do przodu.

Her skulduggery was finally revealed. | Jej machlojki zosta³y w koñcu ujawnione.

Working as a springspotter proved harder than I had expected. | Praca na stanowisku ³owcy trendów okaza³a siê ciê¿sza ni¿ przypuszcza³em.

Most of the company's production is associated with toyetic movie characters. | Wiêkszo¶æ produkcji tej firmy wi±¿e siê z zabawkami wzorowanymi na bohaterach filmów.

Sipid dishes and delightful aroma made my mouth water. | Aromatyczne dania i wspania³y zapach sprawi³y, ¿e ¶linka mi ciek³a.

He's so ranky that it makes him look just clumsy! | Jest taki szczup³y i wysoki, ¿e wygl±da jak niezdara!

The other team used to be vincible, but today we lost. | Dru¿yna przeciwników by³a kiedy¶ do pokonania, ale dzisiaj przegrali¶my.

These nival regions hardly ever are visited. | Te ¶nie¿ne rejony rzadko kto¶ odwiedza.

It proved quite difficult to come up with a somnific name for a sleeping pill, which was my task during the interview. | Wymy¶lenie "sennej" nazwy dla proszków nasennych okaza³o siê ca³kiem trudne, a takie by³o moje zadanie podczas rozmowy kwalifikacyjnej.

I would never suspect he'd turn out such a schmendrik! | Nigdy nie podejrzewa³em, ¿e oka¿e siê takim naiwniakiem!

I have lots of sympathy for this poindexter and no idea whatsoever how to help him. | Bardzo wspó³czujê temu inteligentnemu ch³opcu niepotrafi±cym nai±zaæ kontaktu z rówie¶nikami i nie mam ¿adnego pomys³u, jak mu pomóc.

It was a great joy to see my daughter rident. | Wielk± rado¶æ sprawi³ mi widok mojej roze¶mianej córki.

But for his typically human trepid nature he wouldn't have withdrawn. | Gdyby nie jego typowo ludzka boja¼liwa natura, nie wycofa³by siê.

I won't play in that team of loobies! | Nie bêdê gra³ w tej dru¿ynie niezdar!

When I first met Mark I had an impression he'll forever remain a gadabout. | Kiedy pozna³em Mark'a, mia³em wra¿enie, ¿e juz zawsze bêdzie co chwila zmienia³ pracê.

If you cope with his style, which is dryasdust, you're going to find this essay thought-provoking. | Je¶li poradzisz sobie z jego stylem, który jest potwornie nudny, uznasz ten esej za sk³aniaj±cy do refleksji.

George is! He's never satisfied with the work of our team! | Ale pedant z tego George'a! Nigdy nie jest zadowolony z pracy naszego zespo³u.

He's such a cringeworthy person he just makes me feel awful. | Jest tak pesz±cy, ¿e czujê siê przy nim okropnie.

The monk was writing a sutra for his apprentice. | Mnich pisa³ sutrê dla swojego ucznia.

He's been suffering from mogigraphia, which, in my opinion, is just a symptom. He's encountered a crisis as a writer. | Cierpi na kurcz pisarski, który wed³ug mnie jest tylko objawem. Prze¿ywa kryzys jako pisarz.

This Prufrockian character is a perfect example of the author's inspirations. | Ten prufrokiañski bohater jest doskona³ym przyk³adem inspiracji autora.

His eupeptic attitude always makes me cheer up. | Jego pogodne nastawienie zawsze mnie pociesza.

Natation meant the whole life t her. | Sztuka p³ywacka by³a ca³ym jej ¿yciem.

This lotion is not comedogenic, you can safely use it. | Ten tonik nie wywo³uje tr±dziku, mo¿esz go spokojnie u¿ywaæ.

Andy's sass is not what we can stand or tolerate. | Nie mo¿emy znie¶æ ani tolerowaæ bezczelnych wypowiedzi Andy'ego.

Flu days have been introduced in the area. | Wprowadzono dni wolne ze wzglêdu na zagro¿enie gryp± w tym rejonie.

It's funny how citified that girl became! | Zabawne, jak wielkomiejsk± pozê przybra³a ta dziewczyna!

The tabloid published a really hard-edged article, criticizing the feminist movement. | Brukowiec opublikowa³ bardzo napastliwy artyku³ krytykujacy ruch feministyczny.

I hear Sally's been going out with that noddy again! | Slysza³em, ¿e Sally znowu spotyka siê z tym os³em!

Carl has become so schoolmarmish I can't stand it any more. | Carl sta³ sie tak oficjalny i staro¶wiecki, ¿e nie moge ju¿ tego znie¶æ.

The movie is a moving story about astalker and his unaware victim. | Ten film to poruszaj±ca historia prze¶ladowcy i jego nie¶wiadomej ofiary.

Rediscovering old stuff from our youth was real fun. For example, in her teenage poem, Mary called love a "volitant sparkle that makes the tunnel of night brighter". | Odkrywanie na nowo naszych pami±tek z m³odo¶ci by³o ¶wietn± zabaw±. Na przyk³ad Mary w swoim wierszu, który napisa³a kiedy mia³a na¶cie lat, nazwa³a mi³o¶æ "ruchliw± iskr±, która roz¶wietla tunel nocy". 

The company would like to introduce chickenability policies with regard to their soya products. | Firma chcia³aby wprowadziæ politykê maj±c± na celu osi±gniêcie przez ich produkty sojowe popularno¶ci, która dorównywa³aby popularno¶ci produktów z kurczaka.

All those soya sausages, tofurkeys and ham-flavoured  veggie products make me laugh. Who's the target? If you don't feel like eating meat, you simply quit it, if you can't do without it- why cheat yourself? | Wszystkie te kie³baski sojowe, indyki z tofu i produkty wegetariañskie o smaku szynki ¶miesz± mnie.  Kim maj± byæ ich konsumenci? Jak nie masz ochoty na miêso, to z niego rezygnujesz, je¶li nie mo¿esz siê bez niego obej¶æ- dlaczego masz siê oszukiwaæ?

Deprivation of skinship in early childhood may lead to emotional instability in the adult life. | Pozbawienie czu³ego dotyku we wczesnym dzieciñstwie mo¿e prowadziæ do braku emocjonalnej stabilno¶ci w doros³ym ¿yciu.

We'll never reach an agreement regarding P2P programmes- some of us believe it's fair, some call it songlifting. | Nigdy nie zgodzimy siê w kwestii programów P2P- niektórzy z nas s±dz±, ¿e to uczciwe, inni, ¿e to nielegalne.

Milk-brain is what happened to me as well and I'm telling you, you shouldn't feel guilty. | Degrengolada zwi±zana z opiek± nad ma³ym dzieckiem zdarzy³a siê równie¿ mi i mówiê ci, ¿e nie powinna¶ czuæ siê winna.

The supermarket introduced new bags-for-life. | Ten supermarket wprowadzi³ nowe "ekologiczne" torby na zakupy.

My classmates greet by elbow-bump, which is the latest trend at my school. | Moi koledzy z klasy witaj± siê ³okciami. Jest to najnowsza moda w mojej szkole.

Tim's been piggybacking for months. | Tim od miesiêcy nielegalnie korzysta z bezprzewodowego dostêpu do Internetu.

Some say songlifters are just thieves. | Niektórzy twierdz±, ¿e osoby ¶ci±gaj±ce muzykê z Internetu u¿ywaj±c programów typu P2P to po prostu z³odzieje.

The clerisy doesn't really mean much these days. | Inteligencja niewiele dzi¶ znaczy.

The actor was called a love-rat in the tabloid article- that's how his girlfriend found out the truth. | Ten akktor zosta³ nazwany potajemnym kochankiem w artykule  w brukowcu- w ten sposób jego dziewczyna pozna³a prawdê.

Those gut-wrenching scenes made me turn off the TV. | Te przyprawiaj±ce o md³o¶ci sceny zmusi³y mnie do wy³±czenia telewizora.

The boys formed a peewee football team. | Ch³opcy stworzyli dru¿ynê pi³karsk± maluchów.

The professor's excursive remarks make his lectures slightly chaotic. | Dygresyjne uwagi profesora czyni± jego wyk³ady nieco chaotycznymi.

Sally's a sleepeater. | Sally je podczas snu.

As a journo I can't be an egocaster and have to watch the Pospieszalski's programme now and then.  | Jako dziennikarz nie mogê wybieraæ tylko tych audycji, które lansuj± zgodne z moimi pogl±dy i musze czasem obejrzeæ program Pospieszalskiego.

He devoted himself to geomythology. | Po¶wiêci³ siê geomitologii.

Sometimes I wonder whether the youngest generation are becoming Websumers or not. | Czasem zastanawiam siê, czy najm³odsze pokolenie staje siê "konsumentami sieci".

Where did you get these socko boots? | Sk±d masz te ¶wietne buty?

Greenscamming is just another marketing strategy. | Nadawanie "ekologicznych" nazw produktom to jeszcze jedna strategia marketingowa.

As long as Jim's happy with what he's become, that is, a perfect monotasker- I don't mind it. | Dopóki Jim jest zadowolony, ¿e stale zajmuje siê jedn± prac±- nie mam nic przeciwko temu.

His fetial gesture saved many a lives. | Jego pokojowy gest ocali³ wiele istnieñ.

If McJob is all you're searching for, you might be satisfied. | Je¶li szukasz s³abo p³atnej posady bez perspektyw, byæ mo¿e bêdziesz zadowolony.

Among starlets identical to her, she was a real showstopper. | Po¶ród identycznych gwiazdek, to w³a¶nie ona przyci±ga³a uwagê.

The whole tabloid consists of factoids. | Ca³y ten brukowiec sk³ada siê z nierzetelnych informacji.

These pro-ana magz and Websites are not the reason for eating disorders. They do affect teenage girls, though. | Te pisemka i strony inetrnetowe promuj±ce anoreksjê nie s± przyczyn± zaburzeñ zwi±zanych z od¿ywianiem siê. Maj± jednak szkodliwy wp³yw na nastoletnie dziewczyny.

The newd was black-holed, which I realised too late. | Informacje zosta³y ukryte, z czego zda³em sobie sprawê zbyt pó¼no.

Editor-in-chief fired that buckraker. | Redaktor naczelny wyla³ tego dziennikarza korzystaj±cego ze swoich znajomo¶ci poza prac±.

Their latest production is a poor dramality. | Ich ostatnia produkcja to marny program reality z elementami teatru.

What they produced is just mallternative. | Ich produkcja to tylko alternatywa centrów handlowych.

She's been playacting all her life- I wouldn't take it seriously. | Ona ca³e ¿ycie gra- nie traktowa³bym tego serio.

Henry wouldn't trust any baby-sitter, so he decided to instal a nanny-cam. | Henry nie zaufa³by ¿adnej opiekunce do dziecka, wiêc postanowi³ zainstalowaæ kamerê, dziêki której móg³by je kontrolowaæ.

All he said was a barefaced lie. | Wszystko, co powiedzia³ to ewidentne k³amstwo.

She decided to take the unbreed from the shelter. | Postanowi³a wzi±æ tego kundelka ze schroniska.

Agata could stop sending that meatloaf! | Agata mog³aby przestaæ rozsy³ac te maile do wszystkich!

It was a great opportunity to showcase the achievements of our artists. | To by³a ¶wietna okazja, by pochwaliæ siê osi±gniêciami naszych artystów.

I'm going to resit most of my exams in September. | Ponownie podchodzê do wiêkszo¶ci egzaminów we wrze¶niu.

Any velitation now would ruin the peace. | Najdrobniejszy spór zak³óci³by teraz spokój.

Their flag-waving might turn out dangerous. | Ich skrajny patriotyzm mo¿e okazaæ siê niebezpieczny.

Garbology offers a really thorough knowledge about us. | "¦mieciologia" daje naprawdê dog³êbn± wiedzê o nas.

I should say the plot is rather clunky. | Powiedzia³bym, ze fabu³a jest do¶æ toporna.

The actors' emoting simply made me laugh. | Przesadna gra aktorska po prostu mnie rozbawi³a.

You may laugh, but volumes have been published about oniomania. | Mo¿esz siê ¶miaæ, ale opublikowano tomy na temat na³ogowych zakupów.

He always was a standpatter and certain ideas simply annoyed him. | Zawsze by³ konserwatyst± i pewne idee po prostu go z³o¶ci³y.

What he presents is obstinate standpattism. | To, co on przedstawia, to uparta niechêæ do jakichkolwiek zmian.

In an aphotic ocean zone incredible plants can be found. | W strefie oceanu pozbawionej ¶wiat³a odkryæ mo¿na niezwyk³e ro¶liny.

The party leader proved to be a crunchy con. | Lider partii okaza³ siê konserwatyst± ¶wiadomym problemów ¶rodowiska.

It proved quite time-consuming to catch that office creeper red-handed! | Zlapanie tego z³odzieja biurowego na gor±cym uczynku okaza³o siê naprawdê czasoch³onne!

The screamingly stupid novel is still a compulsory reading at school. | Ta potwornie g³upia powie¶æ wci±¿ jest lektur± obowi±zkow± w szkole.

How could that zipperhead agree? | Jak ten g³upiec móg³ siê zgodziæ?

As a young boy he would forever dream of adventerous life at a procellous sea. | Jako m³ody ch³opiec bez koñca marzy³ o ¿yciu pe³nym przygód na burzliwym morzu.

The whole issue of the mag is devoted to chairobics, which delighted Hannah, who believes in that form of exercise. | Ca³y numer tego magazynu po¶wiêcony jest æwiczeniom aerobiku na krze¶le, co zachwyci³o Hannah, która wierzy w tê formê æwiczeñ.

The soldiers were greeted by their misty-eyed wives. | Wzruszone ¿ony powita³y ¿o³nierzy.

Brad's always been a preppie. | Brad zawsze by³ szpanerem.

Teachers shouldn't be surprised that children from well-booked families tend to be much more interested in literature than others. | Nauczycieli nie powinno dziwiæ, ¿e dzieci z rodzin posiadaj±cych du¿e ksiêgozbiory s± na ogó³ bardziej zainteresowane literatur± ni¿ inne.

Fertility tourism is becoming increasingly popular. | Poszukiwanie kuracji pomagaj±cych zaj¶æ w ci±¿ê za granic± staje siê coraz bardziej popularne.

Wilkipedia is a typical example of socially produced archives. | Wilkipedia to typowy przyk³ad archiwum tworzonego przez wiele osób naraz.

I really had a meat tooth yesterday and ordered a huge beefsteak. | Mia³em wczoraj wielk± ochotê na miêso i zamówi³em ogromny befsztyk.

They were appointed to carry out the triage. | Zostali wyznaczeni do selekcji rannych.

Mark could make a fortune as a gurgitator! | Mark móg³by zbiæ maj±tek jako uczestnik zawodów w jedzeniu!

She's been acting in an incredibly impudent way- just a kibitzer. | Zachowuje siê niezwykle nachalnie- po prostu narzuca siê ze swoimi radami.

I'm fed up with your cutuppery. | Do¶æ mam waszych wyg³upów.

She lives in a world of chocolate-box stories. | Ona ¿yje w ¶wiecie przes³odzonych historii.

Sheila is said to be a scientist manque. | Mówi± o Sheili, ¿e jest niespe³nionym naukowcem.

The novel depicts a vision of the Dark Ages redux. | Powie¶æ przedstawia wizjê powrotu do ¶redniowiecza.

We all started checking our purses and pockets- a sort of rinxiety it was. | Zaczêli¶my wszyscy sprawdzac torebki i kieszenie- zamieszanie wywo³ane d¼wiêkiem telefonu.

That hyperdating seems a cure after Sheila left him. | Te liczne randki z ró¿nymi dziewczynami to chyba kuracja po tym, jak Sheila go zostawi³a.

Do you really think that blunderer will cope? | Naprawdê s±dzisz, ¿e ten niedorajda da sobie radê?

She's too sensitive to talk to that blunderbuss.  | Ona jest zbyt wra¿liwa, ¿eby rozmawiaæ z tym grubianinem.

I heard the sounds of kerfuffle from the street. | Slysza³em odg³osy zamieszania z ulicy.

I won't lie- I'm a blusher and it will come out. | Nie sk³amiê- ³atwo siê rumieniê i wszystko siê wyda.

He's going to blue-pencil the whole article if he doesn't like it. | Pokre¶li ca³y artyku³, je¶li mu siê nie spodoba.

She treated us much too bluffly to make us suspect anything. | Potraktowa³a nas zbyt bezpo¶rednio, by¶my cokolwiek podejrzewali.

The mess and bobbery in the yard were a bad omen. | Zamieszanie i rejwach na podwórzu nie wró¿y³y dobrze.

Sandra's mother's bonhomie may be confusing. | Wylewno¶æ matki Sandry czasem zbija z panta³yku.

Sometimes she was nit-picking and too demanding for us students. | Czasami szuka³a dziury w ca³ym i by³a dla nas uczniów zbyt wymagaj±ca.

Her whole behaviour, to begin with obsessive thinking about how much her plants needed watering during the vacations at France, indicated nostomania. | Ca³e jej zachowanie, zaczynaj±c od obsesyjnego rozmy¶lania o konieczno¶ci podlania kwiatków podczas urlopu w Pary¿u, wskazywa³o na maniê na punkcie domu.

He's got bad marks, which results in nostophobia, which, in turn, makes him study even less effectively. | Ma z³e oceny, co powoduje strach przed powrotem do domu, a to z kolei zprawia, ¿e uczy siê z jeszcze gorszymi wynikami.

Alice and I are planning a sightjogging holiday. | Planujemy z Alicj± wakacje, na których bêdziemy zwiedzaæ biegaj±c.

That clodhopper's going to spoil the whole plan. | Ten niezdara gotów zepsuæ ca³y plan.

The boss called Anne a clock-watcher, which offended her. | Szef powiedzia³ o  Anne, ¿e tylko odlicza minuty do zakoñczenia pracy, co ja obrazi³o.

We did not intend to discommode you. | Nie by³o naszym zamiarem nara¿aæ ciê na niewygody.

When is the horseplay going to end? | Kiedy skoñcz± siê te brewerie?

Barkitecture is becoming a popular business. | Architektura psich bud staje siê popularnym interesem.

The movie is targeted at the tweenie audience. | Ten film jest skierowany do publiczno¶ci w wieku 10-15 lat.

Those new enthusiastic employees surrounding themselves with missionware are simply pathetic. | Ci nowi entuzjastyczni pracownicy otaczaj±cy siê gad¿etami z logo firmy s± po prostu ¿a³o¶ni.

Journalists kneecapped the scientist. | Dziennikarze w wyj±tkowo perfidny sposób zaszkodzili naukowcowi.

He must have worked as a sutler during the war. | Z pewno¶ci± pracowa³ jako wêdrowny handlarz podczas wojny.

The waitress accused us of brown-bagging. | Kelnerka oskar¿y³a nas o przyniesienie alkoholu do restauracji.

I would never suspect Sally of being such a cornball. | Nigdy nie podejrzewa³bym Sally o to, ¿e tak lubi ckliwe filmy.

Ann writes poems about scintillescent moonlight, dark nights and neverending sorrow. | Ann pisze wiersze o iskrz±cym blasku ksiê¿yca, ciemnych nocach i niekoñcz±cym siê smutku.

Molly's grandfather was a cordwainer and owned a small shop. | Dziadek Molly by³ szewcem i posiada³ ma³y sklepik.

They dogtrotted with their heavy luggage for hours. | Wlekli siê z ciê¿kim baga¿em strasznie d³ugo.

He woke up from the dog-sleep. | Przebudzi³ siê z lekkiego snu.

He felt a bit better after the dog-nap. | Po krótkiej drzemce na siedz±co poczu³ siê nieco lepiej.

Aunt Mary is a do-gooder, which is pretty annoying. | Ciotka Mary uszczê¶liwia innych na si³ê, co jest bardzo irytuj±ce.

He became a chapman at the end of his life. | Kupcem zosta³ pod koniec ¿ycia.

Philography became more than a hobby to her. | Kolekcjonowanie autografów sta³o siê dla niej czym¶ wiêcej ni¿ hobby.

You'll see- in a second he'll start drailing to his ex. | Zobaczysz- za chwilê zacznie pisaæ pijackie maile do swojej by³ej.

His dendriform sculptures didn't impress me. | Jego rze¼by w kszta³cie drzewa nie zrobi³y na mnie wra¿enia.

The legendary king was infamous for the way he abashed his courtiers. | Legendarny król by³ znany z tego, jak poni¿a³ swoich dworzan.

The movie is a story of a schlub whose life is a misery. | Film opowiada historiê ¿a³osnego ¿ycia pewnego durnia.

It is the band's best-known shtick. | To najs³ynniejsza ze sztuczek tego zespo³u.

The wicked rapparee was eventually caught by his foes. | Z³y rabu¶ zosta³ wreszczie schwytany przez nieprzyjació³.

His face-blindness and all the situations resulting from it became legendary. | Jego z³a pamiêæ do twarzy i wszystkie wynikaj±ce z niej sytuacje sta³y siê legendarne.

They decided to organize a retrorunning race. | Postanowili zorganizowaæ wy¶cigi w bieganiu do ty³u.

They decided to organize a retrorunning race. | Postanowili zorganizowaæ wy¶cigi w bieganiu do ty³u.

We're having a bottle party on Saturday- will you come along? | Robimy w sobotê imprezê sk³adkow±- przyjdziesz?

Film mavens stated the movie was a piece of art. | Znawcy filmu uznali ten film za dzie³o sztuki.

We chaffered all night long. | Trajkota³ysmy ca³± noc.

We simply guttled the dessert. | Po prostu po¿arli¶my deser.

The movie tells a story of a goody two-shoes who eventually turns out a villain. | Film opowiada historiê osoby dumnej ze swoich cnót, która na koñcu okazuje siê czarnym charakterem.

The plant's pod will dehisce with a crack. | Str±czek ro¶liny pêknie z hukiem.

My troubled mind needs a galen. | Mój zmêczony umys³ potrzebuje lekarza.

The novel will ensorcell a most sophisticated reader. | Ta powie¶æ oczaruje najbardziej wyrafinowanego czytelnika.

She's a real yenta. | Jest okropn± plotkar±.

This old-fashioned antidisestablishmentarianism they represent may prove dangerous. | Ten staro¶wiecki sprzeciw wobec rozdzia³u Ko¶cio³a i pañstwa, który prezentuj±, mo¿e okazaæ siê gro¼ny.

I will ensoul this image forever. | Na zawsze zachowam w duszy ten obraz.

Dheila really believes in arithmancy and other strange superstitions! | Sheila naprawdê wierzy w numerologiê i inne dziwne zabobony!

It was difficult to drive in the guaggy field. | Ciê¿ko by³o jechaæ przez bagniste pole.

They've been schmoozing all afternoon. | Plotkuj± ca³e popo³udnie.

Hefting barbells is what I hate. | Nie znoszê podnoszenia sztangi.

Voluntary inedia and anorexia still remain unsolved problems. | Dobrowolne niejedzenie i anoreksja to wci±¿ nierozwi±zane problemy.

The exiguous furniture the artist designed sold at an astonishing price. | Sk±pe meble zaprojektowane przez artyst± sprzedano za zdumiewaj±c± cenê.

Her grandma used to work as a baxter. | Jej babcia pracowa³a kiedy¶ jako piekarz.

The ring has a beautiful margaritaceous sheen. | Pier¶cieñ ma piêkny per³owy po³ysk.

Her floccinaucinihilipilification of luxury made her dear to me. | Jej brak uznania dla luksusu sprawi³, ¿e sta³a mi siê droga.

The novel appears smugly racist. | Ta powie¶æ wydaje siê ko³tuñsko rasistowska.

His alleged power to produce spirit rappings made Mr Johnson famous. | Pana Johnson'a rozs³awi³a rzekoma zdolno¶æ porozumiewania siê z duchami zmar³ych.

I would call it tarantism- he just had to start dancing. | Nazwa³bym to przemo¿n± chêci± taca- po prostu musia³ to zrobiæ.

She was the most talented terpsichorean I have ever seen. | By³a najbardziej utalentowan± tancerk± jak± widzia³em.

An incredible amount of suggestions and pollicitations have been made but nothing has been decided.  | Zlo¿ono mnóstwo propozycji i sugestii, ale nic nie zosta³o jeszcze postanowione.

Her nudiustertian pov makes me feel uneasy. | Jej przedwczorajszy punkt widzenia sprawia, ¿e czujê siê nieswojo.

Henry's father was a real bromide, offering us bits of advice which were completely useless. | Ojciec Henry'ego by³ strasznym nudziarzem- dawa³ nam zupe³nie bezu¿yteczne rady.

What is more, the new conspectus by Ian Fellow is very clear and well organized. | Co wiêcej, nowy konspekt autorstawa Ian'a Fellow'a jest czytelny i dobrze zorganizowany.

Acidulous everyday work made her tough and strong. | Codzienna, pe³na goryczy praca uczyni³a j± tward± i siln±.

You must be careful when it comes to adduction and argumentation in your thesis. | Musisz byæ uwa¿ny w cytowaniu i przytaczaniu argumentów w swojej pracy.

Laddish behaviour!", she shouted. | "Skandaliczne zachowanie!", krzyknê³a.

His ideas, however sophisticated, will not do as a succedaneum for the war process. | Jego koncepcje, choæ wyrafinowane, nie mog± zast±piæ procesu wojennego.

They decided to settle in the very heart of the gayborhood. | Postanowili zamieszkaæ w samym ¶rodku zamieszka³ej przez gejów okolicy.

The website published some photos taken by peoplerazzi. | Strona internetowa opublikowa³a zdjêcia zrobione przez paparazzich amatorów.

Wikiality is a result of a consensus reached by a majority of Web users. | Rzeczywisto¶æ opisywana przez Wikipediê wynika z porozumienia wiêkszo¶ci u¿ytkowników sieci.

News fasting is becoming popular in rich societies. | ¦wiadome unikanie informacji docieraj±cych za po¶rednictwem mediów staje siê popularne w bogatych spo³eczeñstwach.

Pam has extra work to do as a freshmore. | Pam, jako warunkowo przyjêta na drugi rok, ma wiêcej pracy.

She's gurning as if she were intoxicated. | Robi dziwne miny jakby by³a pod wp³ywem ¶rodków odurzaj±cych.

The bill was filibustered by the opposition. | Ustawa zosta³a zablokowana przez opozycjê.

Gina's one of those cot potatoes- it's pretty hard to make her focus her attention on anything else. | Gina to jedno z dzieci wychowuj±cych siê przed telewizorem- bardzo trudno zwróciæ jej uwagê na cokolwiek innego.

According to the review, his latest mockumentary is not really worth watching. | Wed³ug recenzji jego najnowszy film fabularny zrobiony na podobieñstwo dokumentu niewart jest obejrzenia.

Finally we decided that the new project was a skosh better than the previous one. | W koñcu uznali¶my, ¿e nowy projekt by³ odrobinê lepszy od poprzedniego.

But for this walk-on part she wouldn't have been noticed at all. | Gdyby nie ta epizodyczna rola, w ogóle by jej nie zauwa¿ono.

I've found a fascinating description of a flagellators' pilgrimage which took place in the 14th century. | Znalaz³em fascynuj±cy opis pielgrzymki biczowników, która mia³a miejsce w XIV wieku.

The servant was suspected of drinking up the heeltap. | S³u¿±cego podejrzewano o spijanie niedopitków.

The whole period prevenient to the family's supremacy nad the heyday of their fortune was blood, sweat nad tears. | Ca³y okres poprzedzaj±cy czas wielkich wp³ywów rodziny i rozkwitu jej maj±tku by³ wype³niony bardzo  ciê¿k± prac±.

Senectitude can be very difficult to bear. | Staro¶æ bywa trudna do zniesienia.

The programme proved rather fiddly. | Okaza³o siê, ¿e program wymaga³ du¿ej zrêczno¶ci.

You've got to swot now before the exam. | Musisz teraz powkuwaæ do egzaminu.

She is preparing her third book concerning andragogy. | Przygotowuje teraz trzeci± ksi±¿kê dotycz±c± metodyki nauczania doros³ych.

Jolly graduands gathered in the assembly hall. | Weseli prawie-absolwenci zebrali siê w auli.

All he said was pure dodoism. There was no room for a reasonable debate. | To, co powiedzia³, to groteskowy konserwatyzm w czystej postaci. Nie by³o miejsca na rzeczow± dyskusjê.

He belonged to the smartest group of abecedarians; his teachers were really impressed. | Nale¿a³ do grupy najbardziej bystrych pocz±tkuj±cych; wywar³ du¿e wra¿enie na nauczycielach.

Girls, you've become obsessed about that celebutard! | Dziewczyny, macie obsesjê na punkcie tej niezbyt inteligentnej s³awy!

His unexpected arrival gave her the heebie-jeebies. | Jego niespodziewane przybycie przerazi³o j±.

The rent-a-crowd gathered as usual on such occasions. | Ludzie chêtni do protestu dla draki zgromadzili siê jak zwykle przy takich okazjach.

Will you buy drinks for all of us if we pay the doormoney? | Kupisz nam wszystkim drinki, jesli my zap³acimy za wstêp?

The author writes about his prelapsarian, idyllic childhood. | Autor pisze o sielskim, idyllicznym dzieciñstwie.

Who's that sloe-eyed beauty? Don't tell me she's Mark's brand new girlfriend! | Kim jest ta ciemnooka piêkno¶æ? Nie mów, ¿e to najnowsza dziewczyna Mark'a!

She admitted the truth in a choky voice. | Zd³awionym g³osem potwierdzi³a prawdê.

Don't believe that blusterer- you'll regret it if you do. | Nie wierz temu krzykaczowi- je¶li to zrobisz, bêdziesz ¿a³owaæ.

Intellidating is said to be catching on among young highbrows. | Podobno zwyczaj "inteligentnych randek" przyjmuje siê w¶ród m³odych intelektualistów.

He was said to be a calm and douce man, which wasn't really true. | Mówiono o nim, ¿e jest spokojnym i zrównowa¿onym cz³owiekiem, co w rzeczywisto¶ci nie by³o prawd±.

Henry was so charming nobody even noticed his dowdiness. | Henry by³ tak czaruj±cy, ¿e nikt nawet nie zauwa¿a³ jego niechlujnego wygl±du.

As a politician, he was a dovish and open negotiator. | Jako polityk by³ otwartym i nastawionym na kompromis negocjatorem.

He's always belonged to the leading edge of jazz musicians. | Zawsze nale¿a³ do ¶cis³ej czo³ówki muzyków jazzowych.

The Preraphaelites were... well, really, I must call them first water lunatics! | Prerafaelici byli... có¿, muszê ich nazwaæ typowymi wariatami!

Has she ordered all the items of fit-out we need? | Czy zamówi³a wszystkie elementy wyposa¿enia, których potrzebujemy?

The whole issue, with its divisiveness and complexity, is extremely difficult to solve. | Ca³a kwestia, z jej spornym charakterem i z³o¿ono¶ci±, jest niezwykle trudna do rozwi±zania.

She was so determined that wangling their votes wouldn't surprise me at all. | By³a tak zdeterminowana, ¿e zdobycie ich g³osów na drodze manipulacji wcale by mnie nie zdziwi³o.

You're becoming a germaphobe! | Zaczynasz mieæ obsesjê na punkcie bakterii!

In his attempt to gentrify the family, Henry made lots of mistakes. | Próbuj±c podnie¶æ status rodziny Henry pope³ni³ masê b³êdów.

Our reunion turned out a nonevent. | Nasze spotkanie po latach okaza³o siê niewypa³em.

The old granary burnt down in the 19th century. | Stary spichlerz sp³on±³ w XIX wieku.

He's a master of one-liners. | Jest mistrzem celnych ripost.

I believe his latest speech was a result of temporal muddleheadedness. | Wierzê, ¿e jego ostatnie przemówienie to wynik tymczasowego nie³adu my¶lowego.

His ingenious idea to run a business basing on ewaste is starting to make profit. | Jego nietypowy pomys³, ¿eby za³o¿yæ firmê skoncentrowan± wokó³ elektronicznych ¶mieci zaczyna przynosiæ zyski.

His invidious position made her wife awfully worried. | Jego sytuacja nie do pozazdroszczenia okropnie martwi³a jego ¿onê.

Her frame of mind, far from posiive, affected her performance during the exam. | Jej nastrój, daleki od dobrego, ¼le wp³yn±³ na to, jak poszed³ jej egzamin.

Thick forest, a sparsely populated area and a network of good roads were perfect conditions for maintaining a vespiary of Nazis. | Gêsty las, s³abo zaludniony teren i sieæ dobrych dróg stwarza³y doskona³e warunki dla utrzymania gniazda os Nazistów.

Doesn't it give you the creeps to think that ages ago monks were walking in this very deambulatory? | Czy nie przeszywaj± ciê dreszcze na my¶l, ¿e wieki temu mnisi spacerowali po tym w³a¶nie kru¿ganku?

The magniloquent words the author uses are pretty banal and simply silly. | Górnolotne s³owa, których u¿ywa autor, s± dosyæ banalne i po prostu g³upie.

He behaved debonairly and all the ladies were bewitched. | Zachowywa³ siê ujmuj±co i wszystkie panie by³y oczarowane.

He is said to have been involved in the acts of espial you mentioned. | Mówi±, ¿e bra³ udzia³ w dzia³aniach szpiegowskich, o których wspomina³e¶.

As the breadwinner in those hard times, he had to work long hours. | Jako ¿ywiciel rodziny w tych ciê¿kich czasach musia³ pracowaæ do pó¼na.

His clay-cold corpse was found at the river bank. | Jego zimne jak lód zw³oki znaleziono na brzegu rzeki.

We were treated generously and convivally. | Potraktowano nas hojnie i serdecznie.

The staff treated the problem supinely and not seriously enough. actually, they shrugged the question off. | Za³oga potraktowa³a problem biernie i nie do¶æ powa¿nie. W rzeczy samej zignorowali tê kwestiê.

I don't understand why his novels are labelled as groundbreaking. | Nie rozumiem, dlaczego jego powie¶ci uznano za prze³omowe.

He was defrocked in 1919 and started a wonderful career. | W 1919 zosta³ pozbawiony habitu i zacz±³ wspania³± karierê.

The children were sorry for the tethered horse. | Dzieci wspó³czu³y uwi±zanemu koniowi.

She's had enough of his flummery. | Ona ma do¶æ jego czczych pochwa³.

As a matter of fact, they are commemorating the anniversary of a common despoiler's death. | W gruncie rzeczy obchodz± rocznicê ¶mierci zwyk³ego grabie¿cy.

The pruinose fruit in the painting looked as real. | Omszone owoce na obrazie wygl±da³y jak ¿ywe.

It proved that the assumed skinflint was able to offer her all his riches. | Okaza³o siê, ¿e ten rzekomy sk±piec potrafi³ ofiarowaæ jej wszystkie swoje bogactwa.

Since she's not going to approve of one of those cookie-cutter toys, I must look for a special toy for her baby. | Poniewa¿ ona nie zaakceptuje ¿adnej z produkowanych masowo zabawek, muszê poszukaæ dla jej dziecka czego¶ szczególnego.

The crapulent giant devoured all the children. | Nieumiarkowany olbrzym po¿ar³ wszystkie dzieci.

I felt I was being flimflammed, but I didn't say a word. | Czu³em, ¿e mnie naci±gaj±, ale nie powiedzia³em s³owa.

His litigiousness was legendary. | O jego sk³onno¶ci do pieniactwa kr±¿y³y legendy.

Her dignified mien made most of the visitors feel rather shy. | Jej dystyngowany wygl±d sprawia³, ¿e wiêkszo¶æ go¶ci czu³a siê nieco onie¶mielona.

They dragged up a barnacled hulk. | Wy³owili kad³ub statku obro¶niêty skorupiakami.

He's been fighting with bowdlerisation for ages. | Od wielu lat walczy z cenzura obyczajow±.

This laggard won't help us. | Ten guzdra³a nam nie pomo¿e.

This serious issue was treated too laxly. | Zbyt niedbale potraktowano tê powa¿n± sprawê.

Sally's been a bit droppy lately.  | Sally jest ostatnio trochê przygnêbiona.

It hasn't been decided yet whether the actions were taken of malice prepense. | Jeszcze nie uznano, czy dzia³ania by³y podjête w z³ym zamiarze.

They're a poor Rolling Stones sound-alike! | S± marnymi na¶ladowcami Rolling Stones'ów.

It was one of his famous agonistic speeches. | To by³o jedno z jego s³ynnych polemicznych przemówieñ.

On the whole, it was difficult to understand the message of her fumbling speech. | Generalnie trudno by³o zrozumieæ przes³anie jej nieudolnego przemówienia.

She's such a malkin. | Jest strasznie niechlujna.

The same old snuggery waits for us every winter. | To samo przytulne miejsce czeka na nas ka¿dej zimy.

Do you want to suggest that he was receiving douceurs? | Chcesz powiedzieæ, ¿e otrzymywa³ ³apówki?

Her novels are said to be ordure. | O jej powie¶ciach mówi siê, ¿e s± ohydne.

After a series of unfortunate events, the title character desponds and withdraws from social life. | Po serii nieszczê¶liwych wydarzeñ tytu³owy bohater popada w przygnêbienie i wycofuje siê z ¿ycia towarzyskiego.

She showed no interest in earthborn matters. | Nie okazywa³a ¿adnego zainteresowania sprawami doczesnymi.

The so-called challenging question appeared a cakewalk at first, but now I'm at a loss to answer it. | Tak zwane ambitne pytanie z pocz±tku wyda³o siê bu³k± z mas³em, ale teraz nie wiem, jak na nie odpowiedzieæ.

The number of opportunivores is rapidly growing in big cities. | Liczba osób ¿ywi±cych siê pozostawionym przez innych jedzeniem agwa³townie wzrasta w du¿ych miastach.

Don't worry, Betty, a mancation will do him good. | Nie martw siê Betty, mêskie wakacje dobrze mu zrobi±.

That old man is a binner. | Ten starszy cz³owiek sprzedaje stare butelki.

Voluntourism is becoming popular with young people. | Podró¿owanie po³±czone z wolontariatem staje siê popularne w¶ród m³odych ludzi.

Do they really think they may tell those pliant people whatever they think is right? | Czy naprawdê uwa¿aj±, ¿e mog± tym uleg³ym ludziom powiedzieæ cokolwiek uznaj± za s³uszne?

Her fatherland was described as a priest-ridden country. | Jej ojczyznê opisano jako kraj opanowany przez kler.

In my opinion, such statements are a result of unrestrained priggery. | Moim zdaniem takie wypowiedzi wynikaj± z niepohamowanego zarozumialstwa.

The main character of the comic is a clumsy, trigger-happy cowboy. | G³ównym bohaterem komiksu jest niezdarny kowboj chêtnie siêgaj±cy po broñ.

I would never suspect her of such primness. | Nigdy nie podejrzewa³bym jej o tak± pruderyjno¶æ.

He made a fortune as a court-purveyor. | Zbi³ maj±tek jako nadworny dostawca.

In this research a clear division must be made between brand sluts and brand-loyal consumers. | W tym badaniu trzeba jasno oddzieliæ konsumentów nie bêd±cych wiernymi ¿adnej konkretnej marce od klientów lojalnych w stosunku do marki.

Since the situation appeared rather quiescent, the two parties decided to negotiate the conditions of the  agreement again. | Poniewa¿ sytuacja wydawa³a siê do¶æ spokojna, obie strony postanowi³y raz jeszcze negocjowaæ warunki porozumienia.

We waded through some quaggy area. | Brnêli¶my przez jaki¶ grz±ski teren.

The company's quinquennium will be celebrated at this hotel. | Piêciolecie firmy bêdziemy obchodziæ w tym hotelu.

He never felt quite comfortable among those dillies. | Nigdy nie czu³ siê dobrze w¶ród tych niezwyk³ych ludzi.

The effrontery of today's politicians is stupefying. | Arogancja dzisiejszych polityków jest zadziwiaj±ca.

As an expert in medieval battles, he knew everything about 13th century pencels and shields. | Jako ekspert w dziedzinie ¶redniowiecznych bitew  wiedzia³ wszystko o XIX-wiecznych tarczach i chor±gwiach.

He is now perceived as an albatross to the whole party. | Postrzega siê go teraz jako brzemiê dla ca³ej partii.

Richard, the pococurante professor, is a lecturer whom the students either loathe or admire. | Richard, nonszalancki profesor, jest wyk³adowc±, którego studenci albo nienawidz± albo podziwiaj±.

His punctilious language may appear clear and elegant, yet, in fact, the author doesn't say much. | Jego bardzo staranny jêzyk mo¿e siê wydaæ jasny i elegancki, ale w rzeczywisto¶ci autor nie ma zbyt wiele do powiedzenia.
