There was a documentary on TV the other night that seemed to glorify Stalin. Sometimes I think he should be just airbrushed out of history. | Której¶ nocy by³ w telewizji film dokumentalny, który w zasadzie gloryfikowa³ Stalina. Czasem my¶lê, ¿e nale¿a³oby go po prostu wymazaæ z historii. 

Most people just swim with the tide and allow the Government to tax them out of existence and big companies pay them poor wages. | Wiêkszo¶æ ludzi jest jak chor±giewka i pozwala rz±dowi opodatkowywaæ siê na ¶mieræ, a du¿e firmy p³ac± im nêdzne pensje.

I've got this translation deadline for the end of the month and I'm really pushed for time. I'm. even working through the night! | Termin na oddanie t³umaczenia up³ywa mi pod koniec miesi±ca i naprawdê brak mi czasu. Pracujê nawet w nocy!

I've done my time. Now I just want to fit back into society and live an honest, normal life. | Swoje odsiedzia³em. Teraz chcê wróciæ na ³ono spo³eczeñstwa i wie¶æ uczciwe, normalne ¿ycie.

I'm going to Australia for my gap year before commencing studies at Oxford Uni. | Po szkole ¶redniej wybieram siê na rok do Australii, zanim bêdê kontynuowa³ naukê na Oxfordzie.

Eventually Lech Walesa gave up running in the presidential elections. I think he knew himself that he was yesterday's man. | W koñcu Lech Wa³êsa da³ sobie spokój z kandydowaniem na prezydenta. S±dzê, ¿e zdawa³ sobie sprawê, ¿e odszed³ ju¿ do historii.

He never forgot you insulting him at their wedding 30 years ago. He's got an elephant's memory. | Nigdy ci nie zapomnia³ tego, ¿e obrazi³e¶ go na ich ¶lubie trzydzie¶ci lat temu. Ma pamiêæ jak s³oñ.

Since she found out that she was pregnant, her feet haven't touched the ground. | Od kiedy odkry³a, ¿e jest w ci±¿y, jest ca³a w skowronkach.

Look, I admit I'm not perfect. I'm. only flesh and blood. | S³uchaj, przyznajê, ¿e nie jestem idealny. Jestem cz³owiekiem z krwi i ko¶ci.

The outbreak of SARS in the Far East this year has spread panic of a new doomsday virus. | Wybuch epidemii SARS na Dalekim Wschodzie tego roku wywo³a³ strach przed nowym ¶mierciono¶nym wirusem.

Now that old people are rarely looked after by their children in workaholic Britain, it's a good thing that meals on wheels exist at all. | Obecnie, kiedy w zapracowanej Brytanii starszymi lud¼mi rzadko zajmuj± siê dzieci, to naprawdê dobrze, ¿e opieka spo³eczna i do¿ywianie w ogóle funkcjonuj±.

Tony Blair was accused by some tabloids of being a champagne socialist, after recently holidaying in the Caribbean. | Tony'egu Blaira niektóre brukowce oskar¿y³y o to, ¿e jest farbowanym socjalist±, po tym, jak spêdzi³ wakacje na Karaibach.

I pitied the inexperienced journalist.She was eaten for breakfast by the sharp politician on the news last night. | ¯al mi by³o tej niedo¶wiadczonej dziennikarki. Brutalny polityk zjad³ j± wczoraj  w kaszy w wieczornych wiadomo¶ciach. 

The night clubs were full of randy men looking for a piece of skirt. | The young film director was given a blank cheque by Universal Pictures, to make the greatest blockbuster film in recent years.

The young film director was given a blank cheque by Universal Pictures, to make the greatest blockbuster film in recent years. | Ten m³ody re¿yser dosta³ woln± rêkê od Universal Pictures, by zrobiæ najwiêkszy przebój ostatnich lat. 

Although the USA has many modern problems, I'll never stop believing in the American dream. | Chocia¿ Stany Zjednoczone maj± wiele wspó³czesnych problemów, nigdy nie przestanê wierzyæ w amerykañski sen. 

When I was at polytechnic I did a sandwich course in Engineering Physics, spending my third year at Rutherford Appleton Laboratory. | jak by³em na politechnice, zapisa³em siê na kurs z fizyki dla in¿ynierów i spêdzi³em trzeci rok pracuj±c w laboratorium Rutherford Appleton.

I thought I'd go along for once to the local car boot sale to see if there was anything interesting. I was surprised to find many interesting books in mint condition. | My¶la³em, ¿e wybiorê siê na gie³dê zobaczyæ, czy nie ma czego¶ ciekawego. By³em zaskoczony, bo znalaz³em wiele ciekawych ksi±¿ek w dobrym stanie.

Every week in the business section of my favourite paper they give several profiles of the latest movers and shakers. | Ka¿dego tygodnia na stronach po¶wiêconych biznesowi w mojej ulubionej gazecie umieszczaj± kilka sylwetek wspó³czesnych mo¿nych tego ¶wiata.

The American armoured column had to stop several times on the road to Baghdad to let several ships of the desert pass freely. | Amerykañska koluma wojskowa musia³a kilka razy zatrzymywaæ siê w drodze do Bagdadu, by przepu¶ciæ parê wielb³±dów.

In 2000 at the time of the dotcom boom I used to surf the net all the time, but these days the novelty has worn off and I mainly just use my email. | W 200 roku w czasach boomu internetowego wci±¿ serfowa³em po sieci, ale teraz czar nowo¶ci prys³ i g³ównie u¿ywam poczty elektronicznej. 

On holiday in the south of France this summer we visited many beautiful chateaus - and every one had a good cellar. | Podczas wakacji na po³udniu Francji tego lata odwiedzili¶my wiele wspania³ych chateau - ka¿de z nich mia³o nie¼le wyposa¿on± piwniczkê!

Jane and Julie were just sick of the wolf-whistles they kept getting from the bricklayers, whilst they walked to the local wine bar on their lunch break. | Jane i Julie mia³y naprawdê do¶æ tych gwizdów, które fundowali im murarze, kiedy sz³y do lokalnego baru z winem w przerwie na lunch.

A crazy pupil attacked a few of his teachers with an axe a few years ago in Wroclaw. Looks like the blackboard jungle is coming over from the USA. | Szalony uczeñ parê lat temu we Wroc³awiu zaatakowa³ siekier± kilku swoich nauczycieli. Wygl±da na to, ¿eszkolna ma³piarnia szerzy siê z USA.

I would never like to be really famous like Michael Jackson. If I was my life would be put under the microscope and I would probably end up as whacko as him! | Nigdy nie chcia³bym byæ naprawdê s³awny, jak Michael Jackson. Gdybym by³, moje ¿ycie wziêto by pod lupê, a ja pewnie bym skoñczy³ jako czubek, tak jak on!

His skills were so valuable to the company that they gave him a very generous golden hello, so that he wouldn't go and work for their most dangerous competitor. | Jego umiejêtno¶ci by³y dla spó³ki tak cenne, ¿e dali mu spory prezent w gotówce, by nie poszed³ do najpowa¿neijszego konkurenta.

You should alternate which shoulder you carry your handbag on, or if not you'll end up with handbag syndrome. | Powiniene¶ zmieniaæ ramiê, na którym nosisz torbê, bo dorobisz siê bólu pleców.

Before the Americans entered Baghdad in 2003, there were great fears of hand-to-hand fighting, which never materialised. | Zanim Amerykanie wkroczyli do Bagdadu w 2003 roku, by³y powa¿ne obawy, ¿e dojdzie do walk wrêcz, ale te obawy nigdy siê nie zrealizowa³y.

The next time a squeegee pest bothers me I'll shoot him, or perhaps better buy a "NO SQUEEGEE" car sticker! | Nastêpnym razem, jak ch³opiec od szyb zacznie mnie nagabywaæ, zastrzelê go, albo kupiê naklejkê samochodow± "nie myæ szyb"!

If you really want to speak good English, then you must really understand what your lessons are about, rather than learning parrot-fashion. The Callan Method is a good example of this problem. | Je¶li naprawdê chcesz mówiæ dobrze po angielsku, musisz naprawdê rozumieæ, o co chodzi na lekcjach, a nie uczyæ siê mechanicznie na pamiêæ. Metoda Callana dobrze ilustruje ten problem. 

The League of Polish Families really tried to throw a spanner in the works, by telling people to vote "NO" in the referendum on joining the EU. | Liga Rodzin Polskich próbowa³a sypaæ piasek w tryby, mówi±c ludziom, by g³osowali na "nie" w referendum dotycz±cym akcesji do Unii Europejskiej.

In Georgia the opposition are currently up in arms over the falsified election results. | W Gruzji opozycja jest w chwili obecnej w stanie wrzenia z powodu sfa³szowanych wyników wyborów.

The novelist's bestseller turned out to be just a flash in the pan. | Bestseller tego pisarza okaza³ siê byæ jednorazowym sukcesem.

Before our weekend trip to Barcelona I'd like to brush up on my Spanish. | Przed nasz± weekendow± wycieczk± do barcelony chcia³bym od¶wie¿yæ sobie hiszpañski.

Eddy Murphy's laugh was so infectious that soon the whole audience was roaring with laughter. | ¦miech Eddy'ego Murphy'ego by³ tak zara¼liwy, ¿e zaraz ca³a publiczno¶æ rycza³a ze ¶miechu.

I've had enough of sacrificing my time for others. Now I'm going to take care of number 1. | Mam ju¿ do¶æ po¶wiêcania czasu dla innych. Zacznê siê troszczyæ o siebie. 

He's got a one-track mind - sex! His latest obsession is Agnieszka Tomala from "Bar". | W g³owie mu tylko jedno - seks! Jego ostatni± obsesj± jest Agnieszka Tomala z "Baru".

The Queen Mother always liked to have a night-cap, they say that's why she lived to be 101. | Królowa Matka zawsze lubi³a sobie wypiæ przed za¶niêciem, mówi±, ¿e dziêki temu do¿y³a stu jeden lat. 

The honeymoon is now long over for Leszek Miller and his government. | Dla Leszka Millera i jego rz±du miesi±c miodowy dawno min±³. 

The shareholders' scandal damaged him badly, but the old-boy network came to the rescue. | Skandal z udzia³owcami mocno mu zaszkodzi³, ale republika kolesiów pospieszy³a na pomoc. 

She was really egging her friend on to steal the full pint of lager, left on the table in the nightclub. | Naprawdê podjudza³a kolegê do kradzie¿y pe³nego kufla piwa, zostawionego na stole w nocnym klubie. 

At my first performance I just froze. It must have been stage-fright. | Przy moim pierwszym wystêpie zmrozi³o mnie. Chyba lêkam siê wyst±pieñ publicznych. 

After walking round town all morning doing Christmas shopping I'm whacked. Let's go to Starbucks for a coffee. | Po chodzeniu przez ca³y ranek po mie¶cie i robieniu ¶wiatecznycm zakupów jestem wykoñczony. Skoczmy na kawê do Starbucks.

She's been the bread-winner of the family ever since her husband was made redundant. | By³a jedynym ¿ywicielem rodziny od kiedy jej m±¿ wylecia³ z  pracy.

Kate's been glued to the phone all day, chatting with her new boyfriend. | Kate wisi na telefonie ca³y dzieñ, plotkuj±c ze swoim nowym ch³opakiem. 

Come on, get scrubbing! I want to see this restaurant spick and span before we go home. | Chod¼ i we¼ szczotkê! Zanim pójdziemy do domu, chcê widzieæ jak ta restauracja l¶ni z czysto¶ci. 

Don't you think he's a bit long in the tooth to buy a motorbike? | Nie s±dzisz, ¿e on jest trochê za stary na kupno motocykla?

You've got a real knack for sewing. Why don't you set up your own business and website? | Masz prawdziwy dar do szycia. Czemu nie za³o¿ysz firmy i nie zrobisz witryny internetowej?

People are beginning to complain to the council about the many sleeping policemen around our estate. They're damaging people's cars. At least less children get damaged though! | Ludzie zaczynaj± sk³adaæ za¿alenia w sprawie du¿ej ilo¶ci ¶pi±cych policjantów w naszej okolicy, które niszcz± samochody. Przynajmniej mniej dzieci odniesie obra¿enia!

He got a little drunk and gave his wife the shivers at the New Year's Eve ball last week. | Trochê siê wstawi³ i narobi³ ¿onie obciachu na balu sylwestrowym w zesz³ym tygodniu.

A lot of grey matter went into designing the British-built Beagle 2 spacecraft. Too bad it ultimately went missing on Mars! | Sporo szarych komórek pracowa³o nad brytyjskim statkiem kosmicznym Beagle 2. Szkoda, ¿e ostatecznie nie trafi³ na Marsa!

Oh dear, I think Poland is now in Germany's black books after their recent dispute over EU weighted votes! | Mój drogi, s±dzê, ¿e Polska ma ty³y u Niemców po niedawnej dyspucie o systemie g³osowania w Unii Europejskiej!

Our village neighbour allows her chickens to roam all over our garden, and won't build an enclosure for them. Just another garden-fence dispute, despite the lack of a fence! | Nasza s±siadka we wsi pozwala swoim kurczakom ³aziæ po naszym ogrodzie i nie chce im zbudowaæ zagródki. To kolejny temat s±siedzkiego sporu przez p³ot, chocia¿ akurat p³otu brak!

The US soldier was still wet behind the ears when he arrived for his tour of duty in Irak. | Amerykañski ¿o³nierz by³ wci±¿ niedo¶wiadczony, gdy trafi³ na placówkê w Iraku. 

I came within a whisker of winning a luxury cruise on the new Queen Mary 2. | O w³os, a wygra³bym luksusowy rejs na nowym statku Queen Mary 2.

Stop sitting on the fence and decide who you stand by on this issue! | Przestañ siedzieæ okrakiem i zdecyduj siê, kogo popierasz w tej kwestii!

At the latest EU summit the Foreign Minister was given a slap in the face by his counterpart. | na ostatnim szczycie Unii Europejskiej Minister Spraw Zagranicznych dosta³ psztyczka w nos od swojego odpowiednika. 

Many Polish farmers eke out a living by selling rapeseed.  | Wielu polskich rolników stara siê przetrwaæ sprzedaj±c nasiona rzepaku.

What beautiful corkscrew curls your little daughter has! | Jakie ¶liczne spiralne loczki ma twoja córeczka!

If you don't step down from that executive position, you'll risk suffering from career burn-out. | Je¶li nie zrezygnujesz z tego kierowniczego stanowiska, ryzykujesz wypaleniem zawodowym.

I'm in a rut - and just don't know how to find the true job I was born for. | Popad³em w stagnacjê i nie wiem, jak znale¼æ tak± pracê, do której jestem stworzony.

She wanted to devote her life to helping the poor and defenceless, so much so that she eventually ended up taking the veil. | Tak bardzo chcia³a po¶wiêciæ siê pomocy biednym i bezbronnym, ¿e ostatecznie przywdzia³a habit. 

It was only thanks to the backroom boys that the NASA rover called "Spirit" made a perfect landing on Mars, early on Sunday morning. | Tylko dziêki anonimowym pracownikom, rano w niedzielê pojazd NASA "Spirit" bezb³êdnie wyl±dowa³ na Marsie.

In our country it's the people who DON'T work that have their bread buttered on both sides. The government needs to cut benefits fast! | W naszym kraju to w³a¶nie ludzie, którzy NIE pracuj±, maj± lekkie ¿ycie. Rz±d musi szybko obci±æ zasi³ki!

A career in the army is not exactly my cup of tea. All that shouting and discipline! | Kariera w wojsku nie jest dla mnie. Te wszystkie krzyki i dyscyplina!

She's nuts about the new boy in our class. | Ona oszala³a na punkcie nowego ch³opaka w naszej klasie.

I like to watch some breakfast television before setting off for work. My favourite is "Sunrise" on Channel 5. | Lubiê ogl±daæ niektóre poranne programy w TV przed wyj¶ciem do pracy. Mój ulubiony program to "Sunrise" na Channel 5.  

Come on! Pull your finger out and finish writing the next set of idioms for me! | Pospiesz siê! Jed¼ dalej z robot± i skoñcz dla mnie pisaæ nastêpny zestaw idiomów!

My youngest daughter has been badgering me all day to take her shopping. | Moja najm³odsza córka ca³y dzieñ zadrêcza mnie, ¿ebym wzi±³ j± na zakupy.

I once went skinny-dipping in a Scottish loch. The water was bloody freezing! | Kiedy¶ k±pa³em siê nago w szkockim jeziorze. By³o cholernie zimno!

Those kiss-and-tell stories are threatening to ruin his chances to become the next American President. | Te opowie¶ci o jego ¿yciu seksualnym zmniejszaj± jego szanse na objêcie stanowiska Prezydenta USA.

Put a sock in it Jack!, you haven't a clue what you're talking about. | Trzymaj jêzyk za zêbami, Jack! Nie masz pojêcia, o czym mówisz!

You should speak to Charlotte - she's in the know about those things. | Powiniene¶ porozmawiaæ z Charlotte- ona jest dobrze poinformowana o takich sprawach.

Polmos fell foul of the law when it began to sell bottles of vodka with English Language course CDs attached. | Polmos z³ama³ prawo, kiedy do butelek wódki zaczêli do³±czaæ CD z kursem jêzyka angielskiego.

Keep your hair on Joshua! I didn't mean to annoy you. | Nie denerwuj siê, Joshua. Nie chcia³em ciê zirytowaæ.
