The movie was derided by critics. | Ten film zosta³ wyszydzony przez krytyków.

I will never forget the beguiling lovely landscape. | Nigdy nie zapomnê tego mami±cego, piêknego krajobrazu.

They were toiling all winter to survive. | Ca³± zimê mozolili siê, by przetrwaæ.

I can't stand such whimsical people. | Nie znoszê takich kapry¶nych ludzi.

This bumbling guy simply makes me laugh. | Ten pope³niaj±cy gafy facet po prostu mnie ¶mieszy.

She got angry when a paper jam occured and swiped the printer. | Zez³o¶ci³a siê, kiedy zaci±³ siê papier i z rozmachem uderzy³a drukarkê.

The operation proved more difficult than the doctors expected. The reason was profuse bleeding nobody had forseen.  | Operacja okaza³a siê trudniejsza, ni¿ lekarze siê spodziewali. Przyczyn± by³o obfite krwawienie, którego nikt nie przewidzia³. 

She visits doctors every day and tells them stories about her ailments that need treatment.  | Codziennie chodzi do lekarzy i opowiada im o swoich dolegliwo¶ciach, które trzeba leczyæ.

The children splattered the milk all over the kitchen. | Dzieci pochlapa³y ca³± kuchniê mlekiem.

This tabloid seems to have set adulation for this politician as one of its objectives. | Wydaje siê, ¿e ten brukowiec za jeden ze swoich g³ównych celów obra³ schlebianie temu politykowi.

If you think you can find a clue to solve such intricate issues, I'm telling you you're wrong. | Je¶li s±dzisz, ¿e wiesz, jak rozwi±zaæ tak zawi³e zagadnienia, jeste¶ w b³êdzie.

Don't worry this teacher just loves to chaff and what happened today morning doesn't mean youre gonna have trouble. | Nie przejmuj siê ten nauczyciel po prostu uwielbia dokuczaæ i to, co sta³o siê dzi¶ rano nie oznacza, ¿e bêdziesz mia³ k³opoty.

Mary skives a little bit, but all in all she's a pretty good waitress. | Mary trochê bumeluje, ale w sumie jest dosyc dobr± kelnerk±.

At the press conference the illustrious film director appeared rather dull. | Podczas konferencji prasowej ten s³ynny re¿yser filmowy wyda³ siê dosyc bezbarwny.

They decided to overstay because the weather was great. | Postanowili przed³u¿yc pobyt, poniewa¿ pogoda by³a wspania³a.

She made a flimsy excuse about her grandma not feeling well. | Pos³u¿y³a siê ma³o przekonuj±c± wymówk± o z³ym samopoczuciu swojej babci.

The whole area was full of marauding thugs. | Ca³a okolica by³a pe³na pl±druj±cych opryszków.

She tends to nitpick everyone so don't be surprised if it happens now and then. | Ona ma tendencjê do z³o¶liwego krytykowania wszystkich, wiêc nie zdziw siê, je¶li to od czasu do czasu siê stanie.

In some Arab countries haggling is a matter of honour. | W niektórych krajach arabskich targowanie siê to kwestia honoru.

This movement wants the northern region to secede from the rest of the country. | Ruch ten chce od³±czenia siê regionu pó³nocnego od reszty kraju.

The actors of the street theatre were walking on stilts. | Aktorzy teatru ulicznego chodzili na szczud³ach.

There were several defence posts on the perimeter wall of the military base. | Na murze granicznym bazy wojskowej znajdowa³o siê kilka stanowisk obronnych.

His speech was an act of defiance against the new authorities. | Jego wyst±pienie by³o aktem buntu przeciw nowym w³adzom.

Think it over, before you get yourself into this dicey investment. | Przemy¶l to jeszcze raz, zanim wpakujesz siê w tê ryzykown± inwestycjê.

I wouldn't buy such a gimcrack bracelet. | Nie kupi³abym tak tandetnej bransoletki.

She's always preferred the seclusion of the countryside than the clamour of the city. | Zawsze wola³a wiejskie zacisze od zgie³ku miasta.

He underpinned his theory with research results. | Swoj± teoriê podpar³ wynikami badañ.

I admired her tenacity in realization of that project. | Podziwia³em jej nieustêpliwo¶æ w realizacji tamtego projektu.

I just can't stand his cavalier attitude. | Po prostu nie mogê znie¶æ jego aroganckiej postawy.

He was so angry, that he didn't even bother with civilities. | By³ tak z³y, ¿e nawet nie zawraca³ sobie g³owy grzeczno¶ciami.

In a fit of pique Sue refused to talk to her mother. | W poczuciu ura¿onej dumy Sue nie chcia³a rozmawiaæ ze swoj± matk±.

A well-known surgeon was accused of malpractice. | Znany chirurg zosta³ oskar¿ony o b³±d w sztuce lekarskiej.

She's been alloted 7 days to move out from the apartment. | Dano jej 7 dni na wyprowadzenie siê z mieszkania.

I can't stand it no more, she's so testy that one word makes her yell at you. | Nie mogê ju¿ tego znie¶æ, ona jest tak dra¿liwa  jedno s³owo sprawia, ¿e zaczyna na ciebie krzyczeæ.

It was written in some rag that she was pregnant, which is of course untrue. | W jakim¶ szmat³awcu napisano, ¿e ona jest w ci±¿y, co oczywi¶cie jest nieprawd±.

Her statement caused a flurry of comments in the press. | Jej o¶wiadczenie spowodowa³o przyp³yw komentarzy w prasie.

Victory in the first match was an auspicious beginning of the season for the team. | Zwyciêstwo w pierwszym meczu by³o pomy¶lnym pocz±tkiem sezonu dla dru¿yny.

All knights had to swear allegiance to their king. | Wszyscy rycerze musieli przyrzec lojalno¶æ swemu królowi.

It was very callous of Jim to treat that kid in such a cold way. | To by³o bezduszne ze strony Jim'a, tak ch³odno potraktowaæ tego dzieciaka.

She couldn't hide her gaiety and danced around us. | Nie mog³a ukryæ swej rado¶ci i zatañczy³a wokó³ nas.

It seemed incongruous to bring electronic equipment from Egypt. | Wydawa³o siê absurdem przywoziæ sprzêt elektroniczny z Egiptu.

Company's president doesn't have much leverage on the board. | Prezes firmy nie ma zbyt du¿ego wp³ywu na zarz±d.

The scientists have developed a viable alternative to chemotherapy. | Naukowcy znale¼li realn± alternatywê dla chemioterapii.

The thief eluded police by fleeing with a stolen car. | Z³odziej umkn±³ policji, uciekaj±c skradzionym samochodem.

After starting a business in US, he quickly became a respected food industry tycoon. | Po tym jak zacz±³ biznes w Stanach, szybko sta³ siê powa¿anym potentatem przemys³u spo¿ywczego.

Tom's penchant for heavy drinking worries his mother. | Sk³onno¶æ Tomka do ostrego picia martwi jego matkê.

The police has eliminated all foes of the dictatorship during those years. | Policja wyeliminowa³a wszystkich wrogów dyktatury przez te lata.

Ann is a Latin cinema aficionado. | Anna jest mi³o¶nikiem kina latynoskiego.

The exhausted travellers were wobbling through the forest. | Wycieñczeni wêdrowcy chwiejnym krokiem szli przez las.

Don't slouch! Why can't you sit straight? | Nie garb siê! Dlaczego nie mo¿esz siedzieæ prosto?

She was fidgeting with her pen, waiting impatiently for them to call her in. | Bawi³a siê d³ugopisem, czekaj±c niecierpliwie, a¿ wezw± j± do ¶rodka.

This teacher tends to misconstrue the reasons for children's misbehaviour. | Ten nauczyciel na ogó³ b³êdnie interpretuje przyczyny z³ego zachowania dzieci.

The dog started drooling at the smell of meat. | Pies zacz±³ siê ¶liniæ, kiedy poczu³ zapach miêsa.

The waiter gave a snort of contempt at the tip we offered. | Kelner prychn±³ z pogard± na widok napiwku, który mu dali¶my.

The baby started to whimper weakly. | Dziecko zaczê³o lekko kwiliæ.

Compliant people are asy to manipulate. | £atwo manipulowaæ uleg³ymi lud¼mi.

He forever remained their implacable enemy. | Na zawsze pozosta³ ich zaciek³ym wrogiem.

Her resilience and resourcefulness are astounding. | Jej prê¿no¶æ i zaradno¶æ a zdumiewaj±ce.

An unexpected surge in house prices resulted in complex changes at the market. | Niespodziewany gwa³towny wzrost cen mieszkañ spowodowa³ z³o¿one zmiany na rynku.

They sprawled on the floor and played the board game. | Roz³o¿yli siê na pod³odze i grali w grê planszow±.

I thought she wasn't going to recover after this harrowing experience. | My¶la³em, ¿e ona nie dojdzie do siebie po tym koszmarnym do¶wiadczeniu.

She gave the horse's muzzle a gentle stroke. | Delikatnie pog³aska³a koñski pysk.

He simply chose this way of living and proudly calls himself a hobo. | Po prostu wybra³ ten sposób ¿ycia i z dum± nazywa siê w³óczêg±.

I'm afraid there is no reasonable way to tackle this issue. | Obawiam siê, ¿e nie mo¿na poradziæ sobie z tym problemem w rozs±dny sposób.

Why don't you even try to consider this issue from a different standpoint? | Dlaczego nawet nie spróbujesz rozwa¿yæ tej kwestii z innego punktu widzenia?

This foul-mouthed guy makes me really angry. | Ten wulgarny facet naprawdê mnie denerwuje.

According to that belief, the country's economy is stifled by the government. | Wed³ug tego przekonania, rz±d t³umi gospodarkê pañstwa.

She noticed a fleeting smile at her father's face. | Zauwa¿y³a przelotny u¶miech na twarzy ojca.

He never was himself again after the internment. | Nigdy nie by³ ju¿ sob± po internowaniu.

He never really was himself again after the internment. | Tak naprawdê nie by³ ju¿ nigdy sob± po internowaniu.

The judge announced the decision about his acquittal. | Sêdzia og³osi³ decyzjê o jego uniewinnieniu.

She tends to talk about her youth as halcyon days, but it isn't really true. | Ona ma sk³onno¶ci do opowiadania o swojej m³odo¶ci jak o b³ogich czasach, ale to nie do koñca jest prawd±.

The receptionist gave me a prompt response.Please, do your best to be prompt because we'll be in a hurry. | Recepcjonistka da³a mi dok³adn± odpowied¼.Proszê, postaraj siê byæ punktualnie, bo bêdziemy siê spieszyæ.

I never do shopping in this mall. Most of the stores here offer tawdry goods. | Nigdy nie robiê zakupów w tym centrum handlowym. Wiêkszo¶æ tutejszych sklepów oferuje tandetne produkty.

Share prices will plummet if the political crisis begins. | Ceny akcji obni¿± siê, je¶li zacznie siê polityczny kryzys.

I thought they'd be exchanging pleasantries for ages. | My¶la³em, ¿e bêd± wymieniaæ uprzejmo¶ci w nieskoñczono¶æ.

How long has she been so sulky? Whatever happened? | Jak d³ugo ona jest taka naburmuszona? Co siê sta³o?

The girl crouched in the corner is Jenny's daughter. | Ta dziewczynka przykucniêta w rogu to córka Jenny.

I'd rather not talk to that obnoxious guy. | Wola³bym nie rozmawiaæ z tym nieprzyjemnym facetem.

Ted sqiunted at his brother and watched him carefully, trying to understand what he meant. | Ted ze zmru¿onymi oczami spojrza³ na brata i przygl±da³ mu siê uwa¿nie, próbuj±c zrozumieæ, o co mu chodzi³o.

The young teacher couldn't continue her speech since she was heckled by impatient students. | M³oda nauczycielka nie mog³a kontynuowaæ, poniewa¿ niecierpliwi uczniowie przerywali jej pytaniami.

She must have made up the story to excuse herself. It was full of mind-bending episodes. | Musia³a zmy¶liæ têhistoriê, ¿eby siê usprawiedliwiæ. By³o w niej mnóstwo niezrozumia³ych epizodów.

The soldier was on sentry duty at four a.m. and couldn't have had anything to do with the incident. | Ten ¿o³nierz o czwartej rano pe³ni³ wartê i nie móg³ mieæ nic wspólnego z tym incydentem.

They must have been duped. | Na pewno zostali oszukani.

We followed her through the commodious rooms. | Szlismy za ni± przez obszerne pokoje.

How did you find your new colleague?''Well, I think he's really standoffish... or perhaps simply nervous and uptight.' | 'Jakie wra¿enie wywar³ na tobie twój nowy kolega?''Hm, my¶lê, ¿e jest bardzo sztywny... a mo¿e po prostu nerwowy i spiêty.'

This writer presents an extremely naive point of view on ways of eradicating all social problems. | Ten pisarz prezentuje nies³ychanie naiwny pogl±d na temat sposobu wyplenienia wszelkich problemów spo³ecznych.

The priestess had an oracular dream. | Kap³anka mia³a proroczy sen.

The visitors were belauding the meal. | Go¶cie wychwalali posi³ek.

The alarm clock went off with a jarring sound. | Budzik zadzwoni³ wydaj±c zgrzytliwy d¼wiêk.

She grinned malevolently at her opponent. | Nie¿yczliwie siê u¶miechnê³a do swojego przeciwnika.

It's funny to watch a film like that to see the actors overplay and follow the simplistic plot. | zabawnie jest ogl±daæ taki film patrzeæ, jak aktorzy przesadnie graj± i pod±¿aæ za prostacka fabu³±.

You're going to find a beautiful lea if you follow this path. | Znajdziesz piêkn± polanê je¶li pójdziesz t± ¶cie¿k±.

You can't act like a wimp if you wanna get what you need. | Nie mo¿esz zachowywaæ siê jak miêczak, je¶li chcesz zdobyæ to, czego potrzebujesz.

They were all petrified when they had heard the news. | Wszyscy byli os³upiali, kiedy us³yszeli wiadomo¶ci.

She responded in a mincing tone. | Odpowiedzia³a afektowanym tonem.

Her fondness of mushy movies always astonishes me. | Jej zami³owanie do ³zawych filmów zawsze mnie zdumiewa.

The court stated it was inapt to criticize the pope. | S±d stwierdzi³, ¿e niestosowne jest krytykowanie papie¿a.

Magda is a bit wayward, but on the whole she's a cooperative girl. | Magda jest nieco kapry¶na, ale ogólnie to dziewczyna chêtna do wspó³pracy.

The naughty boy laughed impishly and ran out of the room. | Niegrzeczny ch³opiec ³obuzersko siê za¶mia³ i wybieg³ z pokoju.

This mannerly young man should be a role model for all of you. | Ten dobrze wychowany mlody cz³owiek powinien stanowiæ wzór do na¶ladowania dla was wszystkich.

The scattershot decision they made will cause problems. | Nieprzemy¶lana decyzja, któr± podjêli, spowoduje problemy.

Why can't she refrain from making those scathing remarks? | Dlaczego ona nie mo¿e siê powstrzymaæ od tych zgry¼liwych uwag?

His ramshackle car can't be mistaken for anyone else's. | Jego zdezelowanego samochodu nie sposób pomyliæ z niczyim innym.

Her forethought saved their lives in those terrible times. | Jej zapobiegliwo¶æ uratowa³a im ¿ycie w tych straszliwych czasach.

The manager will be reinstated next week. | Kierownik zostanie przywrócony na stanowisko w przysz³ym tygodniu.

She's an outspoken girl she's not going to bury her head in the sand. | To bezpo¶rednia i szczera dziewczyna nie bêdzie chowaæ g³owy w piasek.

She asked the question in a plaintive voice. | Melancholijnym tonem zada³a pytanie.

I should have known what was going on the moment I noticed she was making furtive phone calls quite often. | Powinienem by³ wiedzieæ, co siê dzieje w momencie, kiedy zauwa¿y³em, ¿e ona czêsto wykonje ukradkowe telefony.

She was looking angrily at the debaters, outfacing the least self-confident ones. | Patrzy³a gniewnie na dyskutantów, onie¶mielaj±c najmniej pewnych siebie.

Twenty minutes after the movie started started, I gave up trying to understand its intricate plot. | Dwadzie¶cia minut po rozpoczêciu filmu zaniecha³em prób zrozumienia zagmatwanej fabu³y.

I need to bunk a little bit before getting down to work. | Muszê siê troszkê przespaæ, zanim zabiorê siê do pracy.

Everything's wrong about that movie the plot is boring and the cast mushily utter terrible dialogues. | W tym filmie wszystko jest z³e fabu³a nudna, a aktorzy ckliwie wyg³aszaj± okropne dialogi.

Being the cynosure of all eyes, the actress was feeling great. | Jako obiekt zainteresowania wszystkich aktorka czu³a siê ¶wietnie.

We've seen a swarm of bees near the bee yard. | Widzieli¶my rój pszczó³ w pobli¿u pasieki.

She felt despondent and lonely. | Czu³a siê przygnêbiona i samotna.

The baby's putative father left the country. | Domniemany ojciec dziecko opu¶ci³ kraj.

Quackery is becoming popular again people will do everything for a glimmer of hope. | Znachorstwo znowu staje siê popularne ludzie zrobi± wszystko dla cienia nadziei.

He came up hobbling and moaning. | Podszed³ utykaj±c i jêcz±c.

He was listening to the whole story with a sinking feeling. | S³ucha³ ca³ej opowie¶ci z uciskiem w do³ku.

His hopes for a sizeable income and stable job vanished. | Jego nadzieje na spory dochód i stabiln± pracê rozwia³y siê.

The organization of the whole concert was simply farcical. | Organizacja ca³ego koncertu by³a po prostu niedorzeczna.

I think we should leave if he tries to clobber you. | My¶lê, ¿e powinni¶my odej¶æ je¶li on spróbuje ciê uderzyæ.

Living in such a close-knit community has certain advantages. | ¯ycie w takiej blisko zwi±zanej spo³eczno¶ci ma pewne zalety.

Ask that boffin for help if you have problems with your computer. | Popro¶ tego jajog³owego o pomoc, je¶li masz problemy z komputerem.

The fact his son turned out a bookish type of person worried the famous footballer. | To, ¿e jego syn okaza³ siê osob± wiecznie pogr±¿on± w lekturze, martwi³o s³ynnego pi³karza.

Her facetious remark made her granny feel annoyed. | Jej niestosowna ¿artobliwa uwaga sprawi³a, ¿e babcia poczu³a siê rozdra¿niona.

A flock of birds come to roost in the tree every night. | Stado ptaków gnie¼dzi siê na tym drzewie ka¿dej nocy.

The suburbian dwellings we visited were full of creepy-crawlies. | Mieszkania na prdzedmie¶ciach, które odwiedzili¶my, by³y pe³ne robali.

When the group of burly guys emerged, we decided to leave. | Kiedy pojawi³a siê grupka zwalistych facetów, postanowili¶my wyj¶æ.

All these meetings are spent on rehashing old matters. | Wszystkie te spotkania spêdzamy na przedstawianiu tych samych spraw w nowej formie.

You'll enjoy this movie. Witty dialogues, in-jokes and accurate insights into the show-biz are in abundancy. | Spodoba ci siê ten film. Dowcipnych dialogów, ¿artów srodowiskowych i trafnych opisów show-biznesu jest pod dostatkiem.

He had enough manual dexterity to learn how to draw in such a short period of time. | Mia³ wystarczaj±co du¿o sprawno¶ci manualnej, ¿eby nauczyæ siê rysowaæ w tak krótkim okresie czasu.

We were impressed by dexterous movements of the novice dancer. | Bylismy pod wra¿eniem zrêcznych ruchów pocz±tkuj±cego tancerza.

A great snake was moving toward us, slithering through the grass. | Wielki w±¿ zbli¿a³ siê w naszym kierunku, pe³zn±c przez trawê.

Large worms were wriggling in the earth. | W ziemi wi³y siê wielkie robaki.

It was a lovely morning, with birds chirping outside and sun shining brightly. | To by³ ¶liczny poranek, ptaki æwierka³y na zewn±trz, a s³oñce jasno ¶wieci³o.

He's described as an artist famous for his panache. | Zosta³ opisany jako artysta znany ze swojej elegancji.

With his flair for languages, Paul shouldn't worry about the future. | Przy swojej smyka³ce do jêzyków, Paul nie powinien obawiaæ siê o przysz³o¶æ.

He was found guilty of several acts of imposture. | Zosta³ uznany winnym kilku oszustw.

Waiting for a propitious moment to start a company is perhaps a good strategy in your case. | Czekanie na sprzyjaj±cy moment, ¿eby za³o¿yæ frimê to zapewne dobra strategia w twoim przypadku.

The cat scurried back to the room as the kids ran into the house. | Kot popêdzi³ z powrotem do pokoju, kiedy dzieci wbieg³y do domu.

Those revelries next door make me angry. | Denerwuj± mnie popijawy u s±siadów.

Scourged by war, they were incapable of coming back to normal lives. | Ciê¿ko do¶wiadczeni przez wojnê, nie byli w stanie powróciæ do normalnego ¿ycia.

A horrid smell was coming out of the room. | Z pomieszczenia wydobywa³ siê ohydny smród.

A group of scrawny children was walking along the road. | Grupka ko¶cistych dzieci sz³a wzd³u¿ drogi.

When Maggie told her in-laws she was a veggie, they stared at her as at a crank. | kiedy Maggie powiedziala swoim te¶ciom, ¿e jest wegetraiank±, patrzyli na ni± jak na dziwol±ga.

He described all the lurid details of the murder. | Opisa³ wszystkie drastyczne szczegó³y morderstwa.

He usually acts genteel noblemen. | On zazwyczaj gra panów z wy¿szych sfer.

The hospital is so shorthanded that all our nurses work overtime. | Szpital nie zatrudnia dostatecznej ilo¶ci pracowników, wiêc wszystkie nasze pielêgniarki pracuj± po godzinach.

Her unkind reply disconcerted him. | Jej niemi³a odpowied¼ wprawi³a go w zak³opotanie.

You've got to remember he's awfully impetuous. | Musisz pamiêtaæ, ¿e on jest okropnie porywczy.

They organized a couple of noteworthy performances. | Zorganizowali parê godnych uwagi przedstawieñ.

He's an author of jejune novels and naive plays. | Jest autorem nudnych powie¶ci i naiwnych sztuk.

His elocutionary talent was appreciated by the audience. | Jego talent krasomówczy zosta³ doceniony przez publiczno¶æ.

Two students kept on sniggering at their teacher throughout the lesson. | Dwie uczennice pod¶miewa³y siê z nauczyciela przez ca³± lekcjê.

Your cat's fur is matted you've got to comb her. | Sier¶æ twojej kotki jest spl±tana musisz j± uczesaæ.

A shipment of amphetamine was intercepted at the airport. | £adunek amfetaminy zosta³ przechwycony na lotnisku.

The teacher gave us a deprecatory look. | Nauczyciel rzuci³ nam gani±ce spojrzenie.

He answered the questions exasperatedly. | Odpowiada³ na pytania z irytacj±

His hands were cloggy and his smile unpleasant when he greeted us. | Jego rêce by³y spocone, a u¶miech nieprzyjemny kiedy nas wita³.

The plot of that worthless tearjerker is based on sentimental gimmickry. | Fabu³a tego bezwarto¶ciowego wyciskacza ³ez opiera siê na sentymentalnych sztuczkach.

There was a noisy fracas in the street again tonight. | Dzi¶ wieczorem znowu by³a ha³a¶liwa burda na ulicy.

Basically, the movie is syrupy-sweet tinsel. | Ten film to w zasadzie przes³odzony blichtr.

The suspect absconded easily. | Podejrzany zbieg³ z ³atwo¶ci±.

The municipal police in Warsaw are a real threat to hucksters, but when it comes to real problems they don't prove helpful. | Stra¿ Miejska w  Warszawie jest postrachem handlarzy ulicznych, ale je¶li chodzi o prawdziwe problemy nie okazuje siê pomocna.

She smiled bashfully at the compliment. | U¶miechnê³a siê wstydliwie, us³yszawszy komplement.

She lacks certain poise you can only acquire in the family. | Brak jej pewnej swobody,któr± mo¿na nabyæ jedynie w domu.

During History classes Paula always doodles and fidgets with her pen. | Na lekcjach historii Paula zawsze rysuje esy-floresy i bawi siê d³ugopisem.

Stop bellyaching or we're coming back home. | Przestañ kwêkaæ albo wracamy do domu.

Tell that snooper to leave you alone. | Powiedz temu ciekawskiemu, ¿eby zostawi³ ciê w spokoju.

Anna explained her reasons in a placating voice. | Anna poda³a swoje argumenty uspokajaj±cym tonem.

He is winsome and unassuming, which makes everybody enjoy his company. | Jest ujmuj±cy i bezpretensjonalny, co sprawia, ¿e wszyscy lubi± jego towarzystwo.

If you had foreknown the consequences, why did you act this way? | Skoro z góry wiedzia³e¶ o konsekwencjach, dlaczego tak post±pi³e¶?

Henry's freewheeling lifestyle is what his neighbours find offensive. | S±siedzi Henry'ego uwa¿aj± jego swobodny styl ¿ycia za nieprzyzwoity.

Blood was oozing through the bandage and we had little time to get tho the hospital. | Krew s±czy³a siê przez opatrunek i mieli¶my ma³o czasu, ¿eby dostaæ siê do szpitala.

The work had been meticuously planned, however, Jimmy spoilt it all. | Ca³a praca by³a skrupulatnie zaplanowana, jednak Jimmy wszystko zepsu³.

'Mind your own business', she retorted. | Pilnuj swojego nosa', odgryz³a siê.

As a result of his disease with all its concomitant problems, Mark's family had to change their lives and habits. | Na skutek jego choroby i wsztystkich zwi±zanych z ni± problemów rodzina Mark'a musia³a zmieniæ swoje ¿ycie i przyzwyczajenia.

The Ronsons always serve heady drinks. | Ronsonowie zawsze podaj± uderzajce do g³owy drinki.

Julka's got chickenpox and will be bedrdden for a couple of days. | Julka ma ospê wietrzn± i bêdzie przykuta do ³ó¿ka przez kilka dni.

This social group is often regarded as effete and decadent. | Ta grupa spo³eczna jest czêsto uwa¿ana za s³ab±¶ i dekadenck±.

After a long dispute, a bipartite contract has been signed. | Po d³ugiej dyskusji podpisano dwustronn± umowê.

It will be really inexpedient for them to state their opinion. | Naprawdê niekorzystne bêdzie dla nich wyra¿enie swojego zdania.

She's habitually overweening, which really annoys me. | Ona zawsze zachowuje siê arogancko, co strasznie mnie denerwuje.

With such a captious examinator you may feel really scared. | Przy tak drobiazgowym egzaminatorze mo¿esz siê naprawdê baæ.

He's absolutely partial in his judgements, which has affected many people. | On jest zupe³nie stronniczy w swoich s±dach, co dotknê³o wielu ludzi.

There have been disputes concerning imposing the tax. | Wokó³ narzucenia podatku toczy³y siê dyskusje.

His clothes pong it's disgusting! | Jego ubrania ¶mierdz± to obrzydliwe!

He was responsible for the headcount and documents. | On by³ odpowiedzialny za sprawdzenie stanu osobowego i dokumentacjê.

He gave her a perfunctory kiss and left without a single word. | Poca³owa³ j± niedbale i wyszed³ bez s³owa.

The manager is going to propound another plan. | Kierownik przed³o¿y inny plan.

He was suffering from numerous gaping wounds. | Cierpia³ z powodu wielu otwartych ran.

That gawky guy over there is Ann's brother. | Ten tyczkowaty ch³opak to brat Ann.

You must have noticed that little knock-kneed boy before. | Musia³e¶ ju¿ wcze¶niej zauwa¿yæ tego ma³ego ch³opca o iksowatych nogach.

I feel a bit crummy can we talk later? | Trochê marnie siê czujê mo¿emy porozmawiaæ pó¼niej?

I haven't got a clue  how should I talk to that cranky guy? | Nie mam pojecia jak mam rozmawiac z tym pomylonym facetem?

Sally's neighboours have been hassling her lately because of the part she made. | S±siedzi Sally dokuczaj± jej ostatnio z powodu przyjêcia, które zrobi³a.

The team had to take part in a series of gruelling training sessions. | Dru¿yna musia³a wzi±æ udzia³ w serii wyczerpuj±cych treningów.

The soup had a familiar pungent taste. | Zupa mia³a znajomy, pikantny smak.

My parents couldn't stand the upstarts next door. | Moi rodzice nie mogli wytrzymaæ z tymi nuworyszami z s±siedztwa.

The editor-in-chief was angry having read another e-mail message sent by the same scribbler as usual. | Redaktor naczelny by³ w¶ciek³y po przeczytaniu e-maila od tego samego co zwykle grafomana.

We entered a floodlit ballroom. | Weszli¶my do rzêsi¶cie o¶wietlonej sali balowej.

I found my grandma in a really buoyant mood. | Zasta³em babciê w dobrym nastroju.

Henry's famous for his incisive remarks. | Henry s³ynie ze swoich ciêtych uwag.

Henry's famous for his incisive remarks. | Henry s³ynie ze swoich ciêtych uwag.

Nicole Kidman is inescapably one of the best actors of her generation. | Nicole Kidman jest niezaprzeczalnie jedn± z najlepszych aktorek swojego pokolenia.

It was just a matey joke you shouldn't feel offended. | To by³ po prostu kumplowski ¿art nie powiniene¶ siê obra¿aæ.

Delicious mellow fruit were served along with fine dishes I'd never tasted before. | Podawano pyszne dojrza³e owoce i ¶wietne dania, których nigdy wcze¶niej nie próbowa³em.

You must be aware of the fact your idea will be deprecated by the manager. | Musisz byæ ¶wiadom faktu, ¿e twój pomys³ zostanie skrytykowany przez dyrektora.

The two girls have been gabbling all the time. | Te dwie dziewczynki ca³y czas paplaj±.

He was arrested after the foolhardy attempt to rob the bank. | Zosta³ aresztowany po szaleñczej próbie obrabowania banku.

The homeless were offered  stopgap accomodation. | Bezdomnym zaproponowano tymczasowe miejsce zamieszkania.

She was trying hard to efface the memory of her childhood, which caused a dramatic neurosis at the age of twenty. | Bardzo siê stara³a wymazaæ z pamiêci wspomnienia z dzieciñstwa, co spowodowa³o dramatyczn± neurozê w wieku lat dwudziestu.

He was found guilty of perjury. | Okaza³ siê byæ winnym krzywoprzysiêstwa.

She pointedly criticized the young novelist's latest book. | Dobitnie skrytykowa³a najnowsz± ksi±¿kê m³odego powie¶ciopisarza.

Those people are desperate enough to work for that pittance. | Ci ludzie s± wystarczaj±co zdesperowani, ¿eby pracowaæ za tak nêdzne wynagrodzenie.

The ball rebounded after hitting the wall. | Pi³ka odbi³a siê po uderzeniu o ¶cianê.

What worries me most is the fact he needs being propelled in every aspect of his career. | Najbardziej martwi mnie, ¿e jego trzeba popychaæ w ka¿dym aspekcie jego kariery.

The intractability of such minor offences is the reason why people tend to ignore them. | Niemo¿no¶æ wp³yniêcia na takie drobne wykroczenia powoduj,¿e ludzie czêsto je ignoruj±.

Why don't you just tell this braggart to be quiet? I can't stand it any more! | Mo¿e powiedzia³by¶ tej samochwale, ¿eby by³a cicho? Nie mogê tego znie¶æ!

The police were jubilant to have arrested the criminal. | Policja by³a rozradowana, ¿e aresztowa³a przestêpcê.

It's none of your business", she snarled. | "To nie twój interes", warknê³a.

The whole concept seems extremely elusive. | Ca³a koncepcja wydaje siê trudna do uchwycenia.

He's been guzzling for an hour now and he doesn't seem to feel like finishing. | On ¿re ju¿ od godziny i nie wydaje siê, ¿e ma ochotê skoñczyæ.

The travel agency incurred losses connected with the delay. | Biuro podró¿y ponios³o straty zwi±zane z opó¼nieniem.

His sufferings were surely caused by a surfeit of wine. | Jego cierpienia zosta³y z pewno¶ci± spowodowane nadmiarem wina.

She sauntered through the park deep in thought. | Pogr±¿ona w my¶lach przechadza³a siê po parku.

The tempers of the drivers stuck in the traffic jam were fraying. | Nerwy kierowców, którzy utknêli w korku, by³y w strzêpach.

Unfortunately, she couldn't pre-empt the situation. | Niestety nie mog³a zapobiec tej sytuacji.

In spite of an irrepressible desire to say the whole truth, Helen remained quiet. | Mimo niepohamowanego pragnienia, ¿eby powiedziec ca³± prawdê, Helen nie odezwa³a siê.

They lost each other among bustling crowd. | Pogubili sie w gwarnym t³umie.

She was simply hoodwinked and doesn't want to admit it. | Zosta³a po prostu oszukana i nie chce tego przyznaæ.

Involving with that problem caused an emotional upheaval, which he found difficult to deal with. | zajêcie siê tym problemem spowodowa³o emocjonalny wstrz±s, z którym trudno by³o mu sobie poradziæ.

My grandma claims Mr. Henry used to woo Aunt Lucy fifty years ago. | Moja babcia twierdzi, ¿e pan Henry zaleca³ siê do ciotki Lucy piêædziesi±t lat temu.

The police nabbed the suspect.  | Policja przy³apa³a podejrzanego.

So you're telling me he's acted like a trickster? | Powiadasz wiêc, ¿e post±pi³ jak oszust?

The kitten came to me and nuzzled my arm. | Kotek podszed³ do mnie i otar³ siê o moje ramiê.

The baby was gurgling in his cot. | Dziecko gaworzy³o w ³ó¿eczku.

As the manager you must bear in mind teachers are the linchpin of any langauage school. | Jako kierownik musisz pamiêtaæ, ¿e nauczyciele stanowi± podstawê ka¿dej szko³y jêzyków obcych.

All the movie offers is schmaltz, artificial dialogues and naive plot. | Film oferuje tylko sentymentalizm, sztuczne dialogi i naiwn± fabu³ê.

For a moment it seemed the old man would topple as the bus was braking. | Przez chwilê wydawa³o siê, ¿e staruszek wywróci siê, kiedy autobus hamowa³.

Living in such indigence can result in committing criminal offences. | ¯ycie w takiej nêdzy mo¿e doprowadziæ do przestêpstw.

The company will assume liability for damages. | Firma bierze na siebie odpowiedzialno¶æ za szkody.

You shouldn't ignore your pupils' problems even if you consider them trite or funny. | Nie powiniene¶ ignorowaæ problemów swoich uczniów, nawet je¶li uwa¿asz je za banalne lub ¶mieszne.

Her torpid and melancholic state makes me sort of upset. | Jej apatyczny i melancholijny stan trochê mnie martwi.

You're making my blood boil and you'd do that to the most equable woman. | Wyprowadzasz mnie z równowagi i uda³oby ci siê to z najspokojniejsz± kobiet± na ¶wiecie.

Disputes concerning our itinerary lasted for too long. | Dyskusje dotycz±ce naszego planu podró¿y trwa³y zbyt d³ugo.

He'll never desist from teasing you. | On nigdy nie zaprzestanie dokuczania ci.

He felt so dejected he wouldn't talk to anybody. | Czu³ siê tak przygnêbiony, ¿e z nikim nie rozmawia³.

She was nicknamed "Froggie" because of her bulging eyes. | Przez jej wy³upiaste oczy przezwali j± "¯aba".

I was a bit drowsy but the news alarmed. | Czu³em siê nieco senny, ale ta wiadomo¶æ poruszy³a mnie.

I was a bit drowsy, but the news aarmed me. | By³em nieco senny, ale ta wiadomo¶æ poruszy³a mnie.

Honestly, you cannot rely on such understatements. | Szczerze mówi±c nie mo¿esz polegaæ na takich niedopowiedzeniach.

In that eery dream I cannot find a way out of a maze. | W tym niesamowitym ¶nie nie mogê znale¿æ wyj¶cia z labiryntu.

He was chipper as usual, which helped us go on with the job. | By³ o¿ywiony jak zwykle, co pomog³o nam kontynuowaæ pracê.

I can hear someone stomping in the corridor. | S³yszê, jak kto¶ idzie ciê¿kim krokiem przez korytarz.

She's been suffering malaise ever since her father died. | Ona odczuwa apatiê od kiedy zmar³ jej ojciec.

How could you believe that malarkey? | Jak mog³e¶ uwierzyæ w te bzdury?

The old woman's kitchen cupboard was full of mouldy food. | Szafka kuhenna staruszki by³a pe³na sple¶nia³ego jedzenia.

I must admit it was a disconcerting mishap. | Muszê przyznaæ, ¿e by³ to ¿enuj±cy wypadek.

Recent resurgence of the ultra right-wing party cannot bode well for the country. | Niedawne odrodzenie ultra-prawicowej partii nie wró¿y krajowi nic dobrego.

Suddenly water gushed in all directions. | Nagle woda trysnê³a na wszystkie strony.

Stop gibbering, will you? I can't follow you! | Przestañ be³kotaæ, dobra? Nie rozumiem ciê!

His mordant humour annoys me. | Jego ajadliwy dowcip denerwuje mnie.

Why don't you tell that sluggish boy to get down to work? | Mo¿e powiedzia³by¶ temu leniwemu ch³opakowi, ¿eby wzi±³ siê do pracy?

The turmoil that resulted from a misunderstanding between the workers and the manager was impossible to control. | Nie sposób by³o opanowaæ zamieszanie spowodowane nieporozumieniem miêdzy pracownikami i kierownikiem.

There is a huge discrepancy between their expectations and real chances. | Istnieje ogromna rozbie¿no¶æ miêdzy ich oczekiwaniami i realnymi mo¿liwo¶ciami.

She was sitting in the corner, propping her chin on her hands. | Siedzia³a w k±cie, podpieraj±c podbródek rêkami.

The police arrived to disperse the crowd. | Policja przyby³a, ¿eby rozproszyæ t³um.

This exercise is unlikely to boost the students skills. | To æwiczenie raczej nie zwiêkszy umiejêtno¶ci uczniów.

The lawyer decided to peruse the document once more, hoping for some detail that could help solve the problem somehow. | Prawnik postanowi³ raz jeszcze uwa¿nie przeczytaæ dokument, maj±c nadziejê na znalezienie jakiego¶ szczegó³u, który móg³by pomóc rozwi±zaæ problem.

I reckon all the school trips will be cancelled after that road accident. | Uwa¿am, ¿e wszystkie wycieczki szkolne zostan± odwo³ane po tym wypadku drogowym.

The flowers in the vase were drooping because of excessive sun exposure. | Kwiaty w wazonie opada³y z powodu nadmiernego nas³onecznienia.

He blames everybody for his infirmity. | On wini wszystkich za swoje niedo³êstwo.

He was told the company had infringed copyrights, which augurs nothing positive. | Powiedziano mu, ¿e firma naruszy³a prawa autorskie, co nie wró¿y niczego dobrego.

Those guys who threw the young girl out of the train committed an inexpiable crime. | Ci mê¿czy¼ni, którzy wyrzucili m³od± dziewczynê z poci±gu, pope³nili niewybaczaln± zbrodniê.

Why don't we stroll down the beach? The weather is so nice. | Mo¿e przejdziemy sie po pla¿y? Pogoda jest taka ³adna.

He is guilty of that infamous con trick. | On jest winny tego nies³awnego wy³udzenia.

Stop acting like a cadger, will you? | Przestañ zachowywaæ sie jak ¿ebrak, dobrze?

I'd rather you knuckled down right now. You've got a lot of leeway to make up. | Wola³bym, ¿eby¶ wzi±³ siê natychmiast do nauki. Masz du¿e zaleg³o¶ci do nadrobienia.

The work may as well be done by the apprentice. | Ta praca równie dobrze mo¿e zostaæ wykonana przez praktykanta.

The little girl scampered to the house and wanted us to follow. | Ma³a dziewczynka pobieg³a drobnymi kroczkami do domu i chcia³a, ¿eby¶my poszli za ni±.

All her efforts to save the day proved unavailing. | Wszystkie jej próby uratowania sytuacji okaza³y siê daremne.

Will you ever get rid of this jumper? It's just down-at-the-heel! | Pozbêdziesz siê kiedy¶ tego swetra? Jest kompletnie znoszony!

She sneaked out, cluthing the money in her hand. | Wymknê³a siê, ¶ciskaj±c w rêce pieni±dze.

The jolts on an uneven road made our journey really uncomfortable. | Szarpniêcia na nierównej drodze sprawi³y, ¿e podró¿ by³a naprawdê niewygodna.

People gettng on the bus jostled one another. | Ludzie wsiadaj±cy do autobusu popychali siê nawzajem.

Sheila felt sort of revulsion at the sight of his filthy hands and bitten nails. | Sheila odczu³a pewne obrzydzenie na widok jego brudnych r±k i poobgryzanych paznokci.

I'm fed up with his imperious behaviour. | Mam dosyc jego w³adczego zachowania.

Tim didn't tell her much and he wished she would observe the same reticence as far as her private busines was concerned. | Tim niewiele jej opowiada³ i mia³ nadziejê, ¿e ona zachowa tê sam± pow¶ci±gliwo¶æ, je¶li chodzi o jej sprawy.

His morbid fascination with acts of cruelty have always annoyed his teachers. | Jego chorobliwa fascynacja aktami okrucieñstwa zawsze niepokoi³a nauczycieli.

Have you seen that skanky dwelling they live in? | Widzia³e¶ to osyfione mieszkanie, w którym ¿yj±?

He's always flaunting his clothes, which I find pathetic. | On zawsze popisuje siê swoimi ubraniami, co uwa¿am za ¿a³osne.

The leaders of this party realise the poor are easy to foment. | Liderzy tej partii zdaj± sobie sprawê, ¿e ³atwo jest pod¿egaæ biednych.

The room was rather filthy and the landlady querulous, so we decided to leave. | Pokój by³ do¶æ brudny, a w³a¶cicielka domu gderliwa, wiêc postanowili¶my wyjechaæ.

The drabness of their dwelling really upsets me. | Bezbarwno¶æ ich mieszkania naprawdê mnie przyt³acza.

The olive oil has congealed in the fridge keep it outside. | Oliwa ¶ciê³a siê w lodówce trzymaj j± na zewn±rz.

We're going to cope with it", she said reassuringly. | "Poradzimy sobie z tym", powiedzia³a pocieszaj±co.

His voice was gruff and the answer rude. | Jego g³os by³ szorstki, a odpowied¼ niegrzeczna.

The children who suffer from ADHD tend to squirm most of the time. | Dzieci cierpi±ce na ADHD na ogó³ przez wiêkszo¶æ czasu siê wierc±.

She chuckled as she heard the gossip. | Zachichoa³a, kiedy us³ysza³a plotkê.

Paula was trying hard to mollify her friend, who was extremely upset. | Paula bardzo siê stara³a uspokoiæ przyjaciela, który by³ bardzo zdo³owany .

The ploy my students came up with made me completely helpless for a while. | Trik, który wymy¶lili moi uczniowie sprawi³, ¿e przez chwilê by³em kompletnie bezradny.

I hate that dress it crumples so easily and is very hard to iron. | Nie znoszê tej sukienki tak ³atwo siê gniecie, a ciê¿ko j± wyprasowaæ.

After work we lingered for a while just drinking coffee and chatting. | Po pracy zostali¶my na chwilê, po prostu pili¶my kawê i rozmawiali¶my.

The whole journey turned out rather mundane though I'd expected it to be an adventure. | Ca³a podró¿ okaza³a siê raczej prozaiczna, chocia¿ oczekiwa³am, ¿e bêdzie to przygoda.

He would forever bemoan his failure. | On ci±gle op³akuje swoj± pora¿kê.

Don't you begrudge her the good luck?Helen begrudged having lied to her boyfriend. | Czy nie zazdro¶cisz jej szczê¶cia?Helen ¿a³owa³a, ¿e ok³ama³a swojego ch³opaka.

I heard somebody pound on the door. | Us³ysza³em, jak kto¶ grzmoci w drzwi.

My girlfriend's beaming smile is what I adore. | Uwielbiam promienny u¶miech mojej dziewczyny.

It really annoyed me when that sleazy guy started to elbow his way through the crowd. | Naprawdê siê zez³o¶ci³em, kiedy ten niechlujny facet zacz±³ przepychaæ siê przez t³um.

The kid clung to her mom. | Dziecko kurczowo trzyma³o siê mamy.

Why don't you get rid of that lumber? | Pozb±d¼ siê wreszcie tych starych gratów!

I've got a wadge of tests to check. | Mam masê testów do sprawdzenia.

I don't know how he manages to whitewash his terrible behaviour. | Nie wiem, jak mu siê udaje usprawiedliwiaæ swoje okropne postêpowanie.

No parental admonition will work with him. | ¯adne rodzicielskie upomnienie nie podzia³a na niego.

Meeting my old friend triggered poignant memories of peaceful times. | Spotkanie ze starym przyjacielem wywo³a³o dotkliwe wspomnienia spokojnych czasów.

You may find it funny, but my dentist told me I must gnash my teeth during the sleep. | To mo¿e wydaæ ci siê zabawne, ale mój dentysta powiedzia³, ¿e na pewno zgrzytam zêbami przez sen.

I was terrified when I found out how haggard she looks. | By³em przera¿ony, kiedy odkry³em, jak mizernie wygl±da.

Indolent clerks make life difficult. | Opieszali urzêdnicy utrudniaj± ¿ycie.

Mary was accosted by a group of groggy guys. | Grupka podpitych mê¿czyzn zaczepi³a Mary.

John and Sue have been puttering all weekend. | John i Sue ca³y weekend leniuchuj±.

She's written a couple of duff novels. | Napisa³a kilka kiepskich powie¶ci.

The interviewer was asking questions mincingly and artificially, which drove me mad. | Prowadz±cy wywiad zadawa³ pytania w sposób afektowany i sztuczny, co doprowadza³o mnie do sza³u.

That duffer might have spoilt the whole play. | Byæ mo¿e ten tuman zepsu³ ca³± sztukê.

The lecturer advised using the compendious script when revising before the exam. | Wyk³adowca doradzi³ korzystanie z tego zwiêz³ego skryptu przy powtórce przed egzaminem.

Her astringent remarks always make the kids feel upset. | Jej uszczypliwe uwagi zawsze przygnêbiaj± dzieci.

Indignant readers are sending letters to the publisher. | Oburzeni czytelnicy pisz± listy do wydawcy.

Jerry's not going to have an easy life with that quick-witted girl. | Jerry nie bêdzie mia³ ³atwego ¿ycia z t± dziewczyn± o ciêtym dowcipie.

You won't find it easy to cope with such many-sided issues. | Nie bêdzie ci ³atwo zajmowac siê tak z³o¿onymi zagadnieniami.

She's been prodigal with her earnings and soon she's going to be broke. | Rozrzutnie podchodzi do swoich zarobków i nied³ugo bêdzie sp³ukana.

Strong wind has been hampering our efforts to reach the destination. | Silny wiatr utrudnia nam dotarcie do celu podró¿y.

The novel's soppy ending disappointed me. | Ckliwe zakoñczenie powieci rozczarowa³o mnie.

I know I'm plug-ugly, but I'm kind and clever. | Wiem, ¿e jestem ohydny, ale dobry i m±dry.

Anna's boyfriend invites her to plush restaurants a few times a week. | Ch³opak Anny zaprasza j± do luksusowych restauracji kilka razy w tygodniu.

I bet these young boys have plfered some chocolate bars again. | Za³o¿ê siê, ¿e ci ch³opcy zwêdzili znowu kilka batoników.

George is stocky but quite handsome. | George jest krêpy, ale ca³kiem przystojny.

Harry's a stickler for details. | Harry jest pedantem na punkcie szczegó³ów.

Paul's gobbled his dinner as if he had been starving. | Paul po¿ar³ obiad jakby g³odowa³.

He feels ashamed because of the fact he lisps. | Wstydzi siê tego, ¿e sepleni.

You're such a meddler it's none of your business! | Jeste¶ taki w¶cibski to nie twoja sprawa!

The results of the test infused new hope into us students. | Wyniki testu doda³y nam, uczniom, nowej nadziei.

He's always been a worthless dodger. | Zawsze by³ nic niewart i wymigiwa³ siê od obowi±zków.

Half the class have stained their clothes with indelible ink. | Po³owa klasy poplami³a ubrania niedaj±cym siê usun±æ tuszem.

You wouldn't believe me if I told you of the hellhole he used to live in. | Nie uwierzy³by¶, w jakiej norze on mieszka³.

I hope Mike won't get involved in that dodgy business. | Mam nadziejê, ¿e Mike nie wplacze siê w ten podejrzany interes.

Do they always footle like that? | Czy oni zawsze tak siê wyg³upiaj±?

The two warring factions have not reached a compromise. | Dwie zwa¶nione frakcje nie osi±gnê³y kompromisu.

It was hard to recognise her sooty face. | Trudno by³o rozpoznaæ jej pokryt± sadz± twarz.

My grandfather always used shoetrees. | Mój dziadek zawsze u¿ywa³ prawide³ do butów.

The repartee he gave me was surprising. | Riposta, jak± mi da³, by³a zadziwiaj±ca.

The message of this song is that modishness is stupid and we should quit that everyday competition. | Przekaz tej piosenki jest taki, ¿e pogoñ za moda jest g³upia i ¿e powinni¶my zaprzestaæ tego codziennego "konkursu".

Did you remember to thaw some meat for the cat? | Pamiêta³e¶, ¿eby rozmroziæ miêso dla kota

The way he gawked at me annoyed me. | Zdenerwowa³o mnie, ¿e bezczelnie siê na mnie gapi³.

I asked Peter to drill a tiny opening so that I could hang a picture. And you know what? He just gouged a big hole in the wall! | Poprosi³am Peter'a, ¿eby wywierci³ ma³y otwór, ¿ebym mog³a powiesiæ obrazek. I wiesz co?  Po prostu zrobi³ wielk± dziurê w ¶cianie!

The teacher's praise was so gushy I simply felt awkward. | Pochwa³a nauczyciela by³a tak przesadna, ¿e poczu³em siê po prostu niezrêcznie.

That affair made my friend feel prostrate. | Ta sprawa zdruzgota³a mojego przyjaciela.

The fashion designer was in favour of  ubiquitous artificial jewellery. | Projektant mody by³ zwolennikiem wszechobecnej sztucznej bi¿uterii.

Their authority has been circumscribed. | Ich w³adza zosta³a ograniczona.

The boss remained obdurate on introducing the "innovative policiy". | Szef pozostal nieugiety w kwestii wprowadzenia "innowacyjnej polityki".

It's obvious something has changed for the better Ann hasn't looked so perky for ages. | Co¶ z pewnosci± siê zmieni³o Ann od dawna nie wyglada³a tak rado¶nie.

Get out of here, you little pipsqueak! | Wyno¶ sie st±d, ty pêtaku!

Tim bumbled like a drunkard. | Tim be³kota³ jak pijak.

You've been shirking your duties for too long. | Ju¿ za d³ugo wykrêcasz siê od obowi±zków.

Some guys have kicked up a shindy in the street. | Jacy¶ faceci wszczêli awanturê na ulicy.

Whatever you say about her intellect, Sally's a single-hearted kind woman. | Cokolwiek s±dzisz o jej inteligencji, Sally jest prostoduszn±, dobr± kobiet±.

Teachers called him a sluggard instead of investigating the reasons why he didn't study at all. | Nauczyciele nazwali go leniem, zamiast zbadaæ przyczyny, dla których wcale siê nie uczy³.

Unutterable grief was all she could feel. | Czu³a jedynie niewypowiedziany ¿al.

We had an uneventful journey. | Nasza podró¿ minê³a bez przygód.

The old lady's zest for life inspired me.Julia does all kinds of tasks with exceptional zest. | Rado¶æ ¿ycia starszej pani zainspirowa³a mnie.Julia podchodzi do najró¿niejszych zadañ z wyj±tkowym zapa³em.

The bogey of homelessness was present among the poor people. | Zmora bezdomno¶ci by³a obecna w¶ród tych biednych ludzi.

Marks always been a killjoy. If I were you, I wouldn't invite him. | Mark zawsze psu³ innym humor. Na twoim miejscu nie zaprasza³bym go.

Sally regretted calling her father a fogey. | Sally ¿a³owa³a, ¿e nazwa³a ojca starym piernikiem.

He was sure they regarded him as a jack of all trades. | By³ przekonany, ¿e postrzega siê go jako z³ot± r±czkê.

That rowdy party next door really annoys me. | Ta ha³a¶liwa impreza u s±siadów naprawdê mnie denerwuje.

I found it hard to drive the deeply rutted road. | Ciê¿ko by³o mi jechaæ pokryt± g³êbokimi koleinami drog±.

As he saw the vehicle in front of us, Petere veered to the left. | Kiedy zobaczy³ pojazd przed nami, Peter gwa³townie skrêci³ w prawo.

The accused have been exculpated. | Oskar¿eni zostali uniewinnieni.

He answered quietly, in a faltering voice. | Odpowiedzia³ cicho, ³ami±cym siê g³osem.

She was weak and I saw her falter. | By³a s³aba i widzia³em, jak siê chwieje na nogach.

The glint in his eye made me suspicious. | Iskra w jego oku sprawi³a, ¿e nabra³em podejrzeñ.

Most apples turned out maggoty. | Wiêkszo¶æ jab³ek okaza³a siê robaczywa.

She stood there, gawping at us. | Sta³a tam, bezczelnie siê na nas gapi±c.

I must admit his speech was rather incoherent. | Muszê przyznaæ, ¿e jego przemówienie by³o do¶æ niespójne.

It's too fuggy for me to stay here. | Jest tu zbyt duszno, ¿ebym mia³ zostaæ.

The witch straddled on her broom and flew away. | Czarownica usiad³a okrakiem na miotle i odlecia³a.

The truck had been booby-trapped, which was fortunately discovered just in time. | W ciê¿arówce pod³o¿ono ³adunek wybuchowy, co na szczê¶cie wykryto w sam± porê.

I'm sick and tired of the hustle and bustle. | Jestem wykoñczony t± krz±tanin± i wrzaw±.

I'm sure they've juggled the figures to conceal the truth. | Jestem pewien, ¿e dokonali manipulacji na liczbach, ¿eby ukryæ prawdê.

We could hear the chug of the lorry. | Us³yszeli¶my warkot silnika ciê¿arówki.

Some claim that literature has become debased. | Niektórzy twierdz±, ¿e literatura straci³a swoj± warto¶æ.

Their enterprise was the greatest debacle they have ever experienced. | Ich przedsiêwziêcie by³o najwiêksz± klêsk± jakiej do¶wiadczyli.

The fact we met on that very day was absolutely fortuitous. | To, ¿e spotkali¶my siê akurat tego dnia by³o zupe³nie przypadkowe.

You could listen to 18th century dirges there. | Mo¿na by³o wys³uchaæ  XVIII-wiecznych pie¶ni ¿a³obnych.

She was really moved by the plight of homeless animals. | By³a naprawdê poruszona ciê¿k± sytuacj± bezdomnych zwierz±t.

The kids were making figures using some gooey substance. | Dzieci robi³y figurki z jakiej¶ lepkiej substancji.

His speech was full of barbed comments that not everybody understood. | Jego przemówienie pe³ne by³o k±¶liwych komentarzy, które nie wszyscy zrozumieli.

As a young girl she had to take deportment lessons. | Jako ma³a dziewczynka musia³a braæ lekcje dobrych manier.

I'm telling you she's going to persevere in her attempts. | Mówiê ci, ona nie ustanie w swoich usi³owaniach.

My grandma used to chide us quite often. Nevertheless, we loved her very much. | Moja babcia kiedy¶ czêsto nas strofowa³a. Mimo to bardzo j± kochali¶my.

Henry turned out such a gull! | Henry okaza³ siê takim naiwniakiem!

She was so haughty, dishonest and unfriendly that noone ever liked her. | By³a tak wynios³a, nieszczera i niekole¿eñska, ¿e nikt jej nigdy nie lubi³.

The XYZ company is a real pacesetter in the area. | Firma XYZ nadaje tempo w tym rejonie.

As a typical muckraker she tends to make use of unreliable sources. | Jako typowa skandalistka czêsto korzysta z niepewnych ¼róde³.

He could spend hours telling mucky jokes. | Móg³by godzinami opowiadaæ ¶wiñskie dowcipy.

I couldn't see  anybody through the fug. | Nie mog³em nikogo zobaczyæ przez zadymione powietrze.

Sandra was so shocked that she packed her things and left home dry-eyed. | Sandra by³a tak wstrz±¶niêta, ¿e spakowa³a siê i opu¶ci³a dom nie uroniwszy ³zy.

Why have you become so peevish lately? | Dlaczego jeste¶ ostatnio taki rozkapryszony?

She was a dewy-eyed young girl when she first met her future husband. | Kiedy pozna³a swojego przysz³ego mê¿a, by³a m³od± naiwn± dziewczyn±.

We could hear the bells clang. | S³yszeli¶my d¼wiêk dzwonów.

Their clandestine marriage was an act of courage those days. | Ich potajemne ma³¿eñstwo by³o aktem odwagi w tamtych czasach.

A clampdown on smoking in pubs, restaurants and in the streets is only a matter of time. | Zakaz palenia w pubach, restauracjach i na ulicy jest tylko kwesti± czasu.

The two men rooked him easily. | Dwaj mê¿czy¼ni oszukali go z ³atwo¶ci±.

I had a lot of legwork during the project. | Mia³em mnóstwo ¿mudnej bieganiny podczas tego projektu.

The angry workers won't be placated easily. | Rozgniewanych robotników nie da siê ³atwo udobruchaæ.

The party leaders have eventually conceded their previous decisions were inappropriate. | Przywódcy partii w koñcu przyznali, ¿e ich wcze¶niejsze decyzje by³y niew³a¶ciwe.

Some finicky ladies have left the restaurant a minute ago. | Jakies wybredne panie wysz³y przed minut± z restauracji.

Whatever were you talking about with that moonstruck guy? | O czym rozmawia³e¶ z tym r±bniêtym facetem?

His attempts to besmirch her reputation eventually failed. | Jego próby zszargania jej reputacji w koñcu nie powiod³y siê

The way the author depicted the cultural milieu in which he had been brought up doesn't seem to be credible or objective. | Sposób, w jaki autor opisa³ ¶rodowisko kulturalne, w którym zosta³ wychowany, wydaje siê ma³o wiarygodny i obiektywny.

The publisher insists that the book is expurgated. | wydawca nalega, ¿eby usun±æ z ksi±¿ki niepo¿±dane fragmenty.

Stop harrying me, will you? | Przestañ mnie zadrêczaæ, dobrze?

Her room was filled with frippery. | Jej pokój by³ wype³niony ozdóbkami.

The people were watching the show with trepidation. | Ludzie z trwog± ogl±dali pokaz.

She had long crinkly hair and a sweet smile. | Mia³a d³ugie kêdzierzawe w³osy i ¶liczny u¶miech.

Her devil-may-care attitude to school and other duties is beginning to worry me. | Zaczyna mnie martwiæ jej lekkomy¶lne podej¶cie do szko³y i innych obowi±zków.

The enraptured audience kept applauding the artist. | Zachwycona publiczno¶æ oklaskiwa³a artystê.

The more nervous he was getting, the choppier his speech was. | Im bardziej siê denerwowa³, tym bardziej urywana by³a jego wypowied¼.

Wait for me, it won't be a jiffy! | Poczekaj na mnie, za moment bêdê gotowy!

He used to gibe at the whole class. | Kiedy¶ kpi³ z ca³ej klasy.

The gimmicky plot was so stupid that I left the cinema. | Efekciarska fabu³a by³a tak g³upia, ¿e wyszed³em z kina.

The dinner's almost ready, I've only got to prepare croutons. | Obiad jest prawie gotowy, muszê tylko przyrz±dziæ grzanki.

The party's decision caused a kikback from their opponents. | Decyzja partii wywo³a³a szybk± reakcjê u ich przeciwników.

Her bootless attempts to get the job made her feel exhausted. | Bezowocne starania o pracê wyczerpa³y j±.

The pirates' booty was rather worthless. | Zdobycz piratów by³a bezwarto¶ciowa.

The man replied boorishly. | Mê¿czyzna odpowiedzia³ gburowato.

You shouldn't be surprised at what this caviller said. | Nie powinno ciê dziwiæ, co powiedzia³ ten czepialski.

The victim spoke clemently about the decision to forgive. | Ofiara ³agodnie opowiedzia³a o decyzji, by wybaczyæ.

It isn't as easy as you think becoming an uxorious husband was his reasonable choice. | To nie takie proste jak myslisz to, ¿e sta³ siê pantoflarzem, by³o jego przemyslan± decyzj±.

I can't read this table. What does 'W' denote? | Nie mogê odczytaæ tej tabeli. Co oznacza "W"?

Food supplies have been depleted. | Zapasy ¿ywno¶ci zosta³y uszczuplone.

I don't think I'll be able to tolerate all his foibles in the future.  | Nie s±dzê, ¿ebym by³a w stanie tolerowaæ w przysz³o¶ci wszystkie jego s³abostki.

He lived a cloistered life. | Prowadzi³ zycie w odosobnieniu.

Oh, no! The pipe is clogged again! | No nie! Rura znowu jest zapchana!

He added something facetiously, but no one understood. | Doda³ co¶ ¿artobliwie, ale nikt nie zrozumia³.

To his surprise, the text that appeared in the morning paper was completely mangled. | Ku jego zdumieniu tekst, który ukaza³ siê w porannej gazecie by³ zupe³nie zniekszta³cony.

The boss believes her new policy will prove a remedy to all problems. | Szefowa s±dzi, ¿e jej nowa polityka oka¿e siê lekarstwem na wszystkie problemy.

The guilt-ridden boy finally confessed. | Obci±¿ony poczuciem winy ch³opak w koñcu siê przyzna³.

I don't believe they will contrive a solution. | Nie s±dzê, ¿eby wymy¶lili rozwi±zanie.

Depressed and lonely, he spends all his time in that slipshod room. | Za³amany i samotny ca³y czas spêdza w tym niechlujnym pokoju.

The broiling weather made me feel so lazy I couldn't work. | Upalna pogoda tak mnie rozleniwi³a, ¿e nie mog³em pracowaæ.

The crumminess of her everyday life is difficult to bear for her friends and relatives. | Bylejako¶æ jej ¿ycia jest trudna do zniesienia dla jej krewnych i przyjació³.

This book provides the reader with an insight into the crudity of those times. | Ta ksi±¿ka daje czytelnikowi wgl±d w prymitywizm tamtych czasów.

Instead of paint there was some cruddy substance in the can. | Zamiast farby w puszcze byla jaka¶ obrzydliwa substancja.

A doleful expression in her face made it clear how unhappy she was. | smêtny wyraz jej twarzy jasno pokaza³, jak bardzo by³a nieszczê¶liwa.

He looked at me dolefully. | Spojrza³ na mnie smêtnie.

Stop being doggish, I just wanted to talk! | Przestañ byæ opryskliwy, chcia³em tylko porozmawiaæ!

Her brusque tone made feel like crying. | Jej obcesowy ton sprawi³, ¿e chcia³o mi siê p³akaæ.

Why is Peter so fractious today? | Dlaczego Peter jest dzi¶ taki marudny?

He tends to be balky if he isn't praised. | Bywa krn±brny je¶li siê go nie chwali.

The traveller followed the elf into a murky hall. | Podró¿ny poszed³ za elfem przez mroczny korytarz.

The boss regarded her as a go-getter at first. He was totally wrong. | Szef uzna³ j± z pocz±tku za energiczn± i ambitn±. Zupe³nie siê myli³.

Don't talk to that pie-eyed guy. | Nie rozmawiaj z tym pijanym facetem.

I can't believe it's Sarah! She used to be so dowdy and now she looks great! | Nie wierzê, ¿e to Sarah! Kiedy¶ by³a taka zaniedbana, a teraz wygl±da wspaniale!

Their arty flat made me sick. | Ich pretensjonalne mieszkanie przyprawi³o mnie o md³o¶ci.

I can't believe that they treated that tender-hearted man like that! | Nie mogê uwierzyæ, ¿e tak potraktowali tego cz³owieka o miêkkim sercu!

Henry's got a cottage near a picturesque cove. | Henry ma domek niedaleko malowniczej zatoczki.

He's been downcast and gloomy. | On jest przygnêbiony i ponury.

Their bolt-hole has been finally discovered. | W koñcu odnaleziono ich kryjówkê.

The delay resulted in a diplomatic stalemate. | Opó¼nienie spowodowa³o dyplomatyczn± sytuacjê bez wyj¶cia.

The decision to deploy extra troops has been rejected. | Decyzja o rozlokowaniu dodatkowych oddzia³ów zosta³a odrzucona.

The impoverished family lost their influence. | Ta zubo¿a³a rodzina straci³a swoje wp³ywy.

The impoverished noble man wasn't respected any more. | Nie szanowano ju¿ zubo¿a³ego szlachcica.

The accusation proved groundless. | Oskar¿enie okaza³o siê bezpodstawne.

The arid soil couldn't produce enough crops. | Ja³owa ziemia nie mog³a wytworzyæ do¶æ plonów.

His arrears amounts to an incredible sum. | Jego zaleg³o¶ci p³atnicze opiewaj± na niewiarygodn± sumê.

He arrogated the property to himself. | Przyw³aszczy³ sobie to mienie.

She certainly atoned for her sins her life was miserable. | Z pewno¶ci± odpokutowa³a za swoje grzechy jej ¿ycie by³o nieszczê¶liwe.

This statue commemorates the benefactor of our association. | Ten pomnik upamiêtnia dobroczyñcê naszego stowarzyszenia.

I find it hard to understand how people can ensnare those tiny little animals! | Nie mogê zrozumieæ, jak ludzie mog± chwytaæ w sid³a te maleñkie zwierz±tka!

Children always admire the gemmy crown at the museum. | Dzieci zawsze podziwiaja tê wysadzan± klejnotami koronê w muzeum.

I felt jittery before the job interview. | Czu³em siê podenerwowany przed rozmow± kwalifikacyjn±.

She never gets the jitters, I really envy her! | Ona nigdy nie ma tremy, naprawdê jej zazdroszczê!

Sheila is a really sharp-witted girl. | Sheila jest bardzo bystr± dziewczyn±.

The room was full of dressy ladies and men. | Sala pe³na by³a wytwornych pañ i panów.

People who survived starvation recall that even in their dreams there was no respite from thinking about food. | Ludzie, którzy prze¿yli prawdziwy g³ód wspominaj±, ¿e nawet w snach ie by³o wytchnienia od my¶lenia o jedzeniu.

Her hands were chapped and harsh. | Jej d³onie by³y spierzchniête i szorstkie.

The soldier displayed real intrepidity. | ¯o³nierz wykaza³ siê prawdziwym mêstwem.

The cell reeked like a cesspool. | Cela cuchnê³a jak kloaka.

The travesties of culinary art they offer here make me sick. | Parodia sztuki kulinarnej, któr± tu proponuj± przyprawia mnie o md³o¶ci.

It could have been considered prurient to ask for more details. | Pytanie o dalsze szczegó³y mog³oby siê wydaæ niezdrowo lubie¿ne.

The doctor turned out a mountebank. | Lekarz okaza³ siê szarlatanem.

He used to treat all his children with acerbity and lack of understanding. | Wszystkie swoje dzieci traktowa³ ze zgry¼liwo¶ci± i brakiem zrozumienia.

The day he succumbs to his mother's will is going to be the end of his hopes for a better future. | Dzieñ, kiedy ulegnie woli swojej matki bêdzie koñcem jego nadziei na lepsz± przysz³o¶æ.

Low clouds were scudding above the lake. | Niskie chmury przesuwa³y siê ponad jeziorem.

The lake heaved and surged, and we were watching the waves come and go. | Jezioro wzbiera³o i falowa³a, a my patrzyli¶cmy, jak fale przychodz± i odchodz±.

The author, unremittingly scholarly and exceptionally communicative, provides the reader with essential information concerning the period. | Autor, niestrudzenie metodyczny i wyj±tkowo klarowny, przekazuje czytelnikowi podstawowe informacje dotycz±ce tego okresu.

The way she bellows at the kids can't help them finish the task. | To, jak ona ryczy na dzieci nie pomo¿e im skoñczyc pracy.

She's such a bellyacher I can't listen to her. | Taka z niej maruda, ¿e nie mogê s³uchaæ.

Her blow-by-blow account of the first day of work made me feel a bit uneasy. | Jej szczegó³owa relacja z pierwszego dnia pracy nieco mnie zaniepokoi³a.

Lack of discernible symptoms made the doctor uncertain when it came to the diagnosis. | Brak zauwa¿alnych objawów sprawi³, ¿e lekarz nie by³ pewien diagnozy.

It was an example of flagrant injustice. | By³ to przyk³ad ra¿±cej niesprawiedliwo¶ci.

I hope to be as lusty as my grandma when I'm her age. | Mam nadziejê, ¿e bêdê tak pe³na wigoru jak babcia, kiedy bêdê w jej wieku.

Mike's such a coxcomb! It's unbearable! | Mike jest takim pysza³kiem! To nie do zniesienia!

Kids don't like swaggerers like you! | Dzieci nie lubi± takich zarozumialców jak ty!

Local radio stations have proliferated lately. | Ostatnio rozpowszechni³y siê lokalne stacje radiowe.

He turned out a bumpkin after all. | W sumie okaza³o siê, ¿e to prostak.

The kids were frolicking all evening. | Dzieci dokazywa³y ca³y wieczór.

Look at those puppies gambolling around! | Spójrz na te dokazuj±ce szczeniêta!

Remember that she's enfeebled and needs your assistance. | Pamiêtaj, ¿e jest os³abiona i potrzebuje twojej pomocy.

The machine started to crackle. | Urz±dzenie zaczê³o trzeszczeæ.

I really wish I hadn't dissipated my youth like I did. | ¯a³ujê, ¿e zmarnowa³em w ten sposób m³odo¶æ.

She didn't seem to be listening, her interest flagging and attention not focused. | Zdawa³o siê , ¿e nie s³ucha, jej zainteresowanie s³ab³o i traci³a koncentracjê.

Can you say a single word without flailing your arms? | Czy mo¿esz powiedzieæ choæ s³owo nie wymachuj±c rêkami?

The teacher admonished him for cheating. | Nauczyciel skarci³ go za ¶ci±ganie.

There is something dishonest about his slickness. | W jego sprycie jest co¶ nieuczciwego.

I won't listen to that grumbler. | Nie bêdê s³uchaæ tego zrzêdy.

Mr Evans proved a conversable person. | Pan Evans okaza³ siê rozmown± osob±.

She never cared about hearth and home. | Nigdy nie interesowa³ jej dom i rodzina.

I don't want to see that freeloader at my home any more. | Nie chcê wiêcej widzieæ tego darmozjada u siebie w domu.

Sally's always dodging the issue. | Sally zawsze uchyla siê od odpowiedzi.

Some of my colleagues feel so insecure that they slavishly follow everything the manager says. | Niektórzy moi koledzy z pracy czuj± siê tak niepewnie, ¿e niewolniczo wykonuj± wszystko, co mówi kierownik.

As a matter of fact, you sholudn't forejudge the issue. | W gruncie rzeczy nie powiniene¶ z góry przes±dzaæ tej sprawy.

You must know that the information perturbed him greatly. | Musisz wiedzieæ, ¿e ta informacja wielce go wzburzy³a.

Those yobs shouldn't have the right to enter. | Ci chuligani nie powinni mieæ prawa wchodziæ.

The lissom dancer looked wonderful. | Smuk³a tancerka wygl±da³a cudownie.

Her practical sense and a sort of earthliness made me feel safe after all. | Jej zmys³ praktyczny i pewna przyziemno¶æ dawa³y mi mimo wszystko poczucie bezpieczeñstwa.

How could you make that featherbrained girl responsible for the task? | Jak mog³e¶ powierzyæ odpowiedzialno¶æ za zadanie tej trzpiotowatej dziewczynie?

She felt depressed after the feckless attempt. | Czu³a siê za³amana po tej nieudolnej próbie. 

You'll find a certain subacid comment in the last paragraph; on the whole, however, the review is quite positive. | W ostatnim akapici znajdziesz pewien lekko krytyczny komentarz, ale ogólnie recenzja jest ca³kiem przychylna.

If I were you, I would let your boyfriend be irate for a while. Maybe he'll understand something. | Na twoim miejscu pozwoli³abym twojemu ch³opakowi trochê siê pow¶ciekaæ. Mo¿e co¶ zrozumie.

Agnes was very uptight when she was to commentate on the film festival for the very first time.  | Agnes by³a bardzo spiêta, kiedy po raz pierwszy mia³a prowadzic relacjê z festiwalu filmowego.

Why is Sally blubbering again? | Dlaczego Sally znowu beczy?

Weren't she so blowsy, she'd be a pretty woman. | Gdyby nie by³a tak zaniedbana, by³aby ³adn± kobiet±.

This dove-eyed woman in the photo is my grandmother. | Ta kobieta na zdjêciu o ³agodnym spojrzeniu to moja babcia.

You can't be a pushover for everybody who needs help! | Nie mo¿esz dawaæ siê przekonaæ wszystkim, którzy potrzebuj± pomocy!

Their visible leaning towards the right makes them another party of the same sort. | Ich widoczne nachylenie prawicowe cyni z nich kolejn± partiê tego samego rodzaju.

I've got some first-hand information concerning the issue. | Mam pewne wiadomo¶ci z pierwszej rêki na temat tej sprawy.

This flagitious act should be severly punished. | Ten zbrodniczy czyn powinien zostaæ surowo ukarany.

Does she really have to be so finicky and capricious? | Czy ona naprawdê musi byæ tak wybredna i kapry¶na?

I just think he's always coveted power. | Po prostu my¶lê, ¿e zawsze bardzo pragn±³ w³adzy.

These trousers are pretty long-wearing I've had them for almost ten years and they still look fine! | Te spodnie sa naprawdê nie do zdarcia mam je prawie dziesiêc lat i wci±¿ wygl±daja nie¼le!

He's been hanging around with some low-life company. | Spotyka siê z jakim¶ podejrzanym towarzystwem.

It's really difficult to recognize that nondescript person in a crowd. | Naprawdê trudno rozpoznaæ tê nijak± osobê w t³umie.

He's so fond of that beanery I can't understand why. | Jest takim mi³o¶nikiem tej podrzêdnej restauracji nie mogê zrozumieæ dlaczego.

Terry will be angry if we show him the half-baked project. | Terry bêdzie z³y, je¶li poka¿emy mu ten niedopracowany projekt.

She's always been a headstrong person. | Zawsze by³a zawziêta.

The whole meeting turned out a letdown in fact. | Ca³e to spotkanie w rzeczywisto¶ci okaza³o siê rozczarowaniem.

You're not going to achieve anything unless you begin to eschew escaping to a world of  fantasy and daydreaming. | Niczego nie osi±gniesz, chyba ¿e bpowstrzymasz siê od ucieczki w ¶wiat fantazji i marzeñ.

I can still remember the gilt-edged edition of Goethe's complete works my grandfather had. | Wci±¿ pamiêtam wydanie dzie³ zebranych Goethego ze z³oconymi brzegami, które mia³ mój dziadek.

Certain signs of incipient anxiety were clearly visible. | Pewne oznaki rodz±cego siê niepokoju by³y wyra¼nie widoczne.

He made some asinine remark and left. | Zrobi³ jak±¶ idiotyczn± uwagê i wyszed³.

She answered a bit pertly, which didn't surprise us at all. | Odpowiedzia³a nieco zuchwale, co wcale nas nie zdziwi³o.

At the moment, physical activity may have a debilitating effect on the patient. | Obecnie aktywno¶æ fizyczna mo¿e doprowadziæ do os³abienia pacjenta.

He's experiencing a sort of midlife crisis, I suppose. | Jak s±dzê, on prze¿ywa co¶ w rodzaju kryzysu wieku ¶redniego.

He's living in a godforsaken town whose name I can't remember. | Mieszka w jakim¶ zapad³ym miasteczku, którego nazwy nie pamiêtam.

The jailbird got off scot-free again. | Kryminalista znowu uszed³ bezkarnie.

I loved his campy role in this mediocre movie. | Bardzo podoba³a mi siê jego przerysowana rola w tym ¶rednim filmie.

He must be punished for his despicable acts! | Musi zostaæ ukarany za swoje nikczemne czyny!

Their think tank will solve the issue sooner or later. | Prêdzej czy pó¼niej ich sztab ekspertów rozwi±¿e tê kwestiê.

He always displayed a defiant attitude. | Zawsze okazywa³ buntownicz± postawê.

You've been eavesdropping again! I'll kill you! | Znów pods³uchiwa³e¶! Zabijê ciê!

He wore a streaky shirt and blue trousers. | Mia³ na sobie pr±¿kowan± koszulê i niebieskie spodnie.

It was pretty hot and muggily. | By³o bardzo gor±co i duszno.

He brought another contraption yesterday. | Wczoraj znów przyniós³ jakie¶ ustrojstwo.

We moved forward, water squelching in our boots. | Posuwali¶my siê naprzód, woda chlupota³a w butach.

I feel it's just double-talk. He isn't straightforward enough. | Czujê, ¿e to owijanie w bawe³nê. On nie jest do¶æ prostolinijny.

A policeman stopped the drunkard when he was jaywalking. | Policjant zatrzyma³ pijaka, kiedy ten spacerowa³ po jezdni pe³nej samochodów.

How could this subtle woman marry such a crass guy? | Jak ta subtelna kobieta mog³a wyj¶æ za tak grubiañskiego faceta?

She's feeling frazzled today you shouldn't bother her. | Czuje siê dzi¶ wyczerpana nie powiniene¶ jej mêczyæ.

How could you buy such pinchbeck? | Jak mog³e¶ kupiæ tak± tandetê?

After the miff he brought wonderful roses and apologized. | Po sprzeczce przyniós³ cudowne ró¿e i przeprosi³.

It was a barefaced lie. | To by³o bezczelne k³amstwo.

Henry wanted to be remembered as a bounteous man. | Henry chcia³, by wspominano go jako hojnego cz³owieka.

You must turn round when you see a cairn. | Musisz skrêciæ w prawo, kiedy zobaczysz kopczyk.

He was answering rather cagily, which made me suspiocious. | Odpowiada³ do¶æ wymijaj±co, co sprawi³o, ¿e nabra³em podejrzeñ.

The fabled actress will arrive in Paris. | S³ynna aktorka przyjedzie do Pary¿a.

He used to make money as a profiteer, which he's trying to hide. | Zarabia³ kiedy¶ jako spekulant, co próbuje ukryæ.

Her words were marked with soundness and maturity. | Jej s³owa cechowa³ rozs±dek i dojrza³o¶æ.

The test was easy-peasy. | Test by³ ³atwiuteñki.

You ought to accept this experience is probably going to have ineradicable effects on your son. | Musisz pogodziæ siê z faktem, ¿e to do¶wiadczenie bêdzie prawdopodobnie mia³o nieusuwalny wp³yw na twojego syna.

Diana looks so haggardly that I didn't recognise her. | Diana wygl±da tak mizernie, ¿e jej nie pozna³em.

A languid person like him won't manage as a teacher. | Tak powolna osoba jak on nie da sobie rady jako nauczyciel.

This issue calls for a circumspective plan. | Ta sprawa wymaga rozwa¿nego planu.

He's going to go mad about the ding. | Bêdzie szala³ przez to zadrapanie.

All the pews were empty as we entered. | Kiedy weszli¶my, wszystkie ³awki by³y puste.

He's involved in some sort of devilment. | Wda³ siê w jakie¶ ³obuzerstwo.

Their victory gave the team a big fillip. | Wygrana o¿ywi³a dru¿ynê.

The group of tourists was repulsed by oozy walls and drab surroundings. | Grupê turystów odra¿a³y ociekaj±ce wilgoci± ¶ciany i ponure otoczenie.

The boy was sitting quietly, with his eyes demurely lowered. | Ch³opiec siedzia³ spokojnie, ze skromnie spuszczonymi oczami.

The staff were jadedly nodding as the speaker continued. | Pracownicy kiwali g³owami ze znu¿eniem, podczas gdy on przemawia³ dalej.

The team started the match with such vim that they quickly began to win. | Dru¿yna rozpoczê³a mecz z takim zapa³em, ¿e szybko zaczêli wygrywaæ.

No wonder Tim was livid yesterday night he'd heard the news you'd been supposed to tell him from someone else. | Nic dziwnego, ¿e Tim by³ w¶ciek³y wczoraj wieczorem wiadomo¶ci, które mia³e¶ mu przekazaæ, us³ysza³ od kogo¶ innego.

Her feelings were not reciprocated. | Jej uczucia pozosta³y nieodwzajemnione.

Suddenly, a terrible noise resounded throughout the whole building. | Nagle okropny ha³as rozszed³ siê po ca³ym budynku.

He has honed his writing skill. | Udoskonali³ swoje umiejêtno¶ci pisarskie.

The pupils' attitude does not facilitate the work of the psychologist. | Nastawienie uczniów nie u³atwia pracy psychologowi.

She's become a real scrag doesn't it worry you? | Zrobi³a siê z niej straszna chudzina nie martwi ciê to?

Stop screeching, will you? | Przestañ piszczeæ, dobrze?

The small girl scribbled her name for the first time ever. | Ma³a dziewczynka po raz pierwszy w ¿yciu nabazgra³a swoje imiê.

The film director made a resounding success. | Ten re¿yser odniós³ ogromny sukces.

I've only had a teeny sandwich today. | Zjad³em dzi¶ tylko maleñk± kanapkê.

Babies tend to be anxious during teething. | Dzieci czêsto s± niespokojne podczas z±bkowania.

I don't think she'll feel like leaving her thriving business. | Nie s±dzê, ¿eby mia³a ochotê porzuciæ swoj± kwitn±c± firmê.
