We were astounded when we heard the decision of the judge. | Byli¶my zdumieni, kiedy us³yszeli¶my decyzjê sêdziego.

In a bold step the management decided to downisize the staff. | Zarz±d zrobi³ ¶mia³y krok decyduj±c siê na redukcjê personelu.

The author depicts one of the most ferocious battles of the period. | Autor przedtawia jedn± z najbardziej za¿artych bitew tego okresu.

She's always been vulnerable to the influence of others. |  Zawsze by³a podatna na wp³yw innych osób.

The hostage was terrorised by the vindictive enemy. | Zak³adnik by³ sterroryzowany przez m¶ciwego wroga.

She tends to be capricious, but generally she's a well-behaved girl. | Czasami jest kaprysna, ale ogólnie to dobrze wychowna dziewczynka.

This medicine may induce nausea. | Ten lek mo¿e powodowaæ md³o¶ci.

Apparently she wasn't good enough for the post. | Widocznie nie by³a dostatecznie dobra na to stanowisko.

Julka wanted to play with the frisky kitten. | Julka chcia³a siê pobawiæ z rozbawionym kotkiem.

I think that it's a good idea to roast some nuts and almonds for the party. | My¶lê, ¿e dobrym pomys³em by³oby upra¿yæ trochê orzeszków i migda³ów na przyjêcie.

Jo felt a bit queasy in the morning. | Jo by³o rano niedobrze.

This bus shuttles from the plant to the suburbs, which is convenient for commuters. | Ten autobus kursuje wahad³owo miêdzy fabryk± a przedmie¶ciami, co jest dogodne dla osób doje¿d¿aj±cych do pracy.

She screamed with a shrill voice when she saw the mouse in the kitchen. | Wrzasnê³a przenikliwym g³osem, kiedy zobaczy³a mysz w kuchni.

He got up and took a swig of coffee. | Wsta³ i wzi±³ ³yk kawy.

She loves reading about celebrities wallowing in luxury. | Ona uwielbia czytaæ o s³awnych osobach p³awi±cych siê w luksusie.

The children snuggled their mother until they fell asleep. | Dzieci tuli³y siê do mamy do chwili, kiedy zasnê³y. 

May's grandpa started his career as a carpenter's apprentice. | Dziadek May zacz±³ karierê jako czeladnik u stolarza.

He could have felt condemned by the local people as he had an illicit affair  with a woman who was married. | Móg³ czuæ siê potêpiony przez miejscowych, poniewaz mia³ zakazany romans z zamê¿na kobiet±. 

We took a leisurely walk in the woods. | Poszli¶my na spokojny spacer w lesie.

The flame of the candle flickered in the dark. | P³omieñ ¶wiecy migota³ w ciemno¶ci.

Mary has been preoccupied with annoying paper work. | Mary jest zajêta irytuj±c± prac± zwi±zan± z dokumentacj±.

His life's in turmoil again- you can't expect he'll do the job. | W jego ¿yciu znowu nast±pi³o amieszanie- nie mo¿esz oczekiwaæ, ¿e wykona tê pracê.

The whole building tumbled and there were many people killed. | Ca³y budynek run±³ i wiele osób zginê³o.

Mummy, Joe pinched my arm! Tell him to stop it! | Mamo, Joe uszczypn±³ mnie w rêkê! Powiedz mu, ¿eby przesta³!

I cannot stand such impudent people. | Nie znoszê takich nachalnych ludzi.

I think I'll have some fizzy water now. | Chyba napijê siê gazowanej wody.

I love it when I wake up and hear  birds  twittering outside my window. | Uwielbiam, kiedy siê budzê i s³yszê ptaki æwierkaj±ce za oknem.

Did you hear that sheep bleat? Stop bleating, it won't do I'm not going to change my mind. | Czy s³ysza³e¶ beczenie tej owcy? Przestañ jêczeæ, to nic nie da nie zmieniê zdania.

She was feeling resentful after they'd laughed at her. | Czu³a siê dotkniêta po tym, jak j± wy¶miali.

The pickpocket snatched the woman's bag and ran away. | Kieszonkowiec wyrwa³ torbê kobiety I uciek³.

In reply to your query, we would like to inform you that the confernce will take place on 25 October. | W odpowiedzi na Pana pytanie informujemy, ¿e konferencja odbêdzie siê 25 pa¼dziernika.

She always shows consideration to others. | Ona zawsze okazuje innym wzglêdy.

Her sudden movement startled the cat. | Jej nag³y ruch przestraszy³ kota.

  Your decision to cooperate with them would mean additional constraints. | Twoja decyzja o wspó³pracy z nimi oznacza³aby dodatkowe ograniczenia.

I felt constrained to obey my teacher though I hated the idea. | Czu³em sie zmuszony, ¿eby pos³uchaæ nauczyciela, chocia¿ nie chcia³em.

The divergence of opinion on this problem in the company caused a never-ending discussion. | Rozbie¿no¶æ pogl±dów w tej kwestii spowodowa³a niekoñcz±c± siê dyskusjê.

It appears impossible to argue with this hot-blooded guy. | Dyskusja z tym w gor±cej wodzie k±panym facetem wydaje siê niemo¿liwa.

This lady with a bulging suitcase is my aunt. | Ta pani z brzuchat± walizk± to moja ciotka.

The wardrobe was too bulky for us to move. | Szafa by³a dla nas zbyt nieporêczna, ¿eby j± przesun±æ.

He found it challenging to control the panic-stricken crowd.  | Kontrola nad ogarniêtym panik± t³umem by³a dla niego wyzwaniem.

His treacherous behaviour made them all feel anxious. | Jego zdradliwe zachowanie niepokoi³o ich wszystkich.

She was nibbling at potatoes, apparently troubled by something important. | Skuba³a ziemniaki, widocznie zatroskana czym¶ istotnym.

He took a brisk walk to relax and think the problem over. | Poszed³ na ¿wawy spacer, ¿eby odpocz±æ I przemy¶leæ problem.

She deposited the money in a fireproof safe. | Zdeponowa³a pieni±dze w ogniotrwa³ym sejfie.

Her handwriting is totally illegible. | Jej charakter pisma jest zupe³nie nieczytelny.

I'm afraid he's going to learn what hangover is. He's drunk too much tonight. | Obawiam siê, ¿e on dowie siê, czym jest kac. Wypi³ dzi¶ za du¿o.

Jack guzzled the beer and fell asleep. | Jack wy¿³opa³ piwo i zasn±³

Noises of lively discussion and guffaw filled the room. | Odg³osy o¿ywionej dyskusji I g³o¶ny ¶miech wype³ni³y salê.

Greg's my best friend but he's really grumpy at times. | Greg jest moim najlepszym przyjacielem, ale czasami jest naprawdê gderliwy.

Paul grumbled about the money he earned- he'd expected much more. | Paul utyskiwa³ na pieni±dze, które zarobi³- oczekiwa³ znacznie wiêcej.

She had to face the gruesome task of identifying the body of the murdered. | Musia³a stawiæ czo³a makabrycznemu zadaniu, jakim by³a identyfikacja cia³a zamordowanego.

The exhibition was considered a chaotic collection of wacky pictures. | Wystawa zosta³a uznana za chaotyczny zbiór dziwacznych obrazków.

Tina is a grounded kind of person she's going to cope with that pressure.I don't think Jay's coming. She's been grounded. | Tina jest mocno st±paj±c± po ziemi osob± poradzi sobie z tym napiêciem.My¶lê, ¿e Jay nie przyjdzie. Nie wolno jej wychodziæ z domu.

The driver sustained grievous injuries. | Kierowca dozna³ ciê¿kich obra¿eñ.

The car crash in the city centre caused an awful gridlock. | Wypadek samochodowy w centrum miasta spowodowa³ straszny korek.

When I entered my friend's flat, which I was supposed to look after during her holidays, I was disgusted. Everything was covered in sticky grime. | Kiedy wesz³am do mieszkania mojej kole¿anki, którym mia³am siê zajmowaæ podczas jej wakacji, poczu³am obrzydzenie. Wszystko pokrywa³ lepki brud.

Add some garlic and freshly ground pepper. | Dodaj czosnku i ¶wie¿o zmielonego pieprzu.

 destrukcyjny, niszcz±cy; zak³ócaj±cyThe student was punished for his disruptive behaviour but no teacher tried to understand the reasons for his disobedience. | UIczeñ zosta³ ukarany za swoje destrukcyjne zachowanie, ale ¿aden z nauczycieli nie próbowa³ zrozumieæ przyczyn jego niepos³uszeñstwa.

Hard-wingers and roughnecks disrupted the demonstration. | Skrajni prawicowcy i chuligani zak³ócili demonstracjê.

Harry grasped her by the shoulders.I did my best so my students could grasp the meaning of the play. | Harry z³apa³ j± za ramiona.Stara³em siê jak mog³em, ¿eby moi uczniowie pojêli znaczenie tej sztuki.

We could see the fire glimmer in the distance.She couldn't understand there was no glmmer of hope for her husband. | Zobaczyli¶my ognisko przeb³yskuj±ce z daleka.Nie mog³a poj±æ, ¿e dla jej mê¿a nie by³o ju¿ ¿adnej nadziei.

She graduated from Harvard and that's why she's so conceited. | Ukoñczy³a Harvard i dlatego jest taka zarozumia³a.

The way of bringing up the children is a perennial source of conflict between them. | Sposób wychowania dzieci jest odwiecznym ¼ród³em konfliktu miêdzy nimi.

Sally complained about the locals' importunity. | Sally narzeka³a na natarczywo¶æ miejscowych.

We were importuned for money in the street. | Na ulicy za¿±dano od nas pieniêdzy.

Don't leave me alone with the daunting task of cleaning up the whole house! | Nie zostawiaj mnie samego ze zniechêcaj±cym zadaniem posprz±tania ca³ego domu!

This piece of news appears credible.She's never been a credible person. | Ta wiadomo¶æ wydaje siê wiarygodna.Ona nigdy nie by³a wiarygodn± osob±.

Remember that he's sly enough to cheat us. | Pamietaj, ¿e on jest wystarczaj±co przebieg³y, ¿eby nas oszukaæ.

He believed teaching was his real vocation. | Wierzy³, ¿e praca nauczyciela jest jego prawdziwym powo³aniem.

Michael loves his cat so much that he feels offended if a guest of his doesn't stroke her or at least state she's beautiful. | Michael tak bardzo kocha swoj± kotkê,¿e czuje siê obra¿ony kiedy jego go¶æ  jej nie pog³aszcze lub przynajmniej nie stwierdzi, ¿e jest piêkna.

She was peerring through the fog but couldn't notice the car. | Patrzy³a uwa¿nie przez mg³ê, ale nie zauwa¿y³a tego samochodu.

The issue is strictly confidential, and I use these words advisedly. | Ta sprawa jest ¶ci¶le tajna, i rozmy¶lnie u¿ywam tych s³ów.

I recommend this book to everyone interested in gardening. | Polecam tê ksi±¿kê wszystkim zainteresowanym ogrodnictwem.

She says she doesn't recollect the row. | Ona mówi, ¿e nie przypomina sobie tej k³ótni.

I have only a vague recollection of my great-grandfather's house. | Mam tylko niewyra¼ne wspomnienie domu mojego pradiadka.S³abo przypominam sobie dom mojego pradziadka.

My sister stooped to look for the earring that had fallen down to the carpet. | Moja siostra schyli³a siê, ¿eby poszukaæ kolczyka, który upad³ na dywan.

She couldn't have written it. Her handwriting slants to the left. | Ona nie mog³a tego napisaæ. Jej charakter pisma jest pochylony w lewo.

I met him today and, believe me or not, he went on waffling as usual. | Spotka³em go dzisiaj i, wierz mi lub nie, nadal glêdzi³ jak zwykle.

The baby loves being tickled on the soles of her feet. | To dziecko uwielbia, kiedy ³askocze siê j± w piêty.

She was wearing an awful blouse of a putrid colour. | Mia³a na sobie okropn± bluzkê zgni³ego koloru.

She was in two minds about meeting her putative father. | Mia³a w±tpliwo¶ci co do spotkania ze swoim domniemanym ojcem.

He was completely puzzled when he read the letter. | By³ bardzo zak³opotany po przeczytaniu listu.

The boy fell down and started to moan. | Ch³opiec przewróci³ siê i zacz±³ jêczeæ.

She was a really frail child. | By³a bardzo w±t³ym dzieckiem.

Martin nudged his mate and they left the room.  | Martin tr±ci³ swojego kolegê ³okciem i wyszli z sali.

To her despair, her family just snickered when they saw her new hair-do. | Ku jej rozpaczy jej rodzina parsknê³a ¶miechem na widok jej nowej fryzury.

The medicine will inhibit the development of the illness. | To lekarstwo powstrzyma rozwój choroby.

Analysts didn't predict the rapid change. | Anbalitycy nie przewidzieli tej gwa³townej zmiany.

When I was in need, some of my friends turned out too faint-hearted to help me. | Kiedy by³em w potrzebie, niektórzy spo¶ród moich przyjació³ okazali siê zbyt tchórzliwi, ¿eby mi pomóc.

She glanced at the telephone in the faint hope they could call.The small girl fainted during the ceremony. | Zerka³a na telefon ze s³ab± nadziej± na to, ¿e zadzwoni±.Ma³a dziewczynka zemdla³a podczas uroczysto¶ci.

Remember that if you want to teach children, you have to adjust the range of vocabulary to their level. It took a while before the OHP adjusted. | Pamiêtaj, ¿e je¶li chcesz uczyæ dzieci, musisz dostosowaæ zakres s³ownictwa do ich poziomu.

Her room was tiny and a bit messy, but really comfy at the same time. | Jej pokój by³ malutki i trochê nieporz±dny, ale równocze¶nie bardzo przytulny.

The elderly lady surrounded by young children is my aunt Elsie. | Ta starsza pani otoczona przez ma³e dzieci to moja ciocia Elsie.

He gulped and jumped into the water. | Nabra³ powietrza i wskoczy³ do wody.

She states that smacking is fair and she sees nothing wrong in punishing children this way. | Ona twierdzi, ¿e dawanie klapsów jest sprawiedliwe i nie widzi nic z³ego w karaniu dzieci w ten sposób.

The girls spent all their pocket money on ice-cream and souvenirs. | Dziewczynki wyda³y ca³e kieszonkowe na lody I pami±tki.

She was wearing mottled trousers and a sweatshirt. | Mia³a na sobie nakrapiane spodnie i bluzê.

The teacher stood up, folded her arms and waited for someone to explain the situation. | Nauczycielka wsta³a, skrzy¿owa³a ramiona i czeka³a, a¿ kto¶ wyja¶ni sytuacjê.

My grandma's room is very cosy. | Pokój mojej babci jest bardzo przytulny.

The first time Anne entered the catwalk was pretty stressful. | Pierwszy raz, kiedy Anne wysz³a na wybieg, by³ bardzo stresuj±cy. 

The models were wearing diverse types of dresses. | Modelki nosi³y rozmaite rodzaje sukienek.

Mum was reclining on the sofa, fast asleep. | Mama mocno spa³a na kanapie w pozycji pó³le¿±cej.

It always make me happy when I see these vibrant volunteers working. | Zawsze siê cieszê widz±c tych m³odych ochotników przy pracy.

He's been coaching her in Italian. | On udziela jej korepetycji z w³oskiego.

The politician unveiled the research results. | Polityk ujawni³ wyniki badañ.

He realised the bus had left and cursed | Zda³ sobie sprawê, ¿e autobus odjecha³ i zakl±³.

This article is a typical mixture of stereotype and cursory judgements. | Ten artyku³ to typowe po³±czenie stereotypów i powierzchownych s±dów.

The neighbour used to visit my grandfather every afternoon and they would converse long hours. | S±siad odwiedza³ mojego dziadka i konwersowali godzinami.

Being a very considerate person, Susie avoided the difficult subject which might have worried her mother. | Jako bardzo troskliwa osoba, Susie unika³a tego trudnego tematu, który móg³by zmartwiæ jej matkê.

The village's inhabitants turned out very hospitable and friendly. | Mieszkañcy wioski okazali siê bardzo go¶cinni i przyja¼ni.

Initially he worked here as a salesman. | Zpocz±tku pracowa³ tutaj jako sprzedawca.

The village was inhabited mainly by elderly people. | Wioska by³a zamieszkana g³ównie przez starszych ludzi.

He's a malicious disgusting guy and you should beware of him. | To obrzydliwy, z³o¶liwy facet i powiniene¶ na niego uwa¿aæ.

Sally's mother is famous for irreproachable manners, which makes me nervous before my visit at her home. | Matka Sally s³ynie z nienagannych manier, co sprawia, ¿e denerwujê siê przed wizyt± u niej w domu.

The police surmise the murderer can't have fled far away. | Policja przypuszcza, ¿e morderca nie móg³ uciec daleko.

We need resourceful staff, not milksops. | Potrzebujemy zaradnego personelu, nie oferm.

If the resources are provided promptly, everything will be ok. | Je¶li ¶rodki zaradcze zostan± natychmiast zastosowane, wszystko bêdzie dobrze.

Claire was overwhelmed with sorrow after she'd heard the news. | Claire by³a przyt³oczona smutkiem po tym, jak us³ysza³a wiadomo¶æ.

According to the schedule, the bus should have come five minutes ago. | Wed³ug rozk³adu jazdy autobus powinien przyjechaæ piêæ minut temu.

According to the schedule, the bus should have come five minutes ago. | Wed³ug rozk³adu jazdy autobus powinien przyjechaæ piêæ minut temu.

The children were busy with the jigsaw they were given. | Dzieci by³y zajête uk³adank±, któr± dosta³y.

He was accused of forgery. | Zosta³ oskar¿ony o fa³szerstwo.

It's not enough to buy a car- you'll have to maintain it!I'm afraid she won't be able to maintain her three children on her own. | Nie wystarczy kupic samochód- bêdziesz go musial utrzymaæ!Obawiam siê, ¿e ona nie utrzyma sama trójki dzieci.

Missing the train was a real misfortune. | Spó¼nienie na poci±g by³o prawdziwym pechem.

He was put on probation and has been behaving carefully so far. | Zosta³ poddany kurateli s±dowej i jak dot±d zachowuje siê ostro¿nie.

Your grandma is looking hale so you shouldn't worry too much about her complaints. | Twoja babcia wygl±da krzepko, wiêc nie powiniene¶ martwic siê jej narzekaniem.

I hope you didn't forget about the cat's prophylactic vaccination. | Mam nadziejê, ¿e nie zapomnia³e¶ o szczepieniu ochronnym kota.

You can't put those books on the shelves in a random order just like that. | Nie mo¿esz ustawiæ tych ksi±¿ek na pó³kach w przypadkowej kolejno¶ci.

She made an awkward movement and stumbled. You put me in an awkward position by concealing the truth.I appreciate the content of the essay you have written. Your syntax, however, is sometimes awkward. | Zrobi³a niezrêczny ruch i potknê³a siê.Stawiasz mnie w k³opotliwej sytuacji ukrywaj±c prawdê.Doceniam tre¶æ eseju, który napisa³e¶. Jednak twoja sk³adnia jest czasami niezgrabna.

I don't think much of the way you do shopping. Do you really believe you're gonna save up buying tinny cheap things? | Nie mam dobrego zdania o tym, w jaki sposób robisz zakupy. Naprawdê wierzysz, ¿e zaoszczêdzisz kupuj±c marne, tanie rzeczy?

She announced she was going to hand in her notice. | O¶wiadczy³a, ¿e z³o¿y wymówienie.

My grandma used to remind me of the starving thousands whenever I didn't feel like eating a dinner up. | Moja babcia przypomina³a mi o g³oduj±cych tysi±cach, kiedy nie mia³am ochoty skoñczyæ obiadu.

You can't be so meek whenever he tells you what to do. | Nie mo¿esz byæ tak potulny, kiedy on mówi ci, co masz robiæ.

The brook is shallow, but be careful | Ten strumyk jest p³ytki, ale b±d¼ ostro¿ny.

I think you should elaborate on this painting.She made an elaborate speech about Borges. | Uwa¿am, ¿e powiniene¶ dopracowaæ ten obraz.Ona wyg³osi³a skomplikowane przemówienie o Borgesie.

Your attempts to plumb these areas of human experience are purposeless. You can't learn it from books. | Twoje próby zg³êbienia tych dziedzin do¶wiadczenia ludzkiego s± bezcelowe. Nie mo¿esz siê tego dowiedzieæ z ksi±¿ek.

It gave me the creeps to walk in the deserted city.  | Cierp³a mi skóra, kiedy chodzili¶my po opustosza³ym mie¶cie.

The traitor pleaded for mercy. | Zdrajca b³aga³ o lito¶æ.

He was trying to overtake the other cyclist and then the accident happened. | Próbowa³ wyprzedziæ drugiego rowerzystê i wtedy wydarzy³ siê ten wypadek.

To describe her as an excellent teacher is a bit of an exaggeration. | Opisywaæ j± jako doskona³± nauczycielkê to lekka przesada.

There's no time for despair now. You've got to act. | Nie ma teraz czasu na rozpacz. Musisz dzia³aæ.

I can have overlooked some mistakes in his essay, so I need to check it once more.She bought a flat overlooking a beautiful park. | Mo¿liwe, ¿e przeoczy³am jakie¶ b³êdy w jego eseju, wiêc muszê go sprawdziæ jeszcze raz.Ona kupi³a mieszkanie z widokiem na piêkny park.

The painstaking job she's done turned out completely useless! | Ta drobiazgowa praca, któr± ona wykona³a, okaza³a siê kompletnie bezu¿yteczna!

Is the use of dictionaries permissible during the exam? | Czy podczas egzaminu dozwolone jest korzystanie ze s³ownika?

Her behaviour was outrageous, if you ask me. | Moim zdaniem jej zachowanie by³o szokuj±ce.

Though he tries to conceal it, Tim is a sensitive guy. | Choæ próbuje to ukryæ, Tim jest wra¿liwym facetem.

She was waiting for the news in agitation. | Czeke³a na wiadomo¶æ  z niepokojem.

His financial situation has become completely unbearable. | Jego sytuacja finansowa sta³a siê nie do zniesienia.

The whole village suffered from serious calamities, such as frequent floods. | Ca³a wioska cierpia³a na skutek powa¿nych klêsk, takich, jak czêste powodzie.

This book is not a masterpiece, but the plot itself can be called ingenious. | Ta ksi±¿ka nie jest arcydzie³em, ale sama fabu³a jest bardzo pomys³owa.

I presume they will not accept the invitation after the argument we'd had. | Przypuszczam, ¿e nie przyjm± zaproszenia po k³ótni, która mia³a miejsce.

Susie wrapped the book nicely before she handed it to her mum. | Susie ³adnie opakowa³a ksi±¿kê w papier zanim wrêczy³a j± mamie.

Initially he worked here as a salesman. | Z pocz±tku pracowa³ tutaj jako sprzedawca.

Wow! Doesn't she look awesome? | Rany! Ale ona ¶wietnie wygl±da!

I can't hear you! Stop muttering, apeak up! | Nie s³yszê ciê! Przestañ mamrotaæ, mów g³o¶niej!

I wouldn't trust those long-tongued classmates of yours. | Nie ufa³bym tym twoim niedyskretnym kolegom z klasy.

Acute pain in the right foot made me unable to walk. | Ostry ból w prawej stopie sprawi³, ¿e nie mog³em chodziæ.

My grandma, who is 84, is suffering from insomnia. | Moja babcia, która ma 84 lata, cierpi na bezsenno¶æ.

The police surmise the murderer can't have fled far away. | Policja przypuszcza, ¿e morderca nie móg³ uciec daleko.

You've devoted so much time to your studies already that you shouldn't give it up. | Po¶wiêci³e¶ ju¿ tyle czasu swoim studiom, ¿e nie powiniene¶ ich rzucaæ.

The soup was fine, but the meat insipid. I didn't like the salad, either. | Zupa by³a dobra, ale miêso bez smaku. Sa³atka te¿ mi nie smakowa³a.

Hopefully the enterprise will develop.  | Miejmy nadziejê, ¿e firma bêdzie siê rozwijaæ.

My parents are celebrating their 30th wedding anniversary. | Moi rodzice obchodz± trzydziest± rocznicê ¶lubu.

He's always been a committed member of our party. | Zawsze by³ oddanym cz³onkiem naszej partii.

We've had an awful stand-in in our Polish classes because our teacher broke her leg last week. | Mamy okropn± zastêpczyniê na lekcjach polskiego, poniewa¿ nasza nauczycielka w zesz³ym tygodniu z³ama³a nogê.

Could you please erase these words? I think everybody has copied them by now. | Czy móg³by¶ zetrzeæ te s³ówka? My¶lê, ¿e wszyscy je ju¿ przepisali.

The cruel emperor opressed his nation. | Okrutny cesarz ciemiê¿y³ swój naród.

I had an impression she sort of begrudges Alice the position. | Odnios³em wra¿enie, ¿e ona w pewien sposób zazdro¶ci Alicji tego stanowiska.

She was trying to slice the bread with a jagged knife. | Próbowa³a pokroiæ chleb wyszczerbionym no¿em.

A group of bystanders gathered where the accident had happened. | Grupka gapiów zebra³a siê w miejscu wypadku.

This gripping movie takes everyone's breath away. | Ten pasjonuj±cy film zapiera dech w piersiach.

You must be careful when it comes to the layout of a formal letter. | Musisz byæ uwa¿ny, je¶li chodzi o graficzny uk³ad oficjalnego listu.

In the future Betty would like to explore the wildlife. | W przysz³o¶ci Betty chcia³aby badaæ przyrodê.

she found herself in a miserable situation. | Znalaz³a siê w ¿a³osnej sytuacji.

In this poor town generations spent their lives in misery. | Pokolenia spêdzi³y ¿ycie w nêdzy w tym biednym miasteczku.

Add some mince to the tomato sauce. | Dodaj miêsa mielonego do sosu pomidorowego.

He put his briefcase in the hall and wearily came into the living room. | Po³o¿y³ teczkê w holu i ze znu¿eniem wszed³ do pokoju dziennego.

You should follow the yellow waymark. | Powiniene¶ i¶æ ¿ó³tym szlakiem.

All she had done in spite of promises eroded my trust in her words. | To, co zrobi³a pomimo obietnic podkopa³o moj± wiarê w jej s³owa.

It was our best holiday- we visited Germany, France, Spain and Portugal. I really like hitch-hiking. | To by³y nasze najlepsze wakacje- byli¶my w Niemczech, we Francji, Hiszpanii i Portugalii. Naprawdê lubiê podró¿owaæ autostopem.

With her education she can't be so fussy when it comes to picking up a job. | Z jej wykszta³ceniem nie mo¿e byæ tak wybredna, je¶li chodzi o wybór pracy.

Remember we've got to pay the fare- you can't spend all on food. | Pamiêtaj, ¿e musimy ui¶ciæ op³atê za przejazd- nie mo¿esz wydaæ wszystkiego na jedzenie.

"I was really too busy to answer your call", he said lamely. | "By³e naprawdê zbyt zajêty, ¿eby odebraæ telefon, kiedy dzwoni³e¶", powiedzia³ bez przekonania.

My daughter ripped the box open, impatient to see the surprise gift. | Moja córeczka rozdar³a pude³ko, nie mog±c siê doczekaæ, a¿ zobaczy prezent- niespodziankê.

He reposed in the armchair. | Odpoczywa³ w fotelu.

What's happened? You seemed so chirpy in the morning and now you're upset. | Co sie sta³o? Rano wydawa³o siê, ¿e jeste¶ w dobrym nastroju, a teraz jeste¶ przygnêbiony.

Many yeas after the graduation, we met at a party held by our mutual friend. | Wiele lat po skoñczeniu szko³y spotkalismy siê na przyjêciu organizowanym przez naszego wspólnego przyjaciela.

Do not come up to quickly- these birds are rather skittish. | Nie podchod¼ zbyt szybko- te ptaki s± raczej p³ochliwe.

These guys are known for bullying younger pupils. | Ci ch³opcy s± znani z tego, ¿e znêcaja siê nad m³odszymi uczniami.

The cupboard smells. Old forgetful Miss Helen kept overripe fruit in here. | W tej szafce ¶mierdzi. Roztrzepana pani Helen trzyma³a tu przejrza³e owoce.

Her letter was almost illegible. It took me ages to read it. | Jej list by³ prawie nieczytelny. Przeczytanie go zajê³o mi mnóstwo czasu.

We could hear dogs howl as we were approaching the village. | Zbli¿aj±c siê do wsi s³yszeli¶my wycie psów.

The students insisted on putting off the exam. | Studenci nalegali na prze³o¿enie egzaminu.

This pill should ease the pain. | Ta tabletka powinna zmniejszyæ ból.

You can't withdraw now that it all has happened. | Nie mo¿esz wycofaæ siê teraz, kiedy to wszystko siê sta³o.

Today the teacher was talking about... well, four-legged animals, I mean, quadrupeds. | Dzisiaj nauczycielka mówi³a o... hmm... czworono¿nych zwierzêtach, to znaczy o czworonogach. 

They were sitting around the table, sipping tea without a word. | Siedzieli wokó³ sto³u, s±cz±c herbatê w milczeniu.

Alice is an obedient girl, so you won't have problems baby-sitting her. | alice jest pos³uszn± dziewczynk±, wiêc nie bêdziesz mieæ problemów, kiedy zostaniesz j± popilnowaæ.

He is acknowledged as one of the most influential modern writers. | On jest uznany za jednego z najbardziej wp³ywowych wspó³czesnych pisarzy.

He's a fascinating author but a very bad lecturer. | To fascynuj±cy autor, ale bardzo kiepski wyk³adowca.

The increase in school closures is a real threat to teachers. | Wzrost zamkniêæ szkó³ jest prawdziwym zagro¿eniem dla nauczycieli.

Though she's a bossy person you can find a way to reach a compromise. | Chocia¿ ona jest apodyktyczn± osob±, mo¿esz znale¼æ sposób na osi±gniêcie kompromisu.

It's the most bothersome situation we've ever faced. | To najbardziej k³opotliwa sytuacja, w jakiej siê kiedykolwiek znale¼li¶my.

A sparrow perched on the window sill waiting for some bread crumbs. | Wróbel przycupn±³ na parapecie, czekaj±c na okruchy chleba.

Have you seen the flock of birds flying over there? It was an amazing view. | Czy widzia³e¶ stado ptaków, które tam lecia³o? To by³ fantastyczny widok.

Watch out! Don't fall down- the floor is so slippery here! | Uwa¿aj! Nie przewróæ siê- pod³oga jest tu bardzo ¶liska.

Look at these playful kittens! They're so sweet! | Spójrz na te zabawne kotki! S± takie s³odkie!

The sermon regarded the question of continuous moral uplift. | Kazanie dotyczy³o kwestii ci±g³ej poprawy moralnej.

These sweets contain lots of artificial additives. | Te cukierki zawieraj± mnóstwo sztucznych dodatków.

Julka was fond of watching enormous reptiles in the Zoo. | Julce podoba³o sie ogl±danie ogromnych gadów w Zoo.

Kids! Don't try to pull the cat's whiskers! | Dzieci! Nie próbujcie ci±gn±æ kota za w±sy!

The dog's kennel was dirty and neglected. | Buda tego psa by³a brudna i zaniedbana.

Julka was scared when the snake hissed. | Julka przestraszy³a siê, kiedy w±¿ zasycza³.

The leader urged the members of the party to vote for the bill. | Lider zaleci³ cz³onkom partii, ¿eby g³osowal za ustaw±.

In that respect, utmost vigilance becomes necessary. | W tym wzglêdzie najwy¿sza czujno¶æ staje siê niezbêdna.

An obnoxious smell was coming from the basement. | Z piwnicy dochodzi³ nieprzyjemny smród.

During the conference, the issue concerning political refugees was raised. | Podczas konferencji poruszony zosta³ problem uchod¼ców politycznych.

The goals you've set yourself are not really attainable. | Cele, które sobie wyznaczy³e¶, nie sa osi±galne.

revengesomething done in order to hurt someone who did something against you;  | zemsta

he scorned her father's political views. | Lekcewa¿y³a pogl±dy polityczne swojego ojca.

My parents were horror-stricken at the news they heard. | Moi rodzice byli przera¿eni po us³yszeniu wiadomo¶ci.

All her remarkable achievements were described in her biography. | Wszystkie jej godne uwagi osi±gniêcia  zosta³y opisane w jej biografii.

That shaggy boy resembles my bro. | Ten potargany ch³opiec przypomina mojego brata.

I don't think you've been overworking lately. | Nie s±dzê, ¿eby¶ siê ostatnio przepracowywa³.

I don't understand your hostile attitude towards Emma. | Nie rozumiem twojego wrogiego nastawienia do Emmy.

His double-dealing make me sick. | Niedobrze mi siê robi od jego ob³udy.

Their atrocious behaviour should be punished. | Ich okropne zachowanie powinno zostaæ ukarane.

Sally's a real couch potato- she won't be happy to join you. | Sally jest strasznym leniem spêdzaj±cym wiêkszo¶æ czasu na kanapie- nie bêdzie chcia³a do was do³±czyæ.

Could you please specify the components we should supply? | Czy móg³by pan wyszczególniæ komponenty, które powinni¶my dostarczyæ?

For the bachelor thesis you just need to regurgitate some information you acquired during studies. | Do pracy licencjackiej wystarczy, ¿e bezmy¶lnie otworzysz trochê informacji zdobytych podczas studiów. 

Your sleeves have elongated after washing. | Twoje rêkawy wyd³u¿y³y siê po praniu.

Stop sniffling- just leave and wipe your nose.  | Przestañ poci±gaæ nosem- po prostu wyjd¼ i wytrzyj nos.

In my opinion, the teacher has always underestimated your achievements. | Moim zdaniem, ten nauczyciel nigdy nie docenia³ waszych osi±gniêæ.

I'm sure that kidder deceived you. | Jestem pewien, ¿e ten oszust ciê nabra³.

It's a really intimidating perspective. | To naprawdê przera¿aj±ca perspektywa.

His derisive remarks should be ignored. | Powinno siê ignorowaæ jego szydercze uwagi.

He was acuused of bribery. | Zosta³ oskar¿ony o ³apownictwo.

Her half-hearted attempt to get the job has failed. | Jej niezdecydowana próba zdobycia tej pracy nie powiod³a siê.

He always takes a portable tv with him. | Zawsze zabiera ze sob± przeno¶ny telewizor.

The carpenter will have made a framework of the roof by the end of the week. | Stolarz zrobi szkielet dachu do koñmca tygodnia.

His paper is just a maze of unspecified notions. | Jego praca to po prostu gmatwanina niejasnych pojêæ.

She answerd coyly, blushing and looking down. | Odpowiada³a nie¶mia³o, czerwieni±c siê i spogl±daj±c w dó³.

I must admit you're making headway. | Muszê przyznaæ, ¿e robisz postêpy.

I always ask my hairdresser for a manageable hairdo. | Zawsze proszê fryzjera o ³atw± w utrzymaniu fryzurê.

The girl was weeping dolefully. | Dziewczynka ³ka³a ¿a³o¶nie.

She's just a callow teenager so you shouldn't expect too much. | Ona jest tylko niedojrza³± nastolatk±, wiêc nie powinien¶ oczekiwaæ zbyt wiele.

She's always prying, which makes me angry. | Ona ci±gle siê wtr±ca, co mnie z³o¶ci.

If you ask me, you must have overpaid. | Moim zdaniem przep³aci³e¶.

You can't pursue a goal you regard as unattainable. | Nie mo¿esz d±¿yæ do celu, który uwa¿asz za nieosi±galny.

The news enliveed the class. | Wiadomo¶æ o¿ywi³a klasê.

The infamous forger was finally captured by the police. | Nies³awny fa³szerz zosta³ w koñcu pojmany przez policjê.

His tender care and love sustained Amy throughout  her illness. | Jego czu³a opieka i mi³o¶æ podtrzymywa³a Amy podczas jej choroby.

The presence of celebrities added splendour to the banquet. | Obecno¶æ s³aw u¶wietni³a bankiet.

She spent the whole break prating about clothes. | Ca³± przerwê spêdzi³a nawijaj±c o ciuchach.

The plan she's conceived will never be accepted by her boyfriend. | Plan, który obmy¶li³a, nigdy nie zostanie zaakceptowany przez jej ch³opaka.

She stared at us in genuine surprise. | Wpatrywa³a siê w nas z niek³amanym zdziwieniem.

Stop being insolent- it will lead you nowhere. | Przestañ byæ bezczelny- to ciê nigdzie nie zaprowadzi.

This game is the latest craze among teenagers. | Ta gra to ostatni krzyk mody w¶ród nastolatków.

She was extraoridinarily earnest for her age. | By³a nadzwyczajnie powa¿na jak na swój wiek.

There were no casualties in the accident. | W wypadku nie by³o ofiar.

Has your flat always been so drafy? | Czy twoje mieszkanie zawsze by³o tak pe³ne przeci±gów?

She's habitually unpunctual. | Ona jest notorycznie niepunktualna.

This singer is famous for catchy hits and spectacular concerts. | Ten piosenkarz s³ynie z wpadaj±cych w ucho przebojów i widowiskowych koncertów.

The kids were sorry they couldn't partake in the celebration. | Dzieciom by³o przykro, ¿e nie mog³y uczestniczyæ w obchodach ¶wiêta.

The review says it's a pretty interesting movie. | Wed³ug recenzji jest to ca³kiem interesuj±cy film.

We had to postpone our trip because of bad weather. | Musieli¶my od³o¿yæ wycieczkê na pó¼niej z powodu brzydkiej pogody.

A cluster of fans followed the model wherever she moved. | Gromada fanów pod±¿a³a za modelk±, dok±dkolwiek siê ruszy³a.

The magnificent collection of the artist's works will be exhibited on Saturday. | ¦wietna kolekcja prac artysty zostanie wystawiona w sobotê.

He was an exceptionally knowledgeable man. | On by³ cz³owiekiem o niezwykle szerokim zakresie wiedzy.

She put forward her ideas employing a rather bizarre style. | Przed³o¿y³a swoje pomys³y u¿ywaj±c raczej dziwacznego stylu.

Your strategy has been craven submission, which will lead you nowhere. | Jak dot±d twoja strategia to tchórzliwa uleg³o¶æ, a to prowadzi donik±d.

Their cups were displayed in a big showcase. | Ich puchary wystawiono w du¿ej gablocie.

He wore grubby jeans and looked really terribly. | Mia³ na sobie brudne d¿insy i wygl±da³ naprawdê okropnie.

He answered abruptly as if something had happened. | Odpowiedzia³ ostro, jakby co¶ siê sta³o.

The suspect vanished unexpectedly, which caused huge problems. | Podejrzany niespodziewanie znikn±³, co spowodowa³o ogromne problemy.

Her reaction to my decision was astounding- she gave up contacting me at all. | Jej reakcja na moj± decyzjê by³a zadziwiaj±ca- w ogóle przesta³a siê ze mn± kontaktowaæ.

Her devotion was really moving. | Jej po¶wiêcenie by³o naprawdê wzruszaj±ce.

Unfortunately, I succumbed to the temptation to stay there a bit longer than I should have. | Niestety uleg³em pokusie, ¿eby zostaæ tam trochê d³u¿ej ni¿ powinienem.

He's an extremely conscientious student. | On jest niezwykle sumiennym uczniem.

Having watched the documentary about a slaughterhouse, Sally became a vegetarian. | Po obejrzeniu filmu dokumentalnego o rze¼ni Sally zosta³a wegetariank±.

I've never met such a headstrong person before.  | Nigdy dot±d nie spotka³em tak upartej osoby.

We had a heart-to-heart talk yesterday. | Odbyli¶my wczoraj rozmowê w cztery oczy.

The two of them plunged into an incessant fight. | Dwoje z nich pogr±¿y³o siê w bezustannej walce.

He remained incognizant of the danger we might have faced. | Pozosta³ nie¶wiadomy niebezpieczeñstwa, na jakie byli¶my wystawieni.

Now that I've observed his behaviour for a while I'm sure he's mentally deranged. | Teraz, kiedy przez jaki¶ czas obserwowa³em jego zachowanie jestem pewien, ¿e jest on psychicznie zaburzony.

His questions sound rather cheeky. | Jego pytania brzmi± dosyæ bezczelnie.

Stop raving! I'm not going to talk with you like that! | Przestañ siê piekliæ! Nie bêdê w ten sposób z tob± rozmawiaæ!

The strike started by the trade union has been strangled.The police found the strangled woman's corpse. | Strajk rozpoczety przez zwi±zek zawodowy zosta³ st³umiony.Policja odnalaz³a zw³oki uduszonej kobiety.

The team of architects designed the environs of the town. | Ten zespó³ architektów zaprojektowa³ okolice miasteczka.

convenientcomfortable, suited to one's needs;  | wygodny, dogodny

The meal she prepared was fragrant and delicious.The room was filled with fragrant flowers. | Posi³ek, który przygotowa³a by³ aromatyczny i smaczny.

How could you even listen to the ravings he was telling you! | Jak mog³e¶ s³uchaæ tych bzdur, których on ci naopowiada³!

I was really disgusted at the appalling service. | By³em naprawdê oburzony na okropn± obs³ugê.

His complex and sophisticated essays have been translated into seven languages so far. | Jego skomplikowane i wyrafinowane eseje zosta³y jak dot±d przet³umaczone na siedem jêzków.

She reacted to the news with tremendous joy. | Zareagowa³a na wiadomo¶æ z ogromn± rado¶ci±.

We were provided with relevant and sufficient information. | Otrzymali¶my w³a¶ciwe i wystarczaj±ce informacje.

In the 18th century maps weren't accurate enough. | W osiemnastym wieku mapy nie by³y dostatecnie dok³adne.

Although she did sympathize with her cousin, she didn't help him. | Mimo ¿e naprawdê wspó³czu³a kuzynowi, nie pomog³a mu.

The teacher had prepared a variety of texts, from which the students could choose the most interesting ones. | Nauczyciel przygotowa³ rozmaite teksty, spo¶ród których uczniowie mogli wybrac najbardziej interesuj±ce.

She's not going to help you- she's too stingy. | Ona ci nie pomo¿e- jest zbyt sk±pa.

His attempt to bribe the speed cop brought about awful consequences. | Jego próba przekupienia policjanta z drogówki mia³a okropne konsekwencje.

This part of your speech needs highlighting. | Ta czê¶æ twojej mowy wymaga podkre¶lenia.

Are you fond of the plan they outlined? | Czy podoba ci siê plan, który przedstawili w zarysie?

You will be provided with necessary materials. | Niezbêdne materia³y zostan± ci zapewnione.

Drops of water glittered in the sun. | Krople wody po³yskiwa³y w s³oñcu.

The students are accustomed to these rules. | Studenci s± przyzwyczajeni do tych zasad.

With such an attitude,you're not going to find a solution to that problem. | Z takim nastawieniem nie znajdziesz rozwi±zania tego problemu.

Get up, lazybones! It's almost twelve! | Wstawaj, leniu! Jest prawie dwunasta!

I don't think her behaviour was appropriate. | Uwa¿am, ¿e jej zachowanie nie by³o w³a¶ciwe.

He was instantly noticed. | Zosta³ natychmiast zauwa¿ony.

This community finds it hard to comprehend. They simply discuss why she acted that way. | Ta spo³eczno¶æ nie mo¿e tego poj±æ. Po prostu dyskutuj±, dlaczego tak post±pi³a.

Suzan and Jack had another terrible row tonight. No wonder if she needs his support and he only talks about his own trouble. |  Suzan i Jack znów siê strasznie pok³ócili. Nic dziwnego, skoro ona potrzebuje wsparcia, a on tylko opowiada o swoich w³asnych problemach.

They won't convince the court of their innocence.  | Nie przekonaj± s±du o swej niewinno¶ci.

I can remember a witty sentence- I guess Margaret Atwood said so- that whenever a woman discards a piece of clothes she discards a part of her life. Men won't get it, I'm afraid, but there's something about it. | Pamiêtam b³yskotliwe zdanie- powiedzia³a to chyba Margaret Atwood- ¿e ilekroæ kobieta pozbywa siê czê¶ci garderoby, pozbywa siê czê¶ci swojego ¿ycia. Obawiam siê, ¿e mê¿czy¼ni tego nie zrozumiej±, ale co¶ w tym jest.

I must apologize for the delay- I hope you will understand. | Muszê przeprosiæ za opó¼nienie- mam nadziejê, ¿e zrozumiesz.

Her house has always been immaculate- she's a stickler for order. | Jej dom zawsze by³ nieskazitelny- ma fio³a na punkcie porz±dku.

Stop acting as if you were a spiky teenager! | Przestañ zachowywaæ siê jak dra¿liwy nastolatek!

We were driving along some bumpy road. | Jechali¶my jak±¶ wyboist± drog±.

That piece of work was assigned to me, which really worried me at first. | Ta praca zosta³a przydzielona mnie, co na pocz±tku bardzo mnie martwi³o.

They both felt rather ashamed after that terrible row. | Oboje czuli siê do¶æ zawstydzeni po tej strasznej awanturze.

His poems are perfectly subtle and meaningful. | Jego wiersze s± niezwykle wyrafinowane i pe³ne znaczenia.

Sue went to Paris to polish her French. | Sue pojecha³a do Pary¿a podszlifowaæ swój francuski.

He won't get far with that happy-go-lucky attitude!- How do you know? It's sometimes better to live this way. | On daleko nie zajdzie z t± swoj± niefrasobliw± postaw±. -Sk±d wiesz? Czasem lepiej ¿yæ w taki sposób.

What happened ysterday was a crushing defeat and I cannot call it otherwise. | To, co sta³o siê wczoraj, by³o mia¿d¿±c± pora¿k± i nie mogê nazwaæ tego inaczej.

The predicted results of presidential elections in Poland are rather scary. | Przewidywane wyniki wyborów prezydenckich w Polsce do¶æ przera¿aj±.

This comprehensive study is where you can find reasonable answers to your questions. | W tej obszernej pracy znajdziesz sensowne odpowiedzi na swoje pytania.

Why are you being so clumsy?! You've broken my favourite cup! | Dlaczego jeste¶ taki niezgrabny?! St³uk³e¶ moj± ulubion± fili¿ankê!

They've done it out of malice. | Zrobili to ze z³o¶liwo¶ci.

The driver stopped and agreed to tow us to the garage. | Kierowca zatrzyma³ siê i zgodzi³ siê doholowaæ nas do warsztatu.

My seven-year-old daughter stashes all her valuable stones and shells. | Moja siedmioletnia córeczka trzyma w schowku wszystkie swoje cenne kamyki i muszelki.

She approached us swaggering as if she were someone special. | Zbli¿y³a siê do nas krocz±c z dum±, jakby by³a kim¶ szczególnym.

If Paul's so narrow-minded as you're telling me, I don't think I'm gonna discuss this issue with him. | Je¶li Paul jest tak ograniczony jak mówisz, nie bêdê chyba omawiaæ z nim tego problemu.

My father used to say I'd become a school dropout. | Mój ojciec powtarza³ mi, ¿e nie skoñczê szko³y.

Their outstanding performance really impressed me. | Ich wyj±tkowe przedstawienie naprawdê zrobilo na mnie wra¿enie.

The news resulted in clamour from the people. | Wiadomo¶æ spowodowa³a oburzenie w¶ród ludzi.

That disco will be kept under surveillance after the accident. | Ta dyskoteka bêdzie pod nadzorem po wypadku.

Tey kept lots of inflammable materials in the basement, which caused the terrible accident. | Przechowywali w piwnicy wiele materia³ów ³atwopalnych, co spowodowa³o straszny wypadek.

That car is rather old and needs careful maintenance. | Ten samochód jest dosyæ stary i potrzebuje starannej konserwacji.

Ethnic diversity is typical of the USA society. | Ró¿norodno¶æ etniczna jest typowa dla spo³eczeñstwa USA.

Actually, I found the whole enterprise unlikely to succeed. | Prawdê mówi±c uzna³em, ¿e ca³e to przedsiêwziêcie raczej siê nie powiedzie.

Customized goods are what they specialize in. | Oni specjalizuj± siê w towarach dostosowanych do potrzeb klienta.

The labour unions believe their rights should be restored. | Zwi±zki zawodowe twierdz±, ¿e ich prawa powinny zostaæ przywrócone.

The teacher told us to swap our essay plans for peer correction. | Nauczyciel powiedzia³, ¿eby¶my zamienii siê planami wypracowañ i sprawdzili je sobie nawzajem.

Excessive prices discouraged us. | Nadmiernie wygórowane ceny zniechêci³y nas.

I don't know what happened with Helen- she always was so dutiful! | Nie wiem, co siê sta³o z Helen- zawsze by³a taka pos³uszna!

That gossip won't enhance the actress's image. | Te plotki nie poprawi± wizerunku aktorki.

I have no idea how to insert a footnote- will you help me? | Nie mam pojêcia, jak wstawiæ przypis- pomo¿esz mi?

You won't understand the latest comic book by Sturmer if you don't look every second baseball term in the glossary. | Nie zrozumiesz najnowszego komiksu Sturmer'a, je¶li nie sprawdzisz co drugiego terminu dotycz±cego bejzbolu w s³owniczku.

customarytraditional; habitually practiced;  | tradycyjny; zwyczajowy; zwyczajny

The doctors said that lesion would be difficult to cure. | Lekarze owiedzieli, ¿e to obra¿enie bêdze trudno wyleczyæ.

Can you please stew these vegetables? I'll be back in a second. | Czy móg³by¶ udusiæ te warzywa? Zaraz wracam.

Is your job in any way connected with television? | Czy twoja praca jest jako¶ zwi±zana z telewizj±?

Why didn't you use the carport? | Dlaczego nie skorzysta³e¶ z wiaty?

Hard times have come for these few leftish papers in Poland. | Nasta³y ciê¿kie czasy dla tych kilku lewicowych gazet w Polsce.

I was so frightened- just numb. | By³em tak przestraszony- po prostu skostnia³y.

Your distrust will ruin that friendship. | Twoja nieufno¶æ zniszczy tê przyja¼ñ.

Forming of the Polish government was supposed to be an earthshaking moment. | Utworzenie polskiego rz±du mia³o byæ prze³omowym momentem.

I can't believe she could act so recklessly. | Nie mogê uwierzyæ, ¿e mog³a zachowaæ siê tak nierozwa¿nie.

Granny doesn't approve of such pranks, Johny. | Johny, babcia nie pochwala takich wybryków.

Her earnings, though meagre, satisfy her needs. | Jej zarobki, choæ skromne, spe³niaj± jej potrzeby.

She merged into a crowd of mothers hauling their whimsical children, unwilling to leave. | Wmiesza³a siê w t³um matek ci±gn±cych swoje rozkapryszone dzieci, które nie chcia³y wyj¶æ.

Claire was listening to her mother without a word, rigid and obstinate. | Claire s³cha³a mamy bez s³owa, niewzruszona i uparta.

Shouts of derision made her feel helpless. | Pe³ne drwiny okrzyki sprawi³y, ¿e poczu³a siê bezradna.

The noise outside is quite distinct in winter when the leaves are off. | Ha³as na zewn±trz jest bardzo wyra¼ny w zimie, kiedy nie ma li¶ci.

She just scolded me grumpily and left. | Tylko zbeszta³a mnie opryskliwie i wysz³a.

They're going to notice that leg-pull sooner or later. | Prêdzej czy pó¼niej zauwa¿± to oszustwo.

To be honest, I know nothing about Einstein's works, but I make an assumption that the experts who consider him a genius have the right to claim so. | Szczerze mówi±c nie mam pojêcia o pracach Einsteina, ale zak³adam, ¿e eksperci, którzy uwa¿aj± go za geniusza maj± prawo tak twierdziæ.

They ordered a couple of swivel chairs to the office. | Zamówili kilka krzese³ obrotowych do biura.

Sheila's been suffering from unrequited love. | Sheila cierpi z powodu nieodwzajemnionej mi³o¶ci.

The children at my daughter's school have already started to prepare a nativity play. | Dzieci w szkole mojej córki zaczê³y ju¿ przygotowywaæ szopkê bo¿onarodzeniow±.

That glamorous mansion belongs to a famous actor. | Ta ol¶niewaj±ca rezydencja nale¿y do s³ynnego aktora.

After the gruelling battle the warriors felt exhausted. | Po wyczerpuj±cej bitwie wojownicy czuli siê bardzo zmêczeni.

The chairman's speech was so convincing everybody applauded. | Mowa przewodnicz±cego by³a tak przekonuj±ca, ¿e wszyscy bili brawo.

I was absolutely astonished when I learned what had happened. | By³em kompletnie zdumiony, kiedy dowiedzia³em siê, co siê sta³o.

She always found it hard to pinpoint what her brother really meant. | Zawsze by³o dla niej trudno dok³adnie okre¶liæ, co jej brat naprawdê mia³ na my¶li.

One of enticements they offered was a quick promotion. | Jedn± z ich zachêcaj±cych propozycji by³ szybki awans.

She looked at her father and suppressed a smile. | Spojrza³a na ojca i powstrzyma³a u¶miech.

The shop assistant went on glaring at the queue. | Sprzedawca patrzy³ na kolejkê ze z³o¶ci±.

Why are you staring at me? Have I said something wrong? | Dlaczego siê we mnie wpatrujesz? Powiedzia³em co¶ niew³a¶ciwego?

The kids were hopping in heaps of rustling leaves. | Dzieci skaka³y w kupkach szeleszcz±cych li¶ci.

Sandra is grieving for her father. | Sandra op³akuje swojego ojca.

She's always had that yearning for freedom and independence. | Zawsze czu³a têsknotê za wolno¶ci± i niezale¿no¶ci±.

Milk was dribbling from the bottle. | Mleko kapa³o z butelki.

My clothes were splattered with mud. | Moje ubranie by³o obryzgane b³otem.

You're not going to buy her that tacky lipstick, are you? | Nie kupisz jej chyba tej tandetnej szminki, prawda?

The army had to yield. | Armia musia³a ust±piæ.

I am very competitive and enjoy challenge. | Bardzo lubiê rywalizacjê i ciesz± mnie wyzwania.

I believe Sally is mature enough for this responsible task. | Wierzê, ¿e Sally jest wystarczaj±co dojrza³a na to odpowiedzialne zadanie.

She proved so unreliable I was really disappointed. | Okaza³a siê tak nierzetelna, ¿e naprawdê by³em rozczarowany.

She used to be an incredibly lively child. | By³a niezwykle ¿ywym dzieckiem.

Whether he's guilty of the crime actually remains a mystery. | To, czy on jest winny zbrodni faktycznie pozostaje tajemnic±.

He always appreciated women's tenderness and would not involve in a relationship with someone cold. | Zawsze ceni³ u kobiet czu³o¶æ i nigdy nie zwi±za³by siê z kim¶ osch³ym.

Her opinion was grossly unfair. | Jej opinia by³a wielce niesprawiedliwa.

The movie was mentioned by the journalist, but he didn't seem to understand it. | Dziennikarz wspomnia³ o tym filmie, ale wydaje siê, ¿e go nie zrozumia³.

Her excuse was rather dubious. | Jej wymówka by³a do¶æ w±tpliwa.

I wish you didn't go on griping like that- there's a lot of thoings to do about your problem. | Szkoda, ¿e ci±gle tak narzekasz- mo¿esz zrobiæ wiele rzeczy, ¿eby rozwi±zaæ swój problem.

Is Suzie the one who always wears flashy clothes and thick make-up? | Czy Suzie to ta, która zawsze nosi jaskrawe ubrania i mocny makija¿?

Is Suzie the one who always wears flashy clothes and thick make-up? | Czy Suzie to ta, która zawsze nosi jaskrawe ubrania i mocny makija¿?

His very distasteful behaviour hasn't been punished yet. | Nie zosta³ jeszcze ukarany za wysoce niesmaczne zachowanie.

It's typical of Eve to envisage her future in dull colours. | To typowe dla Ewy wyobra¿aæ sobie w³asn± przysz³o¶æ w ciemnych barwach.

First we've got to enwrap this book so thatwe can give it as a present. | Najpierw musimy zawin±æ tê ksi±¿kê, ¿eby móc daæ j± jako prezent.

Anna's boyfriend was embittered by her unreasonable decision. | Ch³opak Anny by³ rozgoryczony na skutek jej nierozs±dnej decyzji.

Students did their best to embellish the gym before the disco. | Uczniowie zrobili co mogli, ¿eby ozdobiæ salê gimnastyczn± przed dyskotek±.

Her self-confidence and contentment make others trust her as a leader. | Jej pewno¶æ siebie i zadowolenie sprawiaj±, ¿e inni pok³adaj± w niej zaufanie jako przywódcy.

He's become infirm lately and we must look after him. | Ostatnio zrobi³ siê niedo³ê¿ny i musimy siê nim opiekowaæ.

A couple of children were crumbling bread for birds in the park. | Kilkoro dzieci kruszy³o w parku chleb dla ptaków.

My mother insisted that I put on something more dressy for the family reunion. | Moja mama nalega³a, ¿ebym w³o¿y³a co¶ bardziej eleganckiego na zjazd rodzinny.

We're having a family reunion next week. | W przysz³ym tygodniu mamy zjazd rodzinny.

It took several hard years to reunite the country. | Ponowne zjednoczenie pañstwa zajê³o kilka lat.

Has she always been so haughty? Her behaviour is difficult to bear. | Czy ona zawsze by³a taka wynios³a? Trudno znie¶æ jej zachowanie.

The pluck he revealed surprised everybody. | Odwaga, jak± okaza³, zaskoczy³a wszystkich.

It was extremely plucky of him to disagree. | To, ¿e siê nie zgodzi³, by³o z jego strony bardzo odwa¿ne.

The very thought of meeting him made Alison shudder. | Sama my¶l o spotkaniu z nim przyprawi³a Alison o dreszcz.

The questions were quite confusing- I was well prepared and still had lots of doubts during the test. | Pytania wprowadza³y w zak³potanie- by³em dobrze przygotowany, a mimo to podczas testu mia³em mnóstwo w±tpliwo¶ci.

I'm afraid she's too timid to cope with the aggressive behaviour of her class mates. | Obawiam siê, ¿e jest zbyt boja¼liwa, ¿eby poradziæ sobie z agresywnym zachowaniem swoich kolegów z klasy.

Tomy's futile attempts to find  a decent job have made him completely upset. | Bezowocne próby znalezienia przyzwoitej pracy kompletnie dobi³y Tomy'ego.

The view astounded us. | Ten widok nas zadziwi³.

Victims were trying to make their way through the debris. | Ofiary próbowa³y torowaæ sobie drogê w¶ród gruzów.

Her interference in my business annoyed me. | Zez³o¶ci³o mnie, ¿e wtr±ci³a siê w moje sprawy.

The way my ex-husband is trying to distress me is really hard to bear. | Naprawdê trudno znie¶æ to, jak mój by³y m±¿ próbuje mnie unieszczê¶liwiæ.

Who's that queer guy that came with Ann? | Kim jest ten dziwaczny facet, który przyszed³ z Ann?

My guests from Germany were surprised to see a real plough in the field in Poland. | Moi go¶cie z Niemiec byli zdumieni na widok prawdziwego p³ugu na polskim polu.

My guests from Germany were surprised to see a real plough in the field in Poland. | Moi go¶cie z Niemiec byli zdumieni na widok prawdziwego p³ugu na polskim polu.

The polarity of their personalities must result in a conflict. | Ró¿nice ich osobowo¶ci musz± doprowadziæ do konfliktu.

You have a really becoming hat on, dear. | Masz na sobie bardzo twarzowy kapelusz, kochanie.

His latest film is a mediocre production. | Jego ostatni film to mierna produkcja.

That terrible cramp in the leg made me wake up several times during the night. | Ten okropny skurcz w nodze obudzi³ mnie kilka razy w ci±gu nocy.

That obstinate girl won't listen to me. Perhaps you could talk her out of the idea? | Ta uparta dziewczyna nie bêdzie mnie s³uchaæ. Mo¿e ty wyperswadujesz jej ten pomys³?

I saw his still life at the exhibition. | Widzia³em jego martw± naturê na wystawie.

Henry's a newcomer to the area and doesn't know how to move around. | Henry jest w tej okolicy nowy i nie bardzo wie, jak siê tu poruszaæ.

Her facility for languages made her decide on a job as an interpreter at a very early stage of her life. | Jej talent do jêzyków sprawi³, ¿e zdecydowa³a siê na pracê w charakterze t³umacza bardzo wcze¶nie.

Though Jim finds his job hazardous, he wouldn't change it for any other. | Chocia¿ Jim uwa¿a swoj± pracê za niebezpieczn±, nie zamieni³by jej na ¿adn± inn±.

Don't you understand you're not going to get rid of those hard-bitten journalists? | Nie rozumiesz, ¿e nie pozbêdziesz siê tych zawziêtych dziennikarzy?

The policemen were wearing bulletproof vests. | Policjanci mieli na sobie kamizelki kuloodporne.

It turned out the boy's family were living in a rundown dwelling in the suburbs. | Okaza³o siê, ¿e rodzina ch³opca mieszka³a w zapuszczonym domu na przedmie¶ciach.

I wonder what impressed you so much. His speech was nothing but shallowness. | Dziwiê siê, co wywar³o na tobie takie wra¿enie. Jego przemówienie to sama p³ycizna.

Faint light shimmered in the dark. | S³abe ¶wiat³o migota³o w ciemno¶ci.

They noticed something just below the shimmery surface of water. | Zauwa¿yli¶my co¶ tu¿ pod migotliw± powierzchni± wody.

Helen left the meal untouched. | Helen pozostawi³a nietkniêty posi³ek.

His deeds were completely unpredictable. | Jego poczynania by³y zupe³nie nieprzewidywalne.

The country enjoyed a long period of prosperity. | Kraj cieszy³ siê d³ugim okresem dobrobytu.

Your mother was a big-hearted woman. | Twoja matka by³a kobiet± wielkiego serca.

If you drive that byway, it may take longer but you won't get lost. | Je¶li pojedziesz t± drog± boczn±, mo¿e ci to zabraæ wiêcej czasu, ale nie zab³±dzisz.

Tom's a bigheaded boy- it's hard to stand his behaviour. | Tom jest przem±drza³y- trudno znie¶æ jego zachowanie.

Will these kids forever josh the teacher about her tousled hair? | czy te dzieciaki nigdy nie przestan± siê nabijaæ z potarganych w³osów nauczycielki?

The idea to buy some throwaway plates to use at the party turned out really brilliant. | Pomys³, ¿eby na imprezê kupiæ trochê jednorazowych talerzy okaza³ siê faktycznie ¶wietny.

Actually, the bulk of the screenplay is worthless. | W rzeczywisto¶ci wiêkszo¶æ scenariusza jest bezwarto¶ciowa.

The Little Witch was punished for taking part in the covet without permission. | Malutka Czarownica zosta³a ukarana za udzia³ w sabacie bez pozwolenia.

He drinks to excess, which worries me. | On pije bez umiaru, co mnie martwi.

Praising the girl excessively won't do any good. | Je¶li bêdzie siê tê dziewczynkê chwaliæ nadmiernie, nie wyjdzie to na dobre.

She was summoned as an eyewitness. | Zosta³a wezwana jako ¶wiadek naoczny.

How many more times do I have to tell you not to trust that fabler? | Ile razy mam ci mówiæ, ¿eby¶ nie wierzy³ temu blagierowi?

At times she has problems with understanding figurative language. | Czasem ma problemy ze zrozumieniem jêzyka metaforycznego.

Bad weather is an important factor in road accidents. | Z³a pogoda to istotny czynnik w wypadkach drogowych.

I really enjoyed the excursion. | Naprawdê podoba³a mi siê ta wycieczka.

The politician's popularity declined after his decision. | Popularno¶æ polityka zmniejszy³a siê po podjêtej przez niego decyzji.

I don't understand why you ridiculed my idea. | Nie rozumiem, dlaczego wy¶mia³e¶ mój pomys³.

Henry seemed aloof, but in fact he just didn't know anybody at the party. | Henry wydawa³ siê pe³en rezerwy, ale tak naprawdê po prostu nie zna³ nikogo na przyjêciu.

She was wrong to buy those shares as a buffer against future inflation. | ¯le post±pi³a, kupuj±c te akcje jako zabezpieczenie przed przysz³± inflacj±.

Don't distract me from my work. | Nie odrywaj mnie od pracy.

The great mammal emerged from water. | Ten ogromny ssak wynurzy³ siê z wody.

Our employees enjoy a wide range of benefits. | Nasi pracownicy otrzymuj± wiele ró¿nych dodatków.

On-line shopping has a great impact on traditional stores. | Zakupy przez Internet maj± du¿y wp³yw na tradycyjne sklepy.

I know nothing of the formalities I should go through. | Nie mam pojêcia o formalno¶ciach, których powinienem dope³niæ.

She wasn't aware of the onerous duties she was going to face. | Nie zdawa³a sobie sprawy z uci±¿liwych obowi±zków, którym mia³a stawiæ czo³a.

Both her children are really placid and cheerful. | Jej dzieci s± bardzo spokojne i pogodne.

She complained of a nagging headache. | Narzeka³a na dokuczliwy ból g³owy.

The moment we approached the boys, they were bantering and laughing. | W chwili, gdy podeszli¶my do ch³opców, ¿artowali sobie i ¶miali siê.

He will pay them back for the calumny. | On im odp³aci za tê kalumniê.

Sandra's concern for her children's health overrides everything else. | Troska sandry o zdrowie jej dzieci przes³ania jej wszystko inne.

The soldiers were told to be vigilant. | dziano ¿o³nierzom, ¿eby byli czujni.

I wish you weren't such a scatterbrain. | Szkoda, ¿e jestes taki roztrzepany.

The journalist was eager to probe the reasons for the state of affairs. | Dziennikarz bardzo chcia³ zbadaæ przyczyny stanu rzeczy.

Tim gazed fixedly at Mary, without a single word. | Tim niewzruszenie wpatrywa³ siê w Mary, nie mówi±c ani s³owa.

My aunt planted some odorous flowers. | Moja ciotka posadzi³a wonne kwiaty.

Her judgement is one-sided and I won't let others think the same. | Jej os±d jest jednostronny i nie pozwolê, by inni my¶leli tak samo.

I would like him if he wasn't so cocksure. | Lubi³bym go, gdyby nie by³ tak zarozumia³y.

The employees outraged at the new policy. | Pracownicy oburzyli siê na nowe rozporz±dzenie.

I got sore feet after the long walk. | Po d³ugim spacerze rozbola³y mnie nogi.

If you're so forgetful at work, don't expect great results. | Nie spodziewaj siê ¶wietnych wyników, skoro jeste¶ taki zapominalski podczas pracy.

Sandra's parents applauded her decision to stay. | Rodzice Sandry przyklasnêli jej decyzji ¿eby zostaæ.

Her dauhter is said to be susceptible to infections. | Mówi±, ¿e jej córka jest podatna na infekcje.

Sally is planning a civil servant career. | Sally planuje karierê jako urzêdnik pañstwowy.

Civic authorities have faced a serious conflict. | W³adze miejskie stanê³y w obliczu powa¿nego konfliktu.

Claimants of the benefit are getting stronger every day as a group. | Osoby roszcz±ce sobie prawo do tego zasi³ku z dnia na dzieñ sta± siê silniejsz± grup±.

I wish I hadn't downloaded this game. It proved so addictive I'm losing all my free time. | ¯a³ujê, ¿e ¶ci±gn±³em tê grê. Okaza³a siê tak uzale¿niaj±ca, ¿e tracê ca³y swój wolny czas.

We watched the rabbit crunch carrots. | Patrzyli¶my na królika chrupi±cego marchewkê.

He has always been a light-fingered guy. | Zawsze by³ z³odziejem.

They brought some colourful placards to put them on the wall. | Przynie¶li kolorowe plakaty, ¿eby rozwiesiæ je na ¶cianie.

The boss concluded no further training was necessary. | Szef doszed³ do wniosku, ¿e dalsze szkolenie nie jest konieczne.

The politicians words in the interview were equivocal. | Wypowied¼ poltyka w wywiadzie by³a niejednoznaczna.

The politician's words in the interview were equivocal. | Wypowied¼ poltyka w wywiadzie by³a niejednoznaczna.

She's only had a morsel of bread today. | Zjad³a dzi¶ tylko kês chleba.

thriveto be very succesful or beneficial; to grow quickly; prosperowaæ, kwitn±æTheir business used to thrive a decade ago. | Ich interesy kwit³y dekadê temu.

The children were collecting minute shells and stones. | Dzieci zbiera³y maleñkie muszelki i kamyczki.

The class were disconsolate when the trip was cancelled. | Klasa by³a niepocieszona, kiedy wycieczka zosta³a odwo³ana.

They trudged slowly all night long. | Szli powoli i z mozo³em ca³± noc.

The frenetic pace of their work surprised me- the team used to be rather slow. | Szaleñcze tempo ich pracy zdziwi³o mnie- ten zespó³ pracowa³ wcze¶niej raczej powoli.

The treatise discussing the problem of equity belongs to his major works. | Traktat omawiaj±cy problem sprawiedliwo¶ci nale¿y do jego najwiêkszych dzie³.

Deafening sounds of techno music made our conversation impossible. | Og³uszaj±ce d¼wiêki muzyki techno uniemo¿liwi³y nam rozmowê.

The whole country was engulfed in chaos. | Ca³y kraj by³ pogr±¿ony w chaosie.

The whole country was engulfed in chaos. | Ca³y kraj by³ pogr±¿ony w chaosie.

It must have been a crawly experience. | To do¶wiadczenie musia³o przyprawiaæ o gêsi± skórkê.

Her choosiness isn't easy to bear. | Nie³atwo znie¶æ jej wybredno¶æ.

Have you discussed all the possible contingencies? | Czy omówili¶cie wszystkie mo¿liwe ewentualno¶ci?

Suzie always makes up a contingency plan! | Suzie zawsze obmysla plan awaryjny!

There were some soldiers who had been contingently trapped during the expedition. | By³o tam kilku ¿o³nierzy, którzy przypadkowo wpadli w pu³apkê podczas wyprawy.

It took over half an hour for the convoy to leave the jammed area. | Ponad pó³ godziny zajê³o konwojowi opuszczenie zat³oczonej okolicy.

Her coolness was really impressive. | Jej spokój robi³ du¿e wra¿enie.

Henry's always been a boastful boy. | Henry zawsze by³ zarozumia³y.

Will you please follow me to the boardroom? | Pozwoli pan ze mn± do sali posiedzeñ?

Let's have a walk at the boardwalk. | Przejd¼my siê po promenadzie.

Jenny would be a perfect travel companion. | Jenny by³aby idealn± towarzyszk± podró¿y.

The content of the proclamation made people anxious. | Tre¶æ obwieszczenia zaniepokoi³a ludzi.

Eventually, he ended up as a deportee. | W koñcu zosta³ deportowany.

The students' behaviour was deplored. | Zachowanie uczniów zosta³o potêpione.

Each player moves clockwise, throwing the dice twice each turn. | Gracze poruszaj± siê zgodnie z ruchem wskazówek zegara, rzucaj±c kostk± dwukrotnie w ka¿dej kolejce.

The young athlete attained exceptional physical fitness. | M³ody sportowiec osi±gn±³ wyj±tkow± sprawno¶æ fizyczn±.

The news exhilarated the whole family. | Wiadomo¶æ uradowa³a ca³± rodzinê.

The cartoon is really hilarious. | Ten dowcip rysunkowy jest rzeczywi¶cie szalenie zabawny.

They decided to establish a business. | Postanowili za³o¿yæ przedsiêbiorstwo.

The guys were arrested during a riot. | Ci mê¿czy¼ni zostali aresztowani podczas zamieszek.

I had an impression she was sort of perplexed. | Odnios³em wra¿enie, ¿e by³a nieco zak³opotana.

Her enviable career started when she was a child. | Jej godna pozazdroszczenia kariera zaczê³a siê, gdy by³a dzieckiem.

I hope the discussion will be balanced as usual. | Mam nadziejê, ¿e dyskusja bêdzie jak zwykle wywa¿ona.

Jim's an asocial, unkind guy. | Jim to nietowarzyski i niemi³y facet.

Your asinine remarks won't make me stop doing what I think is right. | Twoje durne uwagi nie odwiod± mnie od tego, co uwa¿am za s³uszne.

To my surprise, Sheila said she had always aspired to become an actress. | Ku mojemu zdumieniu Sheila stwierdzi³a, ¿e zawsze d±¿y³a do tego, by zostaæ aktork±.

They were listening really attentively. | S³uchali bardzo uwa¿nie.

Backpacking used to be our favourite way of spending leisure. | Turystyka piesza by³a naszym ulubionym sposobem spêdzania wolnego czasu.

Brevity is what counts in your essays. | W twoich wypracowaniach liczy siê zwiêz³o¶æ.

Aunt Helen made the bridecake herself. | Ciocia Helen sama zrobi³a tort weselny.

In my opinion, we omitted crucial aspects of the issue. | Moim zdaniem pominêli¶my zasadnicze aspekty problemu.

I love crunchy vegetables. | Uwielbiam chrupi±ce warzywa.

He's always been really chary whatever he was doing. | Zawsze by³ bardzo rozwa¿ny, cokolwiek robi³.

I've seen this beggar before- he was foraging for food in a bin. | Widzia³em ju¿ wcze¶niej tego ¿ebraka- poszukiwa³ jedzenia w ¶mietniku.

The reasons why villagers abandoned this site remain unclear. | Przyczyny, dla których wie¶niacy porzucili to miejsce pozostaj± niewyja¶nione.

Jack is so witty! | Jack jest taki b³yskotliwy!

A snack will make you feel better. | Przek±ska poprawi ci samopoczucie.

Her daughter is pampered and naughty. | Jej córka jest rozpieszczona i niezno¶na.

Kim was a very sensuous woman. | Kim by³a bardzo zmys³ow± kobiet±.

Lots of counterfeited tools can be bought at bazaars. | Na bazarach mo¿na kupiæ mnóstwo podrobionych narzêdzi.

The exhibition left us breathless. | Wystawa zapiera³a nam dech w piersiach.

The decision to dispatch the troops to the area is at least controversial. | Decyzja o wys³aniu wojsk na ten teren jest co najmniej kontrowersyjna.

He staggered and fell down. | Zachwia³ siê i upad³.

He was trying to blackmail the whole family. | Próbowa³ zaszanta¿owaæ ca³± rodzinê.

I found a really tricky question in an FCE paper. | Znalaz³em bardzo trudne pytanie w egzaminie FCE.

She brought an armful of flowers. | Przynios³a narêcze kwiatów.

Artificial ingredients are unhealthy. | Sztuczne sk³adniki s± niezdrowe.

I never have all the necessary ingredients to make a cake! | Nigdy nie mam wszystkich potrzebnych sk³adników, ¿eby zrobiæ ciasto!

It is arguable how this issue should be solved. | Jest spraw± dyskusyjn±, jak rozwi±zaæ tê kwestiê.

Are they going to apprehend the science? | Czy oni pojm± tê naukê?

The pain was really hard to endure. | Trudno by³o wytrzymaæ ten ból.

I admire him for the worthy calling he has chosen. | Podziwiam go za godn± szacunku profesjê, któr± wybra³.

So how long have you been a veggie? | To od jak dawna jestes wegetarianinem?

The rose turned dusky red. | Róza zmieni³a kolor na ciemnoczerwony.

Alice greeted us with an exaggerated smile. | Alice powita³a nas przesadnie siê u¶miechaj±c.

The hint was helpful enough for me to win the game. | Wskazówka by³a na tyle pomocna, ¿e wygra³em grê.

Little Kate was watching buds of the flowers in the garden and asked lots of questions about plants. | Ma³a Kate obserwowa³a p±czki kwiatów w ogrodzie i zada³a mnóstwo pytañ o ro¶liny.

The young criminal was depicted as a wretched creature. | M³odego przestepcê opisano jako nêdzne stworzenie.

When she was leaving, a small bundle was all she possessed. | Kiedy odchodzi³a, posiada³a tylko ma³e zawini±tko.

After the fire the town was rebuilt in a charmless way. | Po po¿arze miasteczko odbudowano bez wdziêku.

There was a noise outside and a loud thumping. | Na zewn±trz by³ ha³as i g³o¶ne grzmotniêcie.

That flat resembles the one I used to live in. | Tamto mieszkanie przypomina to, w którym kiedy¶ mieszka³em.

She sighed to signify how worried she was. | Westchnê³a daj±c do zrozumienia, jak bardzo siê martwi.

Sometimes he wished his daily life was orderly and peaceful. | Czasami wola³, ¿eby jego ¿ycie codzienne by³o zorganizowane i spokojne.

He claimed the girl was innocent. | Twierdzi³, ¿e dziewczyna jest niewinna.

I saw her sitting at her desk, gnawing a pencil, unable to put a word to paper. | Zobaczy³em j±, jak siedzi przy biurku, obgryza o³ówek, niezdolna do napisania s³owa.

The meal consisted of overcooked vegetables and some awful meat. | Posi³ek sk³ada³ siê z rozgotowanych jarzyn i okropnego miêsa.

It is essential that the project is finished on time. | Jest spraw± zasadnicz±, ¿eby projekt zosta³ skoñczony w terminie.

Mike has not yet accustomed himself to new conditions. | Mike nie przyzwyczai³ siê jeszcze do nowych warunków.

I guess she does it routinely. | S±dzê, ¿e robi to rutynowo.

Sally was unhappy to find an ugly blotch on her face. | Sally by³a nieszczê¶liwa, kiedy zobaczy³a, ¿e na twarzy ma brzydk± krostê.

With some patients certain inexplicable alterations of the personality could be observed. | U niektórych pacjentów zauwa¿yæ mo¿na by³o pewne niewyt³umaczalne zmiany osobowo¶ci.

It sometimes makes me worried, really. She's so credulous and naive. | Czasem naprawdê siê tym martwiê. Ona jest taka ³atwowierna i naiwna.

Our friends chose to stay in a lushly equipped suite. | Nasi znajomi postanowili zatrzymaæ siê w luksusowo wyposa¿onym apartamencie.

But for the life belt I wouldn't have survived. | Nie prze¿y³bym, gdyby nie ko³o ratunkowe.

The terms were quite favourable. | Warunki byly ca³kiem korzystne.

The boss was well-disposed towards you- why are you complaining about her decision? | szefowa by³a ci przychylna- dlaczego narzekasz na jej decyzjê?

His turgid style dicouraged me from further reading. | Jego ciê¿ki styl zniechêci³ mnie do dalszej lektury.

Ann's can-do attitude always makes me feel more confident. | Optymistyczne nastawienie Ann zawsze dodaje mi pewno¶ci siebie.

All Tim's girlfriends were short and plump. | Wszystkie dziewczyny Tim'a by³y niskie i pulchne.

John's such a nuisance!  | Utrapienie z tym John'em!

Well, he was short, corpulent and dressed neatly. | No wiêc by³ niski, korpulentny i schludnie ubrany.

She made a defensive gesture as if she were scared. | Zrobi³a obronny gest jakby siê ba³a.

She's so different from her mother, who's a ladylike woman. | Tak bardzo ró¿ni siê od swojej matki, która jest bardzo wytworn± kobiet±.

All she said is fable! | To, co mówi³a, to bajki!

The lecturer was talking with a fixed smile. | Wyk³adowca mówi³ z u¶miechem przylepionym do twarzy.

In spite of her past experiences, Meg sometimes tends to be gullible as a child. | Mimo do¶wiadczeñ z przesz³o¶ci Meg zdarza siê byæ naiwn± jak dziecko.

I need some sliced cheese- could you help me? | Potrzebujê sera w plasterkach- pomo¿esz mi?

The crowds were incited to protest. | T³umy zota³y podburzone do protestu.

The crowds were incited to protest. | T³umy zosta³y podburzone do protestu.

The device was made of durable materials. | Urz±dzenie wykonano z trwa³ych materia³ów.

They have designed some hideous buildings. | Zaprojektowali jakie¶ paskudne budynki.

Has Helen always been so indecisive?  | Czy Helen zawsze by³a taka niezdecydowana?

flatlyin a flat voice; firmly;  | bezbarwnym g³osem; stanowczo

Our relations have become strained, which worries me a lot. | Nasze stosunki sta³y siê napiête, co bardzo mnie martwi.

I need a dust cover for my printer. | Potrzebujê pokrowca na drukarkê.

The teacher told me to rephrase my work. | Nauczyciel kaza³ mi przeredagowaæ pracê.

Who do you think you are? You're such a do-nothing and you dare to criticize others! | Za kogo siê masz? Jeste¶ takim nierobem i ¶miesz krytykowac innych!

After the plot was uncovered, the king was actually safe. | Po odkryciu spisku król by³ w³a¶ciwie bezpieczny.

When she heard the dreaded noises, she ran away. | Kiedy us³ysza³a straszne odg³osy, uciek³a.

She resumed speaking after a while. | Po chwili znów zaczê³a mówiæ.

She resumed speaking after a while. | Po chwili znów zaczê³a mówiæ.

She resumed speaking after a while. | Po chwili znów zaczê³a mówiæ.

She tried to find consolation in compulsive shopping. | Próbowa³a znale¼æ pocieszenie w trudnych do zaprzestania zakupach.

She tried to find consolation in compulsive shopping. | Próbowa³a znale¼æ pocieszenie w trudnych do zaprzestania zakupach.

Sally must be preparing a toothsome meal- can you smell it? | Sally z pewno¶ci± przygotowuje jaki¶ smakowity posi³ek- czujesz, jak pachnie?

Her daughter was shivery and had a headache. | Jej córka mia³a dreszcze i bola³a j± g³owa.

Betty was a light-footed dancer. | Betty by³a lekko poruszaj±c± siê tancerk±.

I'm housebound this week- it's flu. | Muszê siedzieæ w domu w tym tygodniu- to grypa.

You must have misheard what she really said. | Musia³e¶ ¼le us³yszeæ to, co powiedzia³a naprawdê.

Micheal is feeling a bit disheartened, so we should help him. | Michael czuje siê trochê zniechêcony, wiêc powinni¶my mu pomóc.

We really didn't expect such a downpour! | Naprawdê nie spodziewali¶my siê takiej ulewy!

When my daughter was five, she used to tell stories about imaginary creatures. | Kiedy moja córka mia³a piêæ lat, opowiada³a historyjki o zmyslonych stworzeniach.

How long is he going to remain unpunished? Lawbreaking is what he got really used to! | Jak d³ugo pozostanie bez kary? Naprawdê przywyk³ do ³amania prawa!

Her behaviour was just bearable. | Jej zachowanie by³o zno¶ne.

hardcovera book edited in hard covers;  | ksi±¿ka w twardej oprawie; wydanie ksi±¿ki w twardej oprawie

Chop the meat and I'll prepare the sauce. | Posiekaj miêso, a ja przygotujê sos.

She turned out a heartless person indeed. | Naprawdê okaza³a siê osob± bez serca.

She was staring at me hostilely at first. | Z pocz±tku wpatrywa³a siê we mnie nieprzyja¼nie.

The description was rather imprecise. | Opis by³ do¶æ nieprecyzyjny.

Those oppressive thoughts make me feel so uncomfortable I can't sleep at night. | Te przyt³aczaj±ce mysli sprawiaj±, ¿e czujê siê tak nieprzyjemnie, ¿e nie mogê spaæ po nocach.

Check how to get to the beltway. | Sprawd¼, jak dostaæ siê do obwodnicy.

Her knowledge of the subject is incomparably more thorough. | Jej wiedza na temat tego tematu jest nieporównywalnie bardziej dog³êbna.

He was kidnapped for ransom. | Zosta³ porwany dla okupu.

It was a compulsory piece of homework, unlike the other exercises. | To by³a obowi±zkowa praca domowa w przeciwieñstwie do pozosta³ych æwiczeñ.

I must admit I always find giveaways very attractive, which makes me spend too much money sometimes. | Muszê przyznaæ, ¿e upominki do³±czane do zakupów s± dla mnie zawsze bardzo atrakcyjne, przez co czasem wydajê za du¿o pieniêdzy.

Sheila is really dedicated to her new work. | Sheila naprawdê jest oddana swojej nowej pracy.

She's so sensitive and fragile. | Jest taka wra¿liwa i delikatna.

Sarah likes such creepy movies. | Sarah lubi takie straszne filmy.

Don't wash this jumper or it's going to shrink. | Nie pierz tego swetra, bo siê skurczy.

As a child I loved looking at things with my grandma's magnifying glass. | Jako dziecko uwielbia³em ogl±daæ rzeczy przez lupê mojej babci.

Terrible work conditions, dreary atmosphere, low wages you get here- you can call it exploitation! | Okropne warunki pracy, przygnêbiaj±ca atmosfera, niskie pobory, jakie tutaj siê dostaje- mo¿na to nazwaæ wyzyskiem!

I could see her beautiful flaming red hair from a distance. | Z oddali zauwa¿y³em jej piêkne p³omiennie rude w³osy.

All his girlfriends were pale and freckled. | Wszystkie jego dziewczyny by³y blade i piegowate.

If you're coming, bring some danceable CDs! | Je¶li przychodzicie, wexcie ze sob± jakie¶ p³yty nadaj±ce siê do tañczenia!

If you're coming, bring some danceable CDs! | Je¶li przychodzicie, wexcie ze sob± jakie¶ p³yty nadaj±ce siê do tañczenia!

Sally has changed recently. She's studying books on methods of divination. Moreover, hardly ever does she talk to anybody. | Sally zmieni³a siê ostatnio. Studiuje ksi±¿ki o metodach wró¿enia. Co wiêcej, prawie nigdy z nikim nie rozmawia.

The advert says your skin will be supple as never before if you use this body balm. | W reklamie mówi±, ¿e po u¿yciu tego balsamu do cia³a twoja skóra stanie siê elastyczna jak nigdy.

I hope we'll finally have a decent meal. | Mam nadziejê, ¿e wreszcie zjemy przyzwoity posi³ek.

She went missing for a fortnight and was eventually found at a hotel in Los Angeles | Nie by³o jej przez dwa tygodnie, a¿ w koñcu znaleziono j± w hotelu w Los Angeles.

Even though the conditions were pretty hard, she was uncomplaining and cheerful. | Mimo ¿e warunki by³y naprawdê ciê¿kie, by³a cierpliwa i pogodna.

He mounted up the stairs with effort. | Z wysi³kiem wdrapa³ siê na górê.

I think the contrary, if you ask me. | Je¶li o mnie chodzi, my¶lê zupe³nie odwrotnie.

I've got to rush- they must be waiting. | Muszê pêdziæ- oni na pewno czekaj±.

I'm really exhausted. Don't expect I'll go with you. | Jestem naprawdê wyczerpany. Nie oczekuj, ¿e pójdê z tob±.

She slipped and broke her arm when the mugger attacked her. | Kiedy zaatakowa³ j± uliczny rabu¶, po¶lizgnê³a siê i z³ama³a rêkê.

You're not allowed to enter here without a crash helmet. | Nie wolno ci tu wchodziæ bez kasku ochronnego.

Who's that pimpled guy? | Kim jest ten pryszczaty facet?

Sally has always been an open-minded person. | Sally zawsze by³a otwart± osob±.

Although it was very cold, he left bareheaded. | Choæ by³o bardzo zimno, wyszed³ z go³± g³ow±.

Remember that it's a long-acting painkiller. | Proszê pamiêtaæ, ¿e to ¶rodek przeciwbólowy o przed³u¿onym dzia³aniu.

Ian was a very humble man. | Ian by³ bardzo skromnym cz³owiekiem.

His laconic replies are insufficient. | Jego lakoniczne odpowiedzi by³y niewystarczaj±ce.

She holds some fanciful beliefs about relationships. | Ona ma pewne wyssane z palca przekonania o zwi±zkach.

She tends to be satisfied with easy tasks. She should be given a challenging one to develop her skills. | Ona na ogó³ zadawala siê ³atwymi zadaniami. Powinno siê daæ jej jakie¶ ambitne, ¿eby mog³a rozwijaæ swoje umiejêtno¶ci.

It was one of those days when the entire life seemed a complete failure to her. | To by³ jeden z tych dni, kiedy ca³e ¿ycie wyda³o jej siê zupe³n± pora¿k±.

His words were followed by nothing but deathly silence. | Po jego s³owach nast±pi³a jedynie grobowa cisza.

It's a shame Mike's such a habitual liar. | Szkoda, ze Mike jest takim notorycznym k³amc±.

You have left your cigarettes in the glove compartment. | zostawi³e¶ papierosy w schowku.

Her neighbour called her a bold-faced girl. | S±siadka nazwa³a j± zuchwa³± dziewuch±.

Tim's a very practical boy- he's mended lots of things around the house. | Tim jest bardzo praktycznym ch³opcem- naprawi³ w domu mnóstwo rzeczy.

The whole issue appears much more complex than it really is. | Ca³a ta sprawa wydaje siê znacznie bardziej z³o¿ona ni¿ jest w rzeczywisto¶ci.

I couldn't stand that noismoe smell. | Nie mog³em znie¶æ tego przykrego zapachu.

Where should I type in the recipient's name? | Gdzie powinienem wpisaæ nazwisko odbiorcy?

Without that data we won't be able to estimate how many people are needed. | Bez tych danych nie bêdziemy mogli oszacowaæ, ilu ludzi potrzeba.

She's made notable progress since September. | Zrobi³a znacz±ce postêpy od wrze¶nia.

In spite of my doubts, the singer turned out a perfect interviewee witty, charming and open. | Mimo moich obaw, piosenkarz okaza³ siê idealn± osob± do udzielenia wywiadu b³yskotliw±, czaruj±c± i otwart±.

Actually, he was willing to employ a school leaver. | Tak naprawdê to chcia³ zatrudniæ absolwenta.

This minority is trying to preserve their language. | Ta mniejszo¶æ stara siê zachowaæ swój jêzyk.

It's stupid to think that sport is a male preserve. | G³upot± jest uwa¿aæ sport za domenê mê¿czyzn.

I love ripe strawberries. | Uwielbiam dojrza³e truskawki.

Her girlish laugh could be heard from a distance. | Z daleka s³ychaæ by³o jej dziewczêcy ¶miech.

The police are investigating the case. | Policja bada teraz tê sprawê.

Her first novel was a real masterpiece. | Jej pierwsza powie¶æ by³a prawdziwym arcydzie³em.

Swallow the pill now. | Po³knij teraz pigu³kê.

She turned out a vain, self-interested person. | Okaza³a siê pró¿n±, interesown± osob±.

The teachers decided that the pupils should be severely punished. | Nauczyciele postanowili surowo ukaraæ uczniów.

Kelly is expected to assist the manager during the conference. | Kelly ma asystowaæ dyrektorowi podczas konferencji.

Though he read the document thoroughly, he didn't notice a serious mistake. | Chocia¿ dok³adnie przeczyta³ dokument, nie zauwa¿y³ powa¿nej pomy³ki.

The robber was finally captured. | Z³odziej zosta³ w koñcu pojmany.

Tony blushed when he saw his ex. | Tony zarumieni³ siê, kiedy zobaczy³ swoj± by³±.

Sheila has neglected her duties. | Sheila zaniedba³a swoje obowi±zki.
